======================== Summary ========================

Excluded 1 buildings from processing (reason: Unknown ALKIS code: 2620)
Excluded 1 buildings from processing (reason: Unknown ALKIS code: 2621)
Excluded 13 buildings from processing (reason: Unknown ALKIS code: 1610)
Excluded 1 buildings from processing (reason: Building volume is smaller than required (0.0 m³))
Excluded 487 buildings from processing (reason: Missing year of construction)
Excluded 3 buildings from processing (reason: Unknown ALKIS code: 2000)
Excluded 4 buildings from processing (reason: Unknown ALKIS code: 2054)
Excluded 2 buildings from processing (reason: Unknown ALKIS code: 2200)
Excluded 1 buildings from processing (reason: Unknown ALKIS code: 2540)


================ Excluded buildings lists ===============

Excluded 1 buildings from processing (reason: Unknown ALKIS code: 2620)

# GML ID [-];Volume [m3];Footprint area [m2];X [m];Y [m];Original ID
DEBE3D04YY50000Out;345,50;114,94;385391,56400;5821013,75550;-


Excluded 1 buildings from processing (reason: Unknown ALKIS code: 2621)

# GML ID [-];Volume [m3];Footprint area [m2];X [m];Y [m];Original ID
DEBE3D04YY50000Nti;46,19;19,05;385021,19800;5821380,46550;-


Excluded 13 buildings from processing (reason: Unknown ALKIS code: 1610)

# GML ID [-];Volume [m3];Footprint area [m2];X [m];Y [m];Original ID
DEBE3D04YY50002cL7;31,88;11,28;385084,30750;5821375,05050;-
DEBE3D04YY50002cOx;36,55;2,86;385185,85400;5821189,47450;-
DEBE3D04YY50002bf6;29,32;10,43;385099,43550;5821273,81500;-
DEBE3D04YY50002cGe;24,20;8,45;385081,24400;5821422,33200;-
DEBE3D04YY50002bzH;31,54;11,31;385093,24350;5821342,26150;-
DEBE3D04YY50002d0K;30,61;10,53;385102,88800;5821240,08550;-
DEBE3D04YY50002ciJ;31,67;11,61;385101,22150;5821256,95550;-
DEBE3D04YY50002cal;33,31;11,69;385079,89400;5821391,40550;-
DEBE3D04YY50002coP;150,98;42,15;385393,79000;5821009,10850;-
DEBE3D04YY50002co9;31,40;10,99;385097,78350;5821290,79450;-
DEBE3D04YY50002c2v;20,52;6,91;385088,27500;5821361,48750;-
DEBE3D04YY50002bX7;111,39;23,24;385175,10000;5821059,45950;-
DEBE3D04YY50002btv;105,11;20,28;385200,49100;5821119,10500;-


Excluded 1 buildings from processing (reason: Building volume is smaller than required (0.0 m³))

# GML ID [-];Volume [m3];Footprint area [m2];X [m];Y [m];Original ID
DEBE3D04YY50002cEf;0,00;3,59;385847,52250;5821502,26850;-


Excluded 487 buildings from processing (reason: Missing year of construction)

# GML ID [-];Volume [m3];Footprint area [m2];X [m];Y [m];Original ID
DEBE3D01YYK0003VJA;97,19;18,90;385694,86000;5821897,00000;-
DEBE3D00YYdM00008z;146,46;30,93;385189,18350;5821319,17650;-
DEBE3Da92O8U9gcp;150,39;28,04;385878,57550;5821401,27300;-
DEBE3Df0Rzsf09mP;612,95;127,75;385731,06400;5821741,37450;-
DEBE3DCEM1d0yEcU;268,11;37,30;385685,06050;5821824,72050;-
DEBE3DIGQKyqJx9S;4727,36;225,37;385799,68650;5821179,29000;-
DEBE3D01YYK0003U9a;43,65;10,87;385673,93600;5821774,31950;-
DEBE3DgRmnRC4ry4;648,37;33,77;385880,38350;5821338,69950;-
DEBE3DD92OnuCW9W;4052,14;213,57;385738,94900;5821336,36300;-
DEBE01YYK0003U83_01;15,30;5,10;385887,44850;5821942,66700;-
DEBE3D04YY50000Mw0;239,35;65,44;385144,13550;5821429,44800;-
DEBE3DhPMPk1sMWV;8815,61;800,47;385304,05800;5821356,12950;-
DEBE04YY500008Fe_01;5,54;1,87;385348,87900;5821275,15300;-
DEBE3DOn8KJj4hsS;237,01;32,95;385692,71900;5821824,86650;-
DEBE3Dj701XsZ4aF;4163,51;201,03;385874,18100;5821308,40950;-
DEBE3D04YY50000EEG;531,28;132,76;385161,27200;5821757,86750;-
DEBE3D04YY500002Dk;107,20;30,24;385166,24750;5821805,94700;-
DEBE3DMejvPY2FkM;26841,11;2726,30;385156,52250;5821330,56750;-
DEBE3DTftT1WZQSs;2423,99;153,82;385914,90800;5821222,09450;-
DEBE3DEMrXocRBr4;2328,05;107,98;385861,69600;5821301,01350;-
DEBE3DiY1phuBdE6;624,62;87,54;385676,34300;5821819,90700;-
DEBE3DmzoXaz8unk;4684,61;232,82;385864,07200;5821439,66800;-
DEBE3D01YYK0003TdX;1545,38;137,98;385538,39150;5821748,12250;-
DEBE3DqvCE0uMoYM;4400,62;245,11;385772,50800;5821417,30300;-
DEBE3D04YY50000PeF;472,69;91,91;385141,01000;5821529,24550;-
DEBE3D04YY50002ca0;278,16;54,00;385234,46800;5821400,94600;-
UUID_c7abc143-4943-4fb6-aa9c-9bdd310002c3;4885,32;644,33;385399,29250;5821398,05300;-
DEBE3D01YYK0003UY2;556,57;78,66;385688,54250;5821819,91400;-
DEBE3D01YYK0003VhZ;504,23;127,01;385764,31650;5821096,78500;-
DEBE3D00YYdM00008y;253,69;53,88;385183,63200;5821344,57000;-
DEBE3D01YYK0002NIE;4644,94;752,24;385621,08600;5821807,53550;-
DEBE3DrUZKleT2Dp;1845,78;458,55;385244,60750;5821831,13100;-
DEBE3DbHNkN0qPrU;2815,12;127,80;385984,57650;5821178,14500;-
DEBE3DhUmdYvv42k;1955,60;223,43;385311,57450;5821450,83800;-
DEBE3D01YYK0003TvO;32881,51;4120,01;386001,42500;5821767,51350;-
DEBE3DWVWrVUn7vW;10,09;42,11;385749,14650;5821287,95100;-
DEBE3DBpoljRxxVN;4012,68;177,16;385734,96950;5821271,58650;-
DEBE3DD1UF3ih2k6;565,56;88,30;385711,05900;5821462,79800;-
DEBE3D01YYK0002NPG;161,98;36,32;385954,12850;5821574,16600;-
DEBE3DbiB5zBiwqR;848,16;38,35;385886,57350;5821267,24750;-
DEBE3DOTdS5e9wM9;4339,51;226,68;385748,72450;5821366,70350;-
UUID_88fc4715-848c-48c7-8fc8-cdee0f47d710;33217,06;2058,29;385758,62650;5821643,69900;-
DEBE3D01YYK0002RWe;2358,41;151,74;385802,77650;5821097,30150;-
DEBE3DYQ37FGMIt4;642,71;74,88;385809,35950;5821087,58950;-
DEBE04AL2vw0000q_02;18,96;6,64;385164,94050;5821241,81000;-
DEBE3D04YY50000Dkp;4,88;3,71;385160,70400;5821817,85850;-
DEBE04YY500005s6_02;54710,97;4792,39;385792,89450;5821517,25750;-
DEBE01YYK0002RDz_02;5666,59;931,47;385744,62350;5821141,57900;-
DEBE01YYK0002Pqk_01;232,99;11,12;385924,83750;5821106,77700;-
DEBE3D04YY50000L7H;860,70;101,40;385056,79250;5821060,64750;-
DEBE04YY500005s6_03;4690,04;469,57;385837,19300;5821529,67550;-
DEBE3D04YY50002bqh;90,41;22,25;385190,18700;5821403,77900;-
DEBE3D01YYK0002RU6;2563,91;333,41;385951,00300;5821705,36200;-
DEBE3DbFBEW5hb3Z;8068,05;393,75;385845,94550;5821393,72800;-
DEBE3DWJ4Xkp6WTV;1316,74;284,07;385891,41100;5821668,63150;-
DEBE3DN7oSaOuYxn;3414,83;185,65;385756,51400;5821174,76350;-
DEBE01YYK0002TpK_01;155,40;28,12;385886,54950;5821206,35100;-
DEBE3DLvtE2FEAny;4605,90;228,40;385841,58100;5821341,57250;-
DEBE3D04YY500006ii;323,21;114,62;385290,04900;5821307,00500;-
DEBE3D01YYK0003VlC;162,70;34,02;385763,40550;5821804,00450;-
DEBE3D04YY50002d0o;18,97;66,39;385055,53700;5821055,19000;-
DEBE3DAKkJII8uzt;38360,16;3170,52;385687,32550;5821861,03650;-
DEBE3D01YYK0003VYY;13697,21;1508,55;386029,93200;5821980,80400;-
DEBE3DXvvhH9GvvQ;5001,68;227,40;385768,70000;5821197,46950;-
DEBE04YY500005s6_01;4713,80;467,62;385667,56200;5821482,10600;-
DEBE3DcrmNvhrvyg;2073,23;105,78;385758,89100;5821354,19850;-
DEBE3DPTqbS3CaEE;664,97;120,97;385701,37700;5821622,66900;-
DEBE01YYK0002Sfe_01;721,87;32,08;385939,85700;5821170,37000;-
DEBE01YYK0002Noq_01;2440,83;323,85;386003,33850;5821700,25050;-
DEBE3DjFO3jIZ1th;1137,79;49,74;385865,93200;5821228,99150;-
DEBE3DtyOiyFcmUL;2123,80;99,91;385859,23250;5821373,58650;-
DEBE04YY500003W8_01;19174,61;1538,28;385469,68450;5821465,56600;-
DEBE3DiWSZ946gmM;32275,69;2932,30;385258,93250;5821350,14900;-
DEBE3D01YYK0003VGP;208,49;45,55;385965,60650;5821794,33950;-
DEBE01YYK0002Lzv_01;309,33;51,20;385717,55800;5821854,23500;-
DEBE3D04YY50002c0F;287,15;23,28;385005,08550;5821730,22600;-
UUID_ffa0f378-b79c-4547-a9bc-8650e62b10eb;6345,32;508,13;385662,70300;5821775,13850;-
DEBE3DSNpkp9BVqh;546,05;55,99;385756,61550;5821917,00800;-
DEBE3DDEqX1tKTmW;1868,56;87,38;385798,37500;5821164,19900;-
DEBE3D01YYK0002P8P;4208,66;226,56;385888,50500;5821194,47250;-
DEBE3D01YYK0002SCi;482,21;70,27;385822,03650;5821139,03750;-
DEBE3D01YYK0003UVt;189,41;41,38;385739,07650;5821799,22700;-
DEBE3DnskTb5N9jH;13857,17;1309,89;385650,70450;5821832,36850;-
DEBE04AL2vw0000q_01;2232,64;296,11;385150,99750;5821238,25350;-
DEBE3DDajbdZiILw;591,76;161,57;385188,24800;5821772,28150;-
DEBE3DnUUyGZ9Sqr;588,46;31,02;385748,10950;5821328,37600;-
DEBE3DFEBkLiCFkS;5552,13;243,70;385853,06750;5821234,01950;-
UUID_01d2c2a6-d962-4d13-96fa-09724253cf59;8465,12;570,70;385341,52450;5821296,71150;-
DEBE3D01YYK0002ReM;2836,51;137,14;385789,56000;5821324,83300;-
UUID_7260556f-f8d0-45e8-860d-73806657486f;296,72;38,51;385043,90400;5821050,40550;-
DEBE3DOqnn7sakQN;276,09;25,71;385765,18700;5821309,88250;-
DEBE3D04YY50000Afw;1462,42;292,86;385054,00600;5821021,23650;-
DEBE3DuFoUk3ImpY;4670,71;221,12;385749,04600;5821262,80250;-
DEBE3DvyyhkOvvrI;711,74;35,46;385899,47000;5821246,04350;-
UUID_62746662-3788-4d77-ace1-d47e7330e4c8;6427,27;414,72;385090,31350;5821175,30950;-
DEBE01YYK0002Lzv_02;84,06;18,23;385665,24000;5821891,92750;-
DEBE01YYK0002UdF_01;42,46;8,65;385720,66100;5821217,77100;-
DEBE3D01YYK0002QgA;2838,77;548,12;386021,45100;5821490,90500;-
DEBE01YYK0002Lzv_03;67,74;14,48;385674,98750;5821893,24950;-
DEBE3D01YYK0002Ot5;606,64;131,09;385894,58250;5821295,53600;-
DEBE3DNeRMejnUoX;878,13;100,55;385810,36350;5821100,62700;-
DEBE3DKIoutbtz33;4825,41;589,17;385982,00500;5821971,27250;-
DEBE3D01YYK0003TjE;3,61;51,65;385901,95850;5821089,56850;-
DEBE3D01YYK0003USK;800,56;140,00;385943,13500;5821100,86400;-
DEBE3D01YYK0002Lys;8,70;10,86;385754,06800;5821319,50350;-
DEBE3D04YY50002bZq;47,44;15,98;385185,00100;5821390,05350;-
DEBE3DvrPbMiLYPp;4906,41;235,12;385731,60300;5821361,99600;-
DEBE3D04YY50002bbG;32,53;11,58;385127,52000;5821401,08000;-
DEBE3DnKUDQPgWJk;277,22;29,57;385758,88550;5821932,18000;-
UUID_be8af26a-b71d-46eb-a47a-5c00fbdaec2e;2702,34;298,57;385372,75600;5821325,77000;-
DEBE3DzrZXuMtIWS;906,76;212,26;385891,75900;5821693,75900;-
DEBE3D01YYK0003TwT;14,95;3,96;385899,46700;5821881,04300;-
DEBE3DATKB100008KP;2615,35;0,00;385579,92150;5821555,78700;-
UUID_634e8ec1-3886-4287-be89-6fd70f5f00a3;7061,48;569,38;385869,97650;5821017,90650;-
DEBE3DTT6CmCqmS3;946,34;96,80;385129,22650;5821316,35950;-
DEBE3D01YYK0002Kow;4950,91;239,04;385843,78250;5821323,65500;-
DEBE3DYYMhs9wdKs;1715,86;153,63;385699,82000;5821734,28450;-
DEBE3D04YY50002ccC;20,30;7,44;385007,55800;5821025,14950;-
DEBE3D01YYK0003UfS;32,16;10,61;385753,20900;5821931,01800;-
DEBE3DWHA5iRvfCC;3531,30;164,22;385723,90500;5821330,83100;-
DEBE3DLJcPn6aML8;208,43;56,30;385960,35500;5821687,54000;-
DEBE3DYF8PlYIL3l;2106,30;100,30;385864,42150;5821266,05200;-
DEBE01YYK0002QAg_001;25413,05;1697,67;385706,71450;5821642,89350;-
DEBE01AL3t10000i_01;171,59;28,69;385630,83350;5821863,73650;-
DEBE3Dq3nXmvxwfN;4666,43;221,91;385812,29200;5821284,47500;-
DEBE3D04YY50002c0R;88,79;18,49;385365,89050;5821474,72000;-
DEBE3DqB5fjskf7O;1203,13;73,94;385927,61300;5821233,75100;-
UUID_93c2c2e2-df07-4b87-bd70-641a18e44e47;152825,43;5200,06;385930,60000;5821093,46050;-
DEBE3D04YY500005hc;2425,23;295,94;385489,04400;5821328,95700;-
DEBE3D01YYK0003Ugu;43,47;8,35;385664,90500;5821893,64400;-
DEBE3D04YY50002cUy;476,77;98,46;385058,68900;5821029,08200;-
UUID_a8706db7-0c65-496f-b030-013f7dcee4bd;18866,31;846,90;385721,21650;5821219,02900;-
DEBE04YY50000EA1_02;655,00;84,11;385036,40500;5821172,74050;-
DEBE3Dr1N81XC3Vp;3616,28;188,24;385874,09550;5821384,13300;-
DEBE3DmZsG4lqvH2;811,70;68,32;385663,12850;5821814,42700;-
DEBE04YY500005s6_04;84,22;18,15;385786,26150;5821546,07350;-
DEBE3DzTaT9qYsRg;264,95;60,82;385847,70850;5821280,98450;-
DEBE3D01YYK0002OKW;1,64;3,05;385842,04000;5821112,35450;-
DEBE01YYK0002Mcf_09;279,74;49,12;385789,86550;5821809,60750;-
DEBE01YYK0002KrO_01;133,00;27,17;385900,96250;5821250,92100;-
DEBE04YY500005s6_05;85,48;18,14;385774,71050;5821542,83350;-
DEBE3D04YY50002brW;147,85;38,28;385057,73050;5821038,79550;-
DEBE3D04YY50002c2C;83,89;18,37;385338,44150;5821423,96650;-
DEBE3D01YYK0003VYu;516,79;95,05;385958,75450;5821848,39100;-
DEBE3Dx9G25jkWt5;4379,75;203,05;385876,64900;5821272,53350;-
DEBE3DjPlFf1MlDn;2283,27;113,77;385788,66500;5821282,29600;-
UUID_1a0ab4e3-9ff5-4c87-838c-d0b4202a060f;4141,25;189,17;385853,35300;5821216,94400;-
UUID_e68dac67-4202-4235-a8d9-4b711f5e3736;13322,70;815,64;385792,32050;5821122,18950;-
DEBE04YY50000EA1_01;854,95;111,55;385058,57500;5821166,38100;-
DEBE3DsJCd3DmG6l;2277,74;112,97;385909,64900;5821241,10550;-
DEBE3DzCr6HmktrD;5173,77;533,32;385760,10300;5821131,03300;-
DEBE3Dq0AfPhxjnp;1901,56;479,65;385281,96800;5821812,24150;-
DEBE3D04YY50000DNe;179,33;59,44;385163,12400;5821782,46850;-
DEBE3D04AL54V00000;12225,12;1535,22;385395,26700;5821372,54400;-
DEBE3D04YY50002cJh;138,46;29,05;385292,12400;5821435,25150;-
DEBE04YY50000Rj0_01;117,65;29,61;385374,49250;5821317,71250;-
DEBE01YYK0002PUg_01;2577,91;416,13;385892,90250;5821681,56700;-
UUID_43a28cec-4da6-45ad-8538-cbf417ee593b;5295,36;516,72;385645,57200;5821857,50250;-
DEBE3D01YYK0002TS9;139,78;44,79;385742,74800;5821167,98050;-
DEBE3DviKUwcS6k4;878,12;41,90;385885,02250;5821302,80650;-
DEBE3D01YYK0002KW0;815,03;213,65;385836,04000;5821064,62000;-
DEBE3D01YYK0002ROe;933,41;99,18;385797,72050;5821079,84050;-
DEBE3D04YY50002bjM;1856,80;363,44;385697,75200;5821522,87150;-
DEBE3D01YYK0002U63;47,22;15,36;385994,63500;5821242,69300;-
DEBE3D01YYK0002Luq;13389,27;1650,35;385757,47150;5821078,78500;-
DEBE3DLQwQHYnvbY;657,92;30,37;385848,63150;5821371,86250;-
DEBE3DeTglMtOUrR;1083,61;46,12;385932,71700;5821229,17300;-
DEBE3D01YYK0002PJS;1161,84;60,11;385795,63950;5821307,45350;-
DEBE3D00YY2mK0001n;43,88;10,84;385716,71100;5821219,96650;-
DEBE3D01YYK0003V2V;20,04;107,74;385924,88250;5821484,13550;-
DEBE3DKOL7hV6sKs;72215,86;4850,39;385712,01750;5821494,58150;-
DEBE3Dj1oGjz96IL;677,71;32,66;385851,33850;5821336,14400;-
DEBE3DV67SZKrGR3;1770,73;174,90;385962,03300;5821971,00200;-
DEBE3DVplREzUIev;4347,55;223,70;385858,01750;5821462,08600;-
DEBE3D01YYK0003VVy;12,84;5,24;385657,48250;5821758,30000;-
DEBE01YYK0002MUQ_04;15,30;5,10;385887,44850;5821942,66700;-
DEBE3DjSLo0WYJyq;4972,93;230,68;385717,95300;5821281,43950;-
DEBE3DUdnK32MDmF;3581,48;208,50;385806,32550;5821345,84950;-
DEBE3DgqBrTSQWXr;103,03;33,85;385729,60800;5821796,65500;-
DEBE3D01YYK0002PmN;6298,06;339,56;385864,87000;5821199,43450;-
DEBE3DRRr1YkA1kc;817,70;189,90;385875,75300;5821682,11000;-
DEBE3D01YYK0003VI3;237,42;74,07;385717,83800;5821134,04250;-
DEBE04YY500005s6_001;94,91;18,09;385764,69100;5821478,68000;-
DEBE01YYK0002MUQ_05;6163,40;591,19;385865,82300;5821943,85100;-
DEBE3Dsi9tvRsPLq;504,79;98,94;385035,96050;5821052,36850;-
DEBE3DBJMVDuvgSr;1150,99;81,37;385715,00200;5821327,14800;-
DEBE3DL0BxE0fUbj;1371,40;230,82;385651,85000;5821614,50450;-
DEBE3D01YYK0002NKy;174,46;132,39;385991,93550;5821587,62050;-
DEBE3D01YYK0002VKW;5,00;4,29;385929,52950;5821966,85500;-
DEBE3Dv2TpzhoRaN;1511,42;195,83;385089,40700;5821073,50600;-
DEBE3DvHgVS0Tj9F;5244,66;242,51;385813,68200;5821266,30000;-
DEBE3Dmzw0KdSB5m;1692,16;344,13;385733,19700;5821742,19100;-
DEBE3DaMTeR5KCcT;1764,72;92,02;385767,41650;5821182,06800;-
DEBE3Dn6uFOnruTr;1616,45;80,63;385858,36850;5821331,12650;-
DEBE3D04YY50002be3;105,88;21,42;385657,47700;5821497,42950;-
DEBE01YYK0002MUQ_02;37,74;8,86;385753,43100;5821924,82700;-
DEBE04YY500005s6_002;94,32;18,08;385776,22700;5821481,90850;-
DEBE3D01YYK0002MHZ;180,14;64,69;385720,01050;5821120,90600;-
DEBE3DATKB100008VB;832,61;0,00;385044,49750;5821861,71450;-
DEBE3D01ALaR000000;46,28;19,27;385696,12800;5821079,61500;-
DEBE01YYK0002MUQ_03;19,12;4,65;385759,82700;5821903,07450;-
DEBE3DxSQhnXrynB;31564,32;3596,60;385361,16000;5821451,28100;-
DEBE04YY500007XO_01;412,61;64,29;385032,57700;5821137,74800;-
DEBE3D04YY50002cZf;351,51;73,09;385269,07550;5821455,20950;-
DEBE3DCxJMqj0QNO;5179,95;245,07;385924,28150;5821181,28400;-
UUID_a40e6750-dc32-4972-b641-c8b020f155e6;6881,18;604,92;385135,14350;5821402,87050;-
DEBE3DfHiScDKAHk;975,81;128,82;385958,39150;5821218,08050;-
DEBE04YY500003H4_01;22,28;5,25;385069,98350;5821049,49100;-
DEBE3DF8p5Wv6sps;22652,13;2057,41;385058,81250;5821087,13500;-
DEBE3D01YYK0002Lxm;17613,72;866,31;385804,49400;5821237,86150;-
DEBE3D01YYK0002TpP;94,99;25,78;385804,68850;5821082,65050;-
DEBE3Dm6ZG2fKXx5;972,82;55,21;385838,64250;5821444,57450;-
DEBE3D04YY50002cNv;647,22;201,07;385469,08350;5821481,28150;-
DEBE3D01YYK0003UyJ;723,32;159,56;385988,50150;5821685,23150;-
DEBE3DGL8dZQS3qd;4484,70;942,38;385687,54850;5821322,49350;-
DEBE3D01YYK0002T33;4840,84;240,39;385809,29600;5821302,53950;-
DEBE3D01YYK0002OVm;2894,49;329,04;385682,56800;5821712,71400;-
DEBE3D01YYK0002QDa;1873,85;169,88;385774,57700;5821341,89850;-
DEBE3Dbt5DpTaFH9;1617,23;76,59;385744,98500;5821279,94800;-
DEBE3D04YY50000Obo;37,55;16,27;385157,00550;5821783,72250;-
DEBE3D04YY50002bjq;168,69;36,72;385393,44800;5821435,78350;-
DEBE3DCRCP47azHK;492,03;35,63;385765,72350;5821331,32900;-
DEBE3DzoQjocSr3k;385,15;50,05;385927,60850;5821959,71800;-
DEBE3DfHuJo4aNa2;4681,98;228,09;385773,79350;5821317,40150;-
DEBE01YYK0002Qw3_01;475,83;26,37;385982,29550;5821224,14700;-
DEBE3DcA7spevQNE;406,62;31,25;385076,09200;5821041,47100;-
DEBE3DmB6FBegRzZ;3259,17;861,99;385240,02750;5821768,65550;-
DEBE04AL54V00003_01;141,44;31,84;385381,06800;5821388,27800;-
DEBE3D01YYK0003UUm;54,49;11,87;385711,92550;5821831,34600;-
DEBE3D01YYK0002TCe;143,33;41,87;385738,50500;5821186,47850;-
DEBE3DPWB2XeXCR5;3997,65;209,77;385756,65150;5821338,49450;-
DEBE3D04YY500005p2;212,51;49,74;385034,69900;5821029,98700;-
DEBE3D04YY50000A1M;645,52;89,80;385031,78350;5821025,09900;-
UUID_3dff2503-acb2-4934-b1db-6d94611dfb5c;10979,56;555,78;385811,31900;5821158,15250;-
DEBE3D01YYK0003VfA;1005,13;216,14;385988,11200;5821710,53600;-
DEBE3D01YYK0003Uxc;176,77;40,47;385791,67750;5821078,23650;-
DEBE01YYK0002UTE_01;1133,73;65,22;385795,60450;5821148,57550;-
DEBE3D04YY50002cbV;0,10;3,58;385831,76700;5821558,46100;-
DEBE3DHhyG63VGOM;4618,25;230,14;385935,54900;5821217,04800;-
DEBE3DVMQVtK1C6S;3669,21;213,58;385870,66350;5821344,22650;-
DEBE3DtFaZO6q5s6;4673,45;227,19;385840,43450;5821359,45100;-
DEBE3DfgIkfCqNfp;4224,24;237,04;385748,85450;5821410,67100;-
DEBE3D04YY50002czp;247,27;55,06;385777,04250;5821410,60050;-
DEBE3D04YY50000JJU;492,63;106,51;385070,09700;5821031,99750;-
DEBE3Dmo4vE8LcAy;5412,34;217,56;385878,85400;5821254,56550;-
UUID_82331307-8630-47d5-8487-8967b8f325a2;693,43;92,05;385602,58350;5821810,55300;-
DEBE3D04YY50002cc9;357,09;75,74;385264,11100;5821407,65150;-
DEBE3D01YYK0002Nji;4514,09;215,06;385898,10350;5821221,01500;-
DEBE3DKtaCd2MbgF;880,36;42,12;385888,26650;5821262,16950;-
DEBE3D01YYK0003Udh;584,86;47,71;385900,00500;5821103,08000;-
DEBE01YYK0002RlF_001;13543,28;1419,83;386079,80900;5821968,92000;-
DEBE3D00YY1Zy000DP;98,14;31,98;385687,90250;5821402,83100;-
DEBE3DsRIgOl5mov;1298,25;80,59;385729,06800;5821346,78850;-
DEBE3D01YYK0003VgQ;457,33;81,87;385945,57900;5821961,93750;-
DEBE3D01YYK0003UYB;289,45;88,41;385746,19600;5821178,60800;-
UUID_c472bd67-367f-4657-adc1-c2da9e8a5c88;3587,81;231,46;385081,86950;5821044,80150;-
UUID_3ef96536-2151-47a5-8764-86fbeeb1a982;4605,23;208,39;385941,86300;5821176,56550;-
DEBE3D01YYK0003Udx;93,66;21,89;385905,50350;5821822,02300;-
DEBE3D00YYNv0000C7;77,43;25,82;385104,94150;5821134,49000;-
DEBE3D01YYK0003VKk;28411,17;3486,89;386008,81300;5821849,51800;-
DEBE3D04YY50002cu4;405,22;75,84;385243,11600;5821370,00400;-
DEBE3DsKy1WGGNKJ;1965,56;231,46;385839,59650;5821094,48600;-
DEBE3DVvoLofw3xi;378,48;31,92;385072,82150;5821044,51700;-
UUID_8c443949-dd15-4352-9b3b-67411014179a;4567,97;476,46;385048,98300;5821134,05250;-
DEBE3DDjmXHoYz5X;1762,97;85,11;385724,18850;5821345,41200;-
DEBE3DNm7x5xBYCx;346,92;31,06;385683,94500;5821725,35650;-
DEBE04YY50000NYV_01;5373,91;834,61;385297,96200;5821287,02100;-
DEBE3DvT0hsYed0a;422,90;73,95;385967,27400;5821230,55550;-
DEBE3DlZJ6a3Vtln;145,61;34,15;385965,23600;5821677,24600;-
DEBE3DBgFPf2MZ73;968,52;43,90;385982,44750;5821168,59800;-
DEBE3D01YYK0003VWL;363,21;80,00;385960,39500;5821820,84450;-
DEBE3D04YY50000Dil;15935,81;853,60;385019,22400;5821100,94400;-
DEBE3D00YY1Tj0002U;205,87;40,19;385010,87650;5821501,76750;-
DEBE3DXQ2nMAJKjk;4681,38;736,99;385978,43950;5821693,96450;-
DEBE3D04YY50002c51;9,60;3,42;385655,75950;5821506,93000;-
UUID_94d976d2-63fd-41f6-ac63-f3c49a3b592c;516,83;42,12;385074,33500;5821050,05200;-
DEBE3D01YYK0003Vgh;472,64;183,01;385707,99250;5821185,40850;-
DEBE3D01YYK0003VVt;2024,48;451,51;385900,94950;5821568,83750;-
DEBE01YYK0002Mcf_012;443,35;77,62;385880,81500;5821828,39350;-
DEBE3DdWy0nm5oNs;4838,57;224,46;385845,21450;5821305,62400;-
DEBE3DZhSyDUuUR8;5440,16;234,06;385748,96600;5821299,16350;-
DEBE3D04YY50002cec;90,16;18,43;385380,55450;5821477,86600;-
DEBE3D00YYth00008F;750,98;108,11;385848,67050;5821653,78750;-
DEBE3DhKnDR5bRkK;4886,58;238,15;385762,80000;5821287,17800;-
DEBE3D01YYK0003V5u;27,26;4,71;385659,53250;5821890,15000;-
UUID_d14859a8-8062-43ba-b9ea-6a17184a37df;5457,08;258,33;385906,80450;5821187,24650;-
DEBE3D01YYK0002NJk;18,17;6,89;385857,59700;5821031,53500;-
DEBE01YYK0002LM3_01;691,27;89,48;385845,35350;5821654,08650;-
DEBE3D01YYK0002Qqo;318,23;96,24;385725,04600;5821111,83400;-
DEBE3DOXIoDcLbok;2601,24;247,24;385755,65650;5821669,21900;-
DEBE3D00YY1Zy000Cx;3953,47;691,41;385681,59750;5821413,62350;-
DEBE3D04YY50000RCt;7692,13;714,02;385261,44300;5821276,18900;-
DEBE01YYK0003V66_001;5,98;1,36;385887,46300;5821828,33950;-
UUID_63544dad-a9ee-4dac-83d7-229d24d6d10c;15382,72;1405,72;385655,91400;5821710,91900;-
DEBE3DtMLFaHRAxY;1934,16;91,36;385750,18500;5821277,38300;-
DEBE3DL2ng3h33B9;797,67;132,48;385975,06250;5821222,90050;-
DEBE3DATKB100008KY;1318,83;0,00;385106,39450;5821463,18000;-
DEBE3D01YYK0003Uag;232,40;41,01;385910,30850;5821783,55000;-
DEBE3D04YY50002cGN;444,22;120,75;385087,84500;5821035,13100;-
DEBE01YYK0002QAg_02;1097,61;142,53;385621,40850;5821607,34550;-
DEBE3DztSPCKnkfZ;4931,08;645,09;385996,77250;5821910,98950;-
DEBE3DaE01lfD6CG;6076,41;479,82;385810,11500;5821659,91250;-
DEBE3DZpfOSEBnhs;2113,44;106,51;385856,30850;5821367,13300;-
UUID_ce7e34c3-263a-4cc8-ace0-8d7f3dfd44e9;395,41;89,58;385864,77650;5821823,88700;-
DEBE3D01YYK0002Nf3;17855,22;825,56;385792,59200;5821369,48250;-
DEBE3Dw1oMjv0ss9;11618,30;1135,87;385828,63000;5821110,55400;-
DEBE3DR0iXxGkoMQ;673,31;34,38;385883,72900;5821297,29200;-
DEBE3DlglDdNais4;2254,02;95,10;385863,73150;5821259,62200;-
DEBE3D01YYK0002SlL;1365,02;440,06;386014,77200;5821609,56450;-
DEBE01YYK0002LAo_02;1698,97;81,29;385967,84550;5821161,95700;-
DEBE3DFZiHInGKDU;1797,73;81,00;385771,44750;5821178,54050;-
DEBE3D01YYK0003Uzg;33,44;1,79;385976,91050;5821171,78750;-
UUID_5c6506e6-bcb7-4337-93e3-bae7fb1ffb9e;5876,55;744,41;385045,09700;5821156,11500;-
DEBE3D01YYK0003VBq;130,96;28,31;385811,60450;5821813,56950;-
DEBE3D04YY500002hN;327,19;84,06;385528,61850;5821508,88750;-
DEBE3D04YY50002cMh;46,05;142,40;385052,20550;5821014,13700;-
DEBE3DbvhMkehWpZ;1407,26;70,54;385867,00300;5821452,63700;-
DEBE04YY50000R0d_01;14156,48;1468,83;385171,10950;5821411,49650;-
DEBE3DutgmeYXLOQ;1362,64;59,75;385727,72600;5821276,83650;-
DEBE3DtRNxYZ6c9P;372,34;32,61;385799,87050;5821671,94150;-
DEBE3D01YYK0003UmO;98,00;29,68;385892,78850;5821828,54250;-
DEBE3D04YY50000RJv;2619,36;299,30;385049,71950;5821040,46500;-
DEBE00YYNv0000Bv_01;9802,83;766,45;385089,30300;5821149,64200;-
DEBE3D01YYK0002VGm;5176,73;246,36;385764,67450;5821254,09200;-
DEBE3D01YYK0002Oci;17432,84;1882,39;385612,39200;5821698,60050;-
DEBE3D04YY50000BpB;19,29;7,18;385077,83800;5821776,39050;-
DEBE3D04YY50000Iit;1180,07;206,28;385418,20400;5821339,06550;-
DEBE3D01YYK0002PjT;16,98;6,20;385601,82750;5821750,93000;-
DEBE3D04YY50002bfE;207,34;69,12;385015,27800;5821052,39400;-
DEBE3DImpTx4MuyV;14226,83;4743,07;385948,68100;5821327,48200;-
DEBE01YYK0002LAo_01;1270,23;60,56;385989,53800;5821170,65000;-
DEBE3Deq6wtzEZQF;3900,59;196,50;385847,15250;5821434,97100;-
DEBE3D04YY50002cy1;130,70;24,33;385314,22750;5821439,20550;-
DEBE3DIjTm2rRZEi;1199,79;265,60;385289,66350;5821447,33200;-
DEBE3Dk8qGOJKLYO;1963,49;95,76;385923,82750;5821220,21750;-
DEBE3DPzIgVVRZXl;1319,28;300,52;385911,14150;5821684,05700;-
UUID_ad7e574c-bea0-4abb-b471-0bde4b68c442;4886,04;1060,34;385756,71050;5821425,38500;-
DEBE3D04YY50002cHu;68,48;14,36;385212,50300;5821417,86800;-
DEBE3DiHI6ZsVDdP;4101,27;211,80;385869,92050;5821362,83800;-
DEBE3D01YYK0002Sbh;24848,49;3388,97;386007,46300;5821544,78750;-
DEBE3DISSzvYeP4Q;1149,72;133,36;385209,71200;5821429,88050;-
DEBE3D04AL2vw0000u;6,75;4,26;385234,23500;5821250,76450;-
DEBE3DFolQgaGsQq;726,63;170,79;385846,96000;5821290,04650;-
UUID_712304a0-3491-410b-af8f-eeed9eee6c45;11153,57;845,74;385301,11500;5821272,71550;-
DEBE3DI1FVZyTcho;70732,53;6614,22;385802,95650;5821897,00150;-
DEBE3De0r7LvNiJ1;725,24;35,21;385880,76100;5821333,31050;-
DEBE3D01YYK0002KqL;7939,55;368,83;385749,04550;5821200,84650;-
DEBE04YY500001RE_01;10634,06;1330,09;385798,91100;5821436,43700;-
DEBE3DdboVrFRmI4;1835,10;81,99;385799,60150;5821277,12750;-
DEBE3D01AL30B00003;223,49;12,29;385833,05500;5821460,54300;-
DEBE3Dx7pODRBsrJ;1335,60;59,56;385808,68800;5821313,64750;-
DEBE3D04YY50002cOH;84,76;18,54;385375,10900;5821431,84800;-
DEBE3DbmD60rVfDd;26947,41;4545,17;385956,24050;5821912,03600;-
DEBE3Di3z6y7kGiN;3990,84;206,66;385875,89600;5821290,31750;-
DEBE3DlwdWj6XJYL;1014,51;51,95;385759,85350;5821416,19400;-
DEBE3Di3pC1YWDmU;2901,21;231,80;385075,65650;5821020,98750;-
DEBE04YY500001RE_03;867,36;46,93;385762,08750;5821408,54150;-
DEBE3DouP135PUZG;474,75;27,02;385761,12050;5821161,13450;-
DEBE3D01YYK0003Uoa;64,41;15,43;385919,97000;5821106,54350;-
DEBE3D01YYK0002QTp;908,23;204,03;385728,40450;5821185,63050;-
DEBE3DF41FxmWimT;5028,81;216,54;385838,77100;5821377,29150;-
DEBE3D01YYK0002O0O;471,54;105,11;385815,35400;5821117,09050;-
DEBE3DBL1OUbdycG;4820,09;226,72;385850,10250;5821251,91800;-
DEBE3D01YYK0002VOx;575,81;211,44;385976,85700;5821584,47500;-
DEBE3D01YYK0002LMK;1902,27;209,55;385894,56450;5821051,24700;-
DEBE3D01YYK0002Uh3;58,31;19,90;385761,44950;5821309,06450;-
DEBE3D04AL2vw00010;61,46;12,21;385196,68800;5821291,13950;-
DEBE01YYK0002Mcf_013;311,14;66,46;385907,44400;5821793,62200;-
DEBE3D04YY50000NkJ;307,01;99,09;385404,20000;5821732,45600;-
DEBE3D04AL2vw00011;68,35;12,17;385203,84100;5821258,32250;-
DEBE3DcA6T3hMMPl;1018,93;47,23;385878,67900;5821371,02950;-
UUID_e86130d7-ede0-4ae4-bed2-aa67a47eaab4;152044,47;16485,58;385821,93400;5821759,35350;-
DEBE01YYK0002Mcf_010;366,91;60,99;385803,11000;5821812,20700;-
DEBE3DMahiQ4MFrz;534,48;71,22;385605,73200;5821794,32750;-
DEBE01YYK0002LAo_04;207,27;9,85;385955,97300;5821176,32900;-
DEBE01YYK0002Mcf_011;136,60;23,45;385877,51600;5821830,73800;-
DEBE3DK8fsTGDnuc;6168,76;277,17;385878,74400;5821234,77300;-
DEBE3DJW0hA9la5r;1482,18;242,15;385027,70800;5821081,40800;-
DEBE3Dlh46R2Mv72;2795,93;139,66;385987,53900;5821213,54600;-
DEBE3DGgG8Z4iQcW;988,92;193,26;385036,92950;5821039,76500;-
DEBE3D01YYK0003UYx;6045,81;843,86;385859,86550;5821521,42350;-
DEBE3DSw9xyv0cpr;4899,99;236,08;385714,19350;5821356,59350;-
DEBE01YYK0002Mcf_016;534,39;116,50;385902,82000;5821815,87150;-
DEBE3D04YY50002bg5;106,63;21,69;385666,89300;5821463,75550;-
DEBE3DffcS8bObrz;1062,36;52,99;385749,42750;5821311,28000;-
DEBE3D01YYK0002OtZ;52,72;19,57;385906,63500;5821113,45100;-
DEBE04YY500001RE_04;209,53;10,03;385782,92800;5821418,48400;-
UUID_97fd333b-20be-43bf-b8c8-6d170adf980b;12341,70;1594,53;385698,26950;5821749,45950;-
DEBE3DKW3ZT3atbr;4114,73;202,79;385771,12200;5821164,63500;-
DEBE01YYK0002M6r_01;796,73;79,04;385666,08700;5821717,27550;-
DEBE01YYK0002Mcf_014;463,00;100,16;385912,31100;5821769,59800;-
DEBE3DJnjyyKoFjC;2502,62;132,62;385796,62650;5821269,82300;-
DEBE3De7uPtuog1p;726,97;32,97;385920,81000;5821192,19750;-
DEBE3DEZ3uLAw8iI;1829,22;241,10;385597,35200;5821797,07250;-
DEBE01YYK0002LAo_03;350,90;16,91;385970,54700;5821171,63150;-
DEBE01YYK0002NFm_01;2712,77;316,88;385667,67100;5821749,96700;-
DEBE3DtKDJiYaYSM;1223,57;138,25;385956,69050;5821232,50550;-
DEBE3DKEZQnKNOwl;126,21;37,88;385697,31950;5821294,46350;-
DEBE01YYK0002NFm_02;124,69;11,68;385672,89450;5821770,33900;-
UUID_d924229e-cdcb-4bb2-b50a-afac8f5ec031;128726,13;7562,34;385484,86500;5821394,67650;-
DEBE3D01YYK0003VA8;722,94;45,54;385798,39700;5821132,64850;-
DEBE01YYK0002LAo_06;97,25;5,97;385991,76900;5821179,67200;-
UUID_9c632d25-c787-4230-9bff-52ee37d28a93;19004,07;1500,76;385634,15300;5821627,86850;-
DEBE01YYK0002Mcf_015;553,77;198,63;385834,80500;5821818,12450;-
DEBE3DYaelMQGJOo;155,76;55,30;385086,46400;5821043,56000;-
DEBE01YYK0002LAo_05;174,14;24,20;385963,77900;5821175,05350;-
DEBE01YYK0002KsP_01;300,45;68,27;385866,10000;5821222,51500;-
DEBE3DBUF69AddOK;5189,24;234,53;385780,32700;5821244,73250;-
DEBE3D01YYK0002N6M;13683,24;940,15;386015,97850;5821095,35000;-
DEBE3D00YY1Tj0002B;5827,90;395,65;385048,55750;5821521,51000;-
DEBE3Db7oD4O7c5j;1717,79;90,48;385793,43300;5821331,34250;-
DEBE3D04YY50000FEZ;89,02;30,31;385390,19450;5821330,51700;-
DEBE3D01YYK0003U8t;181,79;43,52;385891,91500;5821919,05650;-
DEBE3D04YY50002aTJ;2746,59;97,97;385343,04500;5821388,72350;-
DEBE01YYK0002LAo_08;17,14;5,71;385978,36800;5821176,22200;-
DEBE3D01YYK0002UA5;12554,78;570,52;385975,13000;5821202,62100;-
DEBE3D04YY50002c7c;35,52;3,51;385670,36550;5821454,78050;-
DEBE3DjrZsEbrPLJ;4338,03;187,58;385807,79100;5821322,62100;-
DEBE3DfWfGS7lD5Q;49160,11;7431,81;385934,62800;5821386,13300;-
UUID_db5c8d0e-a81f-4534-a090-dcfd15e0570d;99,01;23,67;385886,50450;5821947,66700;-
DEBE3D04YY50002c8F;2755,43;443,11;385740,48950;5821470,91650;-
DEBE3D01YYK0002O63;71669,58;7714,70;385913,14200;5821525,58350;-
DEBE3DOHUOfEDrd1;4286,31;217,53;385871,24800;5821326,23150;-
DEBE01YYK0002Mcf_02;8867,23;1116,17;385739,93350;5821743,32550;-
DEBE3DwN8WcNgcEa;1541,88;79,43;385860,63350;5821475,75700;-
UUID_c2023a99-3c7b-48a4-b618-cd7987060364;22234,13;1647,09;385845,87700;5821673,64750;-
DEBE3Dkg4605Xd7d;27340,27;3141,85;385250,47250;5821428,03450;-
DEBE01YYK0002QAg_01;11213,29;1866,08;385671,97450;5821643,06150;-
DEBE3D04AL54V00006;100,32;22,29;385380,70100;5821395,98600;-
DEBE3DKftgXtoqa5;745,80;37,20;385905,14100;5821246,42250;-
DEBE3DhgWihMTxdW;5171,08;230,29;385786,37250;5821155,09800;-
DEBE3DDtkcSnDUx6;2189,40;98,21;385807,64350;5821333,41600;-
DEBE01YYK0002LAo_07;534,45;25,45;385978,90650;5821178,57800;-
DEBE3D01YYK0003UOZ;353,93;98,59;385714,52400;5821151,36050;-
DEBE3D00YY1Zy000DL;43,09;9,60;385700,24750;5821411,77700;-
DEBE3D04AL2vw0000z;86,68;18,54;385146,89750;5821284,44600;-
DEBE3DaBRAruaI8P;1546,58;72,93;385721,26950;5821300,91900;-
DEBE01YYK0002QBL_001;558,48;9,33;385855,06750;5821022,58400;-
DEBE04YY50000R0d_02;2556,92;568,35;385149,02700;5821404,48250;-
DEBE3DB3ntlwED74;4029,09;236,24;385784,18650;5821187,48150;-
DEBE3D04YY50002c6R;855,01;189,80;385741,60950;5821411,88900;-
DEBE3DSESPinoKbM;288,17;34,18;385734,20100;5821664,36150;-
DEBE3D01YYK0002SZd;188,58;36,03;385584,57350;5821646,92300;-
DEBE01YYK0002Mcf_01;692,70;148,47;385918,17300;5821740,67950;-
DEBE3DfbOEGgwJ6J;9113,74;899,06;385975,88200;5821850,71950;-
DEBE3DxXGf3mdOrK;2467,81;126,92;385764,55950;5821353,72450;-
DEBE3DhdQUDYSNvE;1025,82;133,99;385081,51600;5821072,22050;-
DEBE3DNIkfcBmtQ3;2605,83;135,85;385783,48750;5821262,41850;-
UUID_ca668bfd-7000-4d83-a899-a88e0bfca2f0;29522,54;2664,49;385165,88600;5821267,33750;-
DEBE01YYK0002TNE_01;1836,90;122,19;385918,24750;5821203,25500;-
DEBE3D01YYK0002KQX;1103,18;199,16;385956,71200;5821558,24050;-
DEBE3Ds0PRLeTQaz;1495,02;149,11;385891,50350;5821890,71650;-
DEBE01YYK0002QBL_01;193,36;35,67;385854,82700;5821022,43250;-
DEBE3D04YY50000PWf;1220,85;101,64;385071,76350;5821057,50750;-
DEBE3DBEDMNAjUo7;4509,91;437,22;385886,15000;5821918,55400;-
DEBE3Djj3z1BPShR;3142,40;168,72;385841,27950;5821456,07300;-
DEBE3DXVqVrRYi6k;715,78;55,36;385086,78300;5821061,04550;-
DEBE3DJqXrJRgLYi;423,93;60,57;385923,48750;5821199,23350;-
DEBE3D04YY50002bTt;163,00;39,48;385067,05300;5821038,23100;-
DEBE3DqM69TaeVDO;2661,51;538,99;385827,06500;5821705,14500;-
DEBE3DllOOzD4akg;298,06;35,35;385765,04900;5821117,16800;-
DEBE3D01YYK0002MpD;1519,91;179,98;385826,75900;5821081,53250;-
DEBE01YYK0002Mcf_04;84,83;16,55;385745,25700;5821800,44100;-
DEBE3D01YYK0002MPV;4511,68;247,75;385781,56350;5821299,97900;-
DEBE01YYK0002PKl_01;651,82;78,05;385964,71750;5821224,50150;-
DEBE3DFjEa5LXS80;7857,34;353,58;385968,51650;5821166,66300;-
DEBE3DiVBq5vCkVI;17200,98;1721,02;385867,52100;5821907,62550;-
DEBE01YYK0003V66_01;281,60;59,92;385880,86500;5821827,04450;-
DEBE3DJos2Nxmnk4;1472,53;78,45;385989,41950;5821223,98900;-
DEBE3DnXAJoKyNss;1866,78;95,13;385861,36000;5821295,29050;-
DEBE3DcxJ7ag8wh5;15026,39;1604,87;385981,37500;5821813,72400;-
DEBE3DfTCTjDMuSm;5200,11;245,79;385868,76650;5821400,18300;-
DEBE3DJ3Nv3kHwQI;4865,47;227,94;385766,13500;5821371,87250;-
DEBE3DaEOmmiPhcK;2334,99;114,96;385790,54600;5821348,86500;-
DEBE3D04YY50002bvX;40,30;7,85;385064,29600;5821024,67150;-
DEBE01YYK0002Mcf_03;9217,92;1095,24;385903,56100;5821775,32200;-
DEBE01YYK0002Mcf_06;150,03;19,99;385751,88950;5821801,94700;-
DEBE01YYK0002Mcf_05;71,11;13,79;385758,30450;5821803,00250;-
DEBE01YYK0002Mcf_08;819,65;86,45;385776,25700;5821806,52750;-
DEBE3D04YY50002bvp;113,05;24,96;385046,56950;5821166,95750;-
DEBE01YYK0002Mcf_07;152,96;17,82;385795,94800;5821810,80100;-
DEBE3DI43kNt4Rn1;644,76;34,81;385716,68500;5821292,96850;-
DEBE3D01YYK0002UB1;798,14;154,17;385914,28450;5821587,94150;-
DEBE01YYK0002Lix_01;169,39;10,98;385757,57150;5821165,09050;-
DEBE3Dz8r5Me3djO;38211,32;4065,18;386022,57300;5821947,25000;-
DEBE3D04YY50002aTH;0,66;10,12;385513,89750;5821644,34050;-
DEBE3DATKB100008DC;1361,98;0,00;385618,66100;5821347,92250;-


Excluded 3 buildings from processing (reason: Unknown ALKIS code: 2000)

# GML ID [-];Volume [m3];Footprint area [m2];X [m];Y [m];Original ID
DEBE3DAwtLA8UzKC;1306,20;144,22;385555,58800;5821081,80400;-
DEBE3D04YY50000EMa;167,93;56,74;385222,58200;5821156,70350;-
DEBE3DKH1VDsiFv9;14556,85;1503,65;385531,17500;5821062,47200;-


Excluded 4 buildings from processing (reason: Unknown ALKIS code: 2054)

# GML ID [-];Volume [m3];Footprint area [m2];X [m];Y [m];Original ID
DEBE3DOQA9WHYah2;115,25;32,93;385205,00300;5821118,73200;-
DEBE3DAuk8UdQmsq;1003,37;247,38;385177,39650;5821082,99350;-
DEBE3DrpsWageWAH;1232,20;133,83;385189,71050;5821056,61750;-
DEBE3Dj3FBSSPiNW;4661,54;1427,20;385192,84000;5821088,02300;-


Excluded 2 buildings from processing (reason: Unknown ALKIS code: 2200)

# GML ID [-];Volume [m3];Footprint area [m2];X [m];Y [m];Original ID
DEBE3DBxixKgWDs3;176,31;45,24;385617,01250;5821047,85350;-
DEBE3DJXqaGsRMKI;440,77;105,14;385613,48250;5821055,41900;-


Excluded 1 buildings from processing (reason: Unknown ALKIS code: 2540)

# GML ID [-];Volume [m3];Footprint area [m2];X [m];Y [m];Original ID
DEBE3D04YY50000LhN;7168,29;547,06;385167,62250;5821192,69200;-


