======================== Summary ========================

Excluded 17 buildings from processing (reason: Unknown ALKIS code: 2521)
Excluded 73 buildings from processing (reason: Unknown ALKIS code: 2520)
Excluded 2 buildings from processing (reason: Unknown ALKIS code: 2600)
Excluded 2 buildings from processing (reason: Unknown ALKIS code: 2621)
Excluded 8 buildings from processing (reason: Unknown ALKIS code: 2522)
Excluded 37 buildings from processing (reason: Unknown ALKIS code: 1610)
Excluded 1 buildings from processing (reason: Building volume is smaller than required (0.0 m³))
Excluded 731 buildings from processing (reason: Missing year of construction)
Excluded 9 buildings from processing (reason: Building seems to be too low and has 0 storey.)
Excluded 1 buildings from processing (reason: Heated area is too small)
Excluded 1 buildings from processing (reason: Unknown ALKIS code: 2083)
Excluded 1 buildings from processing (reason: Unknown ALKIS code: 9998)
Excluded 6 buildings from processing (reason: Unknown ALKIS code: 2460)
Excluded 2 buildings from processing (reason: Unknown ALKIS code: 2462)
Excluded 2 buildings from processing (reason: Unknown ALKIS code: 1130)
Excluded 3 buildings from processing (reason: Unknown ALKIS code: 2000)
Excluded 1 buildings from processing (reason: Unknown ALKIS code: 2010)
Excluded 14 buildings from processing (reason: Unknown ALKIS code: 2142)
Excluded 11 buildings from processing (reason: Unknown ALKIS code: 2054)
Excluded 2 buildings from processing (reason: Unknown ALKIS code: 2310)
Excluded 5 buildings from processing (reason: Unknown ALKIS code: 1000)
Excluded 8 buildings from processing (reason: Unknown ALKIS code: 2200)
Excluded 16 buildings from processing (reason: Unknown ALKIS code: 2100)


================ Excluded buildings lists ===============

Excluded 17 buildings from processing (reason: Unknown ALKIS code: 2521)

# GML ID [-];Volume [m3];Footprint area [m2];X [m];Y [m];Original ID
DEBE3DAudj60P5mj;40110,44;779,76;385409,41850;5820419,57150;-
DEBE3Dk79TPi6CPk;2198,49;81,87;385430,08000;5820360,26350;-
DEBE3Dt0TyoSkZGQ;3250,40;146,16;385445,28400;5820362,12950;-
DEBE3DC1o2CmjLge;3114,91;154,64;385286,98300;5820491,28100;-
DEBE3DsOE8qbLCXn;12910,88;649,66;385407,17500;5820447,70650;-
DEBE04YY50000PJ1_02;11274,07;697,51;385359,38900;5820383,73100;-
DEBE04YY50000PJ1_01;1768,88;109,25;385369,35900;5820383,75950;-
DEBE3Djlk9OJfmmT;69635,85;3547,06;385285,64800;5820464,16000;-
DEBE04YY50000PJ1_03;1950,73;131,59;385349,21550;5820382,48250;-
DEBE04YY500001dN_01;47784,16;1174,02;385411,87050;5820380,24600;-
UUID_e89630ad-97a9-4578-8f85-1cac5ee14832;2531,87;196,84;385360,61100;5820358,43400;-
UUID_28a12d95-56c5-4399-b821-873a52fc96e4;8,61;1,51;385464,08900;5820378,86550;-
DEBE04YY500002TA_01;81012,66;3763,05;385441,92400;5820413,66400;-
DEBE04YY500002TA_002;34767,72;1714,73;385437,49900;5820483,62400;-
DEBE04YY500002TA_001;7,43;1,37;385463,24500;5820391,34650;-
DEBE3DykavbXiAcF;529,12;25,18;385316,83550;5820488,73750;-
DEBE3DJbTJ0iFndI;2051,29;74,82;385460,41100;5820362,02700;-


Excluded 73 buildings from processing (reason: Unknown ALKIS code: 2520)

# GML ID [-];Volume [m3];Footprint area [m2];X [m];Y [m];Original ID
DEBE04YY500001fB_01;7915,83;159,25;385302,97050;5820394,57500;-
DEBE3D04YY50000MFB;513,60;274,95;385500,32750;5820333,87600;-
DEBE04YY500001fB_04;12687,94;238,59;385339,39550;5820383,20050;-
DEBE04YY500001fB_06;850,74;15,88;385281,16000;5820352,15200;-
DEBE04YY50000B9M_007;297,67;13,30;385434,58100;5820529,30300;-
DEBE04YY500001fB_05;6995,95;111,28;385323,34800;5820385,90800;-
DEBE04YY500001fB_08;780,44;14,56;385339,24250;5820355,41350;-
DEBE04YY50000B9M_006;282,24;14,82;385440,63200;5820529,29150;-
DEBE04YY50000B9M_009;301,02;13,72;385428,24350;5820535,69750;-
DEBE04YY500001fB_07;44732,78;862,80;385309,59000;5820363,68750;-
DEBE04YY50000B9M_008;345,57;14,60;385422,04150;5820535,15750;-
DEBE04AL4tn00000_03;40,44;2,01;385212,16050;5820552,08600;-
DEBE04AL4tn00000_05;337,45;18,32;385164,28450;5820563,48100;-
DEBE04AL4tn00000_04;471,28;22,06;385164,29900;5820558,32750;-
UUID_58c5545f-2e29-4d99-ac34-0cd1cc8bd900;11897,30;253,17;385309,57100;5820379,43000;-
DEBE04YY500001fB_09;7022,02;111,65;385324,25200;5820369,93400;-
DEBE3DF65bKmo7wH;670,10;26,78;385393,14350;5820422,53800;-
DEBE3DAP5NibZiTv;12030,40;203,95;385328,16300;5820360,44450;-
DEBE3DDY6Gn919R2;6039,13;224,18;385391,79500;5820410,90800;-
DEBE3DJdB7JpEQDm;2623,25;43,87;385317,11150;5820372,52150;-
DEBE3DXFlDpWHr5L;2004,73;127,56;385413,35150;5820479,70650;-
DEBE3DzzYxMhPwbN;1960,83;33,10;385319,48200;5820405,69000;-
DEBE04YY50002Xum_01;1809,98;55,27;385531,04150;5820331,14150;-
DEBE3D04YY5000077d;830,48;184,35;385445,10050;5820331,99000;-
DEBE3DZRrSO6RBfj;10458,66;507,18;385182,94450;5820562,42400;-
DEBE3DwgLBsmtUJa;2937,32;222,62;385376,61900;5820455,80150;-
DEBE04YY500001fB_001;2728,81;40,62;385321,97850;5820406,25950;-
UUID_1a7d17ca-79f1-4e0b-9aa8-9484a68331c8;2245,39;195,05;385547,39150;5820324,91650;-
DEBE3DVM9GeyuTKv;4745,39;79,78;385323,79500;5820377,93350;-
DEBE3DZLaQTPFHxH;491,74;32,53;385411,79000;5820470,02350;-
DEBE3DxIC9y8HW4t;3494,44;57,72;385313,32000;5820377,22850;-
DEBE04YY50000B9M_0015;107,61;14,21;385439,71900;5820542,97800;-
DEBE3DeOjSs4qxU5;3026,03;52,55;385331,46550;5820406,56350;-
DEBE3DPiXbGux0Ww;11505,11;193,84;385333,57800;5820378,48950;-
DEBE3DGvxcZSgi0S;1142,08;46,17;385208,00250;5820567,38300;-
DEBE3D04YY50000LrX;3455,56;432,19;385468,33550;5820453,97600;-
DEBE04YY50000B9M_0013;285,57;12,77;385427,70600;5820542,57550;-
DEBE04YY50002Xum_02;2047,44;98,43;385523,70450;5820330,72000;-
DEBE3Dc88jGEowVu;10277,60;168,36;385312,47550;5820363,48550;-
DEBE04YY50000B9M_0014;310,63;13,40;385433,78750;5820542,86850;-
DEBE3DbFjGX2yrPr;3070,59;181,89;385391,00850;5820448,31000;-
DEBE04YY50000B9M_0011;321,60;13,88;385440,32150;5820536,54150;-
DEBE04YY50000B9M_0012;222,38;14,65;385421,69500;5820541,93800;-
UUID_13ba522a-bb74-4022-8321-78edbf9d556e;1505,65;91,88;385516,37300;5820332,08600;-
DEBE04YY50000B9M_0010;317,63;13,76;385434,19450;5820536,06450;-
DEBE3Dh53BqDbaum;1980,36;110,57;385401,17450;5820469,88400;-
DEBE3DezJbvYYhWl;661,16;30,02;385201,85000;5820566,42450;-
DEBE3DmdiA8WI7I8;368,02;41,66;385327,37200;5820521,72200;-
DEBE3DFPzhOGR4uw;533,74;25,25;385164,26800;5820568,25950;-
DEBE04YY50000FxA_01;2401,83;81,49;385541,96800;5820326,48050;-
DEBE3Dad3V1DowBL;6170,38;633,37;385335,54350;5820522,19900;-
DEBE04YY50000FxA_02;2386,24;81,43;385555,50900;5820322,81700;-
UUID_9afa1ec8-b093-447d-ba53-17b6b7e29320;249,72;14,70;385422,70500;5820522,13550;-
DEBE04YY50000B9M_003;172,54;14,03;385441,13600;5820523,30600;-
DEBE04YY50000B9M_002;359,50;14,80;385434,73100;5820522,89150;-
DEBE3DC1k8DcK4Qv;15249,57;250,95;385310,67400;5820395,04250;-
DEBE3DEvWWq3yYhL;15552,83;263,21;385325,83950;5820396,97550;-
DEBE04YY50000B9M_005;316,49;13,55;385428,55600;5820528,91000;-
DEBE3D04YY50000Op0;2505,41;218,00;385463,86950;5820503,14500;-
DEBE04YY50000B9M_004;261,05;13,45;385422,35250;5820528,59800;-
DEBE3DmvSZhLVBZl;8012,59;430,18;385396,71200;5820482,42750;-
DEBE04YY50000MHu_03;390,73;23,88;385415,97300;5820490,19650;-
DEBE04YY50000MHu_02;1201,45;57,92;385396,07500;5820492,95300;-
DEBE04YY50000MHu_04;417,48;25,76;385416,62900;5820470,32300;-
DEBE04YY50000B9M_001;286,53;13,85;385428,86100;5820522,54850;-
DEBE3D04YY50000HDy;351,62;33,03;385404,74600;5820561,33250;-
UUID_83606b57-623d-4754-ad4b-b88401f62f97;1471,84;64,80;385388,73500;5820469,10500;-
DEBE3DncaZtlaL2W;2742,37;129,18;385204,48900;5820558,49050;-
DEBE3DE2qdbPQTAp;924,77;63,08;385412,45200;5820490,74100;-
DEBE3DntvneFlnFY;2226,47;117,33;385214,48750;5820560,41350;-
DEBE04YY50000ATs_01;3359,72;71,75;385392,71150;5820429,28200;-
DEBE3D04YY500006cf;202,05;65,39;385302,46650;5820431,08950;-
DEBE04YY50000B9M_01;10209,66;547,45;385431,63750;5820532,46500;-


Excluded 2 buildings from processing (reason: Unknown ALKIS code: 2600)

# GML ID [-];Volume [m3];Footprint area [m2];X [m];Y [m];Original ID
DEBE3D04YY500003m9;644,23;30,97;385451,03750;5820989,09700;-
DEBE3D04YY50000NQI;300,11;21,81;385449,37550;5820978,44350;-


Excluded 2 buildings from processing (reason: Unknown ALKIS code: 2621)

# GML ID [-];Volume [m3];Footprint area [m2];X [m];Y [m];Original ID
DEBE3D04YY50000ReH;2224,80;299,96;385489,48200;5820987,00250;-
DEBE3D04YY50000Qk1;57,36;18,41;385394,25800;5820618,30200;-


Excluded 8 buildings from processing (reason: Unknown ALKIS code: 2522)

# GML ID [-];Volume [m3];Footprint area [m2];X [m];Y [m];Original ID
DEBE3DSxvG6GzSwh;606,21;36,14;385298,62100;5820557,32950;-
DEBE3DnNHQKc0y62;3478,79;328,87;385119,04350;5820400,08100;-
DEBE3DYTXcl7ebA2;1510,78;84,43;385251,17050;5820537,95750;-
DEBE3DYWUU5gMJmB;2918,21;175,23;385283,54350;5820519,18450;-
DEBE3DReLZlLk7IE;12468,82;881,68;385298,32900;5820533,13950;-
DEBE3DzIRYQyNe1J;300,84;32,26;385109,38400;5820404,01400;-
DEBE3DJTHxfGKZQI;9745,97;563,79;385271,30800;5820537,08950;-
DEBE3DZLcuBZciTQ;757,44;43,19;385296,51000;5820508,82750;-


Excluded 37 buildings from processing (reason: Unknown ALKIS code: 1610)

# GML ID [-];Volume [m3];Footprint area [m2];X [m];Y [m];Original ID
DEBE3D04YY50002czx;50,58;12,41;385171,13150;5820979,59850;-
DEBE3D04YY50002cK2;755,71;170,55;385636,95600;5820607,94050;-
DEBE3D04YY50002bXp;22,01;6,13;385393,16600;5820511,24600;-
DEBE3D00YY1RC00049;114,73;38,24;385158,67700;5820665,24750;-
DEBE3D04YY50002cBn;235,22;78,41;385539,34750;5820510,46750;-
DEBE3D00YY2oD0000i;44,73;2,31;385606,39650;5820649,62300;-
DEBE3D04YY50002bXH;33,04;2,20;385108,43850;5820756,66150;-
DEBE3D00YY2oD0000h;55,38;2,87;385607,51800;5820666,73900;-
DEBE3D04YY50002cnG;49,68;10,01;385199,30050;5820990,95850;-
DEBE3D00YY2oD0000U;44,63;2,34;385605,78050;5820639,11100;-
DEBE3D04YY50002coY;51,49;11,49;385673,41300;5820706,99850;-
DEBE3D04AL4tn00007;49,82;14,22;385206,86200;5820551,08300;-
DEBE3D04YY50002cx7;6,82;2,62;385383,13750;5820917,29550;-
DEBE3Dd5XG4eq5hp;1230,69;230,97;385652,51200;5820625,67900;-
DEBE3D04YY50002bqG;304,60;110,67;385391,41600;5820561,78100;-
DEBE3D04YY50002cRL;271,06;63,48;385516,75550;5820621,74000;-
DEBE3D04AL4WP0000O;61,86;10,53;385113,25150;5820602,08450;-
DEBE3D04YY50002cOv;26,34;8,16;385139,79200;5820990,02100;-
DEBE3D04AL4WP0000P;134,24;20,68;385120,25950;5820601,65800;-
DEBE3D04YY50002cQ8;11,20;4,33;385284,31350;5820701,31600;-
DEBE3D04YY50002d0j;203,21;93,51;385486,23050;5820516,42600;-
DEBE3D04YY50002d0q;3747,46;414,48;385163,29100;5820394,31500;-
DEBE3D00YY2ZI0002c;861,85;172,52;385531,92600;5820958,74600;-
DEBE3D00YY2ZI0002d;625,89;87,52;385551,81100;5820957,77750;-
DEBE3D00YY2ZI0002e;168,09;55,34;385421,69750;5820906,00600;-
DEBE3D00YY2ZI0002f;24,45;10,01;385461,60650;5820958,86350;-
DEBE3D04YY50002bwW;114,73;38,24;385158,67700;5820665,24750;-
DEBE3D04YY50002d3m;30,77;5,75;385647,65950;5820581,59300;-
DEBE3D04YY50002cHW;80,07;24,47;385126,44400;5820986,94050;-
DEBE3D04YY50002cH0;595,42;129,28;385189,65500;5820623,87550;-
DEBE3D04YY50002cXq;33,43;10,19;385215,03050;5820391,20400;-
DEBE3D04YY50002bw7;16,59;3,63;385167,46300;5820598,54850;-
DEBE3D04YY50002bkN;6,22;2,66;385415,27550;5820918,36550;-
DEBE3D04YY50002cV9;12,86;4,19;385225,84600;5820805,13950;-
DEBE3D04YY50002cTc;51,98;20,43;385440,44200;5820560,86300;-
DEBE3DZHJJVVoQej;248,66;46,57;385661,67850;5820627,19500;-
DEBE3D00YY2l50001y;117,77;45,66;385192,49250;5820952,67600;-


Excluded 1 buildings from processing (reason: Building volume is smaller than required (0.0 m³))

# GML ID [-];Volume [m3];Footprint area [m2];X [m];Y [m];Original ID
DEBE3DIqnZCd9SpM;-78,84;47,24;385466,93400;5820364,66600;-


Excluded 731 buildings from processing (reason: Missing year of construction)

# GML ID [-];Volume [m3];Footprint area [m2];X [m];Y [m];Original ID
DEBE3D04YY50002biN;53,99;2,60;385598,40300;5820108,46450;-
DEBE3DpVRPMWlpwh;2206,95;99,05;385819,07850;5820902,02000;-
DEBE04YY500001f9_014;1854,83;100,05;385696,23100;5820515,02550;-
DEBE04YY50000QYJ_01;1088,32;47,56;385119,78550;5820144,86300;-
UUID_bbf22a66-17c1-414d-be30-4c2eddd3b8a3;8245,87;413,16;385438,87550;5820065,31900;-
DEBE3D04YY50002bah;30,31;11,23;385931,67850;5820233,75950;-
DEBE3D04YY50000Jom;313,67;35,71;385843,15550;5820026,69000;-
DEBE3D04YY50002bbK;78,98;17,25;385059,15200;5820901,61900;-
DEBE3DBGw7hqWm3h;643,80;28,18;385790,84300;5820900,19000;-
DEBE3D04YY50002cm1;97,16;32,40;385420,67400;5820116,19450;-
DEBE04YY500003fi_02;257,60;8,89;385941,19800;5820306,15500;-
DEBE3DwTMF5IEEiT;15229,37;1099,48;386016,78300;5820937,66750;-
DEBE04YY500001f9_013;528,18;19,02;385666,96150;5820485,45300;-
DEBE04YY5000008a_03;1036,41;153,66;385345,05600;5820038,97050;-
DEBE3DP3f4tdAcDm;840,82;44,34;385165,51300;5820096,30650;-
DEBE3DCHKwjNc4SJ;4722,90;226,74;385643,29900;5820057,43150;-
DEBE04YY500001f9_012;538,22;27,68;385668,98050;5820494,90000;-
UUID_842ad32d-0455-4575-9fca-c2f034bb2987;1251,40;86,41;385161,15500;5820031,57300;-
DEBE3D04YY50002c9Y;167,19;18,93;386006,28450;5820437,03500;-
DEBE3DWDWnP2FO3V;36,89;39,99;385646,05750;5820028,82250;-
DEBE3D04YY500009gU;324,56;66,34;385459,16500;5820135,23500;-
DEBE3D04YY50002clV;36,81;12,22;385300,85400;5820182,53650;-
DEBE3Drtr1oIlzPK;729,83;33,38;385531,90950;5820750,95200;-
DEBE04YY5000008a_02;22,67;5,93;385348,15700;5820046,64500;-
DEBE04YY500001f9_011;4008,47;185,18;385662,84450;5820494,68650;-
DEBE3DsIMBhOXa7A;5303,00;236,93;385663,72800;5820462,88350;-
DEBE3D04YY5000043J;17498,63;777,58;385049,16200;5820114,69700;-
DEBE3DcdmxIPOZn6;4886,87;224,86;385794,14850;5820039,77950;-
DEBE04YY500001f9_018;1441,31;76,77;385659,98650;5820528,12000;-
DEBE3Dw2r4vIzoCu;5631,39;238,97;385862,49750;5820029,42700;-
DEBE04YY500001f9_017;1125,59;39,10;385665,62950;5820535,52550;-
DEBE3DXe3OhEXEST;2047,48;92,73;385544,99600;5820817,15100;-
DEBE04YY500003fi_03;254,97;8,78;385955,11100;5820294,52150;-
DEBE04YY500001f9_016;1971,12;91,21;385692,68100;5820544,55800;-
DEBE3DrEhR3Dk95T;2338,11;131,96;385531,79700;5820214,02400;-
DEBE3DDat8BNbHRe;2060,64;90,93;385865,76450;5820105,79100;-
DEBE3Do8rDMsRMS0;2302,88;112,10;385603,72650;5820180,76350;-
DEBE04YY500001f9_015;2056,59;90,82;385693,01450;5820536,22600;-
DEBE3DRhJWPkqxH3;617,58;35,92;385708,32750;5820450,18600;-
DEBE3D04YY50000BOK;591,60;215,99;385146,47600;5820067,49150;-
DEBE3DEH9uf1SwVU;4556,58;222,67;385885,85600;5820127,91350;-
DEBE3D04YY50000E3l;2832,77;141,07;385975,07400;5820052,03800;-
DEBE3D04YY500002Dc;1713,69;348,79;385735,48150;5820367,48350;-
DEBE3Db91rbNi3Se;1990,64;90,76;385705,87600;5820082,73100;-
DEBE3D04YY50002bZ4;19,84;20,73;385672,07100;5820468,90250;-
DEBE3DlUpQBSHbLI;3731,86;190,69;385021,28100;5820151,80650;-
DEBE3D04YY500006ly;14896,78;670,03;385498,70950;5820825,23900;-
DEBE3DQbt6HXa3VB;5534,26;240,36;385551,28900;5820831,18450;-
DEBE3DMKvfyhoA41;250,57;25,28;386011,06100;5820446,97500;-
UUID_2a97d689-7cc7-4ab4-b392-da49df73b55a;5262,12;241,39;385709,61500;5820053,87500;-
DEBE3D04YY50000HuN;3543,01;224,31;385870,40400;5820135,11650;-
DEBE04YY50000REa_03;718,01;144,89;385399,65200;5820114,20950;-
DEBE3D04YY50000JTO;2562,36;129,96;385969,74850;5820062,02500;-
DEBE3DYCX2olLdmY;544,77;31,89;385055,14750;5820189,84650;-
DEBE3DKgsFEnJMt5;5847,42;262,56;385486,55350;5820803,38650;-
DEBE3D01YYK0003V51;377,85;76,02;385852,31550;5820958,74100;-
DEBE3DPNi0rHmLVA;15470,51;1113,63;386097,23600;5820913,83650;-
DEBE3D04YY50000R3Z;4920,28;220,66;385621,07200;5820080,80450;-
DEBE3DKaPQz74Iw3;1070,57;48,09;385771,33800;5820872,12550;-
DEBE04YY50002Xuc_01;600,35;28,80;385524,79800;5820218,34450;-
DEBE3DoLPKVrVEdf;191,43;77,29;385854,00750;5820820,17350;-
DEBE3DNPXxNrSkLK;453,64;55,82;385063,00950;5820901,33550;-
DEBE3DCSl2GFH4rR;416,36;26,42;385183,68750;5820171,49600;-
DEBE04YY500001f9_010;985,47;48,90;385657,58000;5820464,85350;-
DEBE3DAR3lzZHdDf;1208,75;57,12;385804,51900;5820887,64700;-
UUID_e8ceafe9-f257-4f27-a901-37fa13e05295;15309,37;539,23;385865,12500;5820768,26900;-
DEBE01YYK0002KRX_05;56,78;9,67;385866,46400;5820793,15600;-
UUID_ccfdfa75-d3a0-4466-b453-ec4d5bead93a;713,58;31,66;385998,69900;5820464,12800;-
UUID_720f2b46-4948-4431-adaf-d4fae420dee1;1840,85;87,15;385998,79800;5820018,08300;-
DEBE3D04YY50000GC4;114,82;48,36;385824,70700;5820019,78850;-
DEBE3DdeQDlsm1lH;1081,73;43,26;385901,28050;5820034,63600;-
DEBE3DXxkGPhlBTh;587,78;26,80;385014,17150;5820113,40050;-
DEBE3DFDPXWJ1Xkq;742,15;247,49;385691,58650;5820356,28550;-
DEBE04YY50000HAJ_02;2679,34;141,95;385168,33050;5820053,77400;-
DEBE01YYK0002KRX_02;5333,92;236,66;385853,60450;5820733,51950;-
DEBE3D04YY50000LRf;100,01;38,98;385656,94150;5820133,92650;-
DEBE3Dg4w4A2Xscr;210,34;43,95;385153,99700;5820166,84850;-
DEBE04YY50000HAJ_01;3355,04;184,18;385173,39000;5820038,17750;-
DEBE3DB96jyiGUFH;4978,21;237,49;385687,81750;5820065,72300;-
DEBE3D01YYK0003Uh9;10,21;3,96;385880,72400;5820758,74500;-
DEBE3DtrZpSocr3C;7294,41;328,31;385768,71800;5820886,68700;-
UUID_2c28ead2-a81b-4d82-98b4-7fdd8e586227;6331,25;268,24;385108,05850;5820151,53750;-
DEBE04YY50000LeJ_003;94,92;5,00;385391,52750;5820218,19000;-
DEBE3D01YYK0002QB0;23841,77;1002,30;385992,05500;5820710,82800;-
DEBE3DUjKts3uhJz;165,97;39,05;385863,88850;5820897,26400;-
DEBE3D04YY50000L8F;202,22;56,94;385926,88900;5820137,44100;-
DEBE04YY50000LeJ_004;995,97;45,73;385406,06100;5820226,54950;-
UUID_5842fc19-02d7-4c68-b2cb-5ffecef0f875;37,72;2,06;385447,25700;5820183,78750;-
DEBE3DYDGfx7yAib;2982,72;333,00;385142,70650;5820211,74700;-
DEBE3D01YYK0002Tm8;2688,97;241,34;386008,32100;5820794,72150;-
DEBE3DWx7Nj6P6op;769,80;32,08;385324,11600;5820213,99100;-
DEBE3DUec7cf88O3;6161,33;299,70;385665,22900;5820406,30600;-
DEBE3DmG2Qk58cek;1974,65;90,30;385795,27450;5820909,98200;-
DEBE3DDo8Oet7tTH;3949,99;220,57;385489,10400;5820183,46000;-
DEBE3D04YY50000C5n;3221,51;191,62;385533,24750;5820043,02450;-
DEBE04YY50000308_04;93,32;4,84;385574,86650;5820825,51800;-
DEBE3DN4JoQnYMUK;3417,48;109,52;385300,97400;5820221,45950;-
DEBE3DATKB100008VL;355,14;0,00;385474,74400;5820295,39400;-
DEBE3D01YYK0003VAv;238,56;51,60;385989,71450;5820725,54950;-
DEBE3DAWgUOMnuWw;659,63;43,38;385480,11450;5820064,02200;-
DEBE04YY50000308_03;11,09;3,70;385575,28700;5820834,49500;-
DEBE3D04YY50002cyw;20,86;1,29;385573,41100;5820041,69100;-
DEBE04YY500005wz_01;901,28;52,34;385996,80350;5820012,42550;-
DEBE3DwUAEZZqPTo;1456,23;82,00;385311,92050;5820173,13100;-
DEBE3D04YY500007AU;61,83;18,24;385497,16950;5820757,65000;-
DEBE04YY50000IPB_02;1133,86;63,48;385491,53250;5820209,37450;-
DEBE3Dz7K8owco32;2913,69;134,10;385022,71050;5820100,85000;-
DEBE04YY500003fi_01;130,87;5,51;385959,19400;5820289,09250;-
DEBE3DATKB1000086v;629,19;0,00;385713,72550;5820853,49900;-
DEBE3D04YY5000068a;97,14;37,12;385140,67100;5820055,36800;-
DEBE04YY50000IPB_01;1196,63;66,76;385487,02900;5820171,02400;-
DEBE3D01YYK0002TdQ;33,56;11,79;385798,02250;5820797,54950;-
DEBE3D04YY50000CA2;945,06;155,50;385821,56050;5820179,85400;-
DEBE04YY500002OR_02;187,19;43,42;385118,74700;5820139,65800;-
DEBE3DgaG9FrXBMt;3877,17;234,13;385543,94850;5820736,76150;-
DEBE04YY500002OR_01;144,91;39,29;385119,12750;5820128,25850;-
DEBE3D04YY5000020Z;5448,42;306,10;385535,89750;5820149,62850;-
DEBE04YY50000LeJ_001;97,42;5,41;385376,35400;5820217,43500;-
DEBE3DMol1JKz75F;4711,09;223,31;385062,09750;5820069,32050;-
DEBE04YY50000KWm_03;1115,94;63,61;385441,44000;5820149,05050;-
DEBE3D04YY5000025I;2465,82;176,38;385148,34650;5820135,59850;-
DEBE3DATKB100008Dk;1021,01;0,00;385960,93650;5820141,96100;-
DEBE3D04YY50002cqR;54,31;20,90;385319,11400;5820031,46600;-
DEBE3DQldyJ19Cpk;2558,88;85,57;385956,03350;5820282,68450;-
DEBE04YY50000REa_01;148,31;24,26;385419,86450;5820101,66000;-
DEBE3DTyg4kG1SAV;6806,76;319,17;385871,96950;5820048,19550;-
DEBE3DPjEg41SXnV;3085,27;165,70;385505,38600;5820219,81250;-
DEBE3DCuqpP8Mfhq;7435,03;328,63;385194,18450;5820076,01900;-
DEBE3DqpAz65H0ak;2828,90;131,81;385265,14600;5820184,98900;-
DEBE04YY50000LeJ_002;101,69;5,30;385383,87800;5820217,80950;-
DEBE04YY50000KWm_02;207,69;19,41;385429,78450;5820119,65150;-
UUID_af2bfa79-e165-4c90-979f-a7ae61a38e6f;1715,53;82,38;385107,74800;5820121,79550;-
DEBE3D04YY500003gu;553,17;170,25;385161,02000;5820068,00300;-
DEBE3D04YY500004Lo;45762,89;1962,30;385976,28000;5820503,24600;-
DEBE3DRK7ZtL1dUM;15623,24;509,09;385941,09850;5820296,12550;-
DEBE3D04YY50002cCT;47,90;19,95;385413,08150;5820082,62550;-
DEBE3DMJpJ8IbhEg;1996,96;88,98;385256,19350;5820161,10000;-
DEBE3D04YY50000CZN;1707,08;208,13;385432,14500;5820108,68950;-
DEBE3DrYYvUdrgPD;3389,39;173,09;385810,72600;5820816,59850;-
DEBE3DIwRAyjVNg3;16009,72;599,89;385699,48150;5820480,82550;-
DEBE3DjoEBJjwZ1v;6796,13;309,14;385244,73950;5820172,57950;-
DEBE01YYK0002KRX_06;68,75;8,20;385783,66850;5820779,84800;-
DEBE3DJeuQyjQUPP;5583,72;240,83;385205,90550;5820161,48650;-
DEBE3D01YYK0003VV6;71,62;24,06;385768,41650;5820961,44300;-
DEBE3DZ4ENi1ysSM;858,93;35,60;385678,57250;5820155,54900;-
UUID_79517ebc-046a-4273-bcee-93e5c9c575db;6767,86;1258,66;385045,95300;5820986,85150;-
DEBE3D04YY50000FfF;38,16;17,71;385966,64750;5820405,15200;-
DEBE3D04YY50000Fqq;1602,98;85,80;385873,93750;5820083,94500;-
DEBE3Dm4JYCbksTH;684,00;28,54;385576,40200;5820081,89800;-
DEBE3DrdbpPbrUs0;6018,76;286,38;385022,89500;5820122,52750;-
DEBE3D04YY50002bbi;209,26;75,47;385011,46400;5820059,43000;-
DEBE3DRmM8y3BJeJ;19290,74;624,11;385975,80350;5820309,71900;-
DEBE3DQHocijerj3;524,43;27,06;385190,22350;5820216,58800;-
DEBE3DT96VLtSEAT;145,07;46,55;385268,90200;5820136,31700;-
DEBE04YY500001f9_019;533,35;19,10;385666,14400;5820515,09350;-
DEBE3Du5oYu1GOGy;1042,42;45,09;385555,59000;5820735,79050;-
DEBE3DtY4Dk4ktk0;6578,18;297,57;385528,89900;5820832,23250;-
DEBE3D04YY50002ca3;239,46;10,43;385307,14350;5820208,96850;-
DEBE3DMUG4RU8yXR;647,75;44,25;385201,74400;5820203,03200;-
DEBE04YY50000308_02;6,74;5,63;385556,88700;5820815,71450;-
DEBE04YY50000308_01;92,20;4,77;385574,25750;5820815,12100;-
DEBE3DB8BsYwKl0P;1216,48;222,18;385720,15150;5820068,50100;-
DEBE3DfHFtoPAsTY;635,53;27,85;385562,34500;5820832,57150;-
DEBE3D04YY50000Goq;19,92;50,62;385525,35700;5820807,61650;-
DEBE3D04YY50000LjO;249,97;73,78;385972,86400;5820399,77300;-
DEBE3DtTCgY7WXtI;485,83;26,34;385667,85050;5820059,02350;-
DEBE3DrAAxpob1Oc;2205,18;127,18;385880,70000;5820112,55600;-
DEBE3D04YY50002cDK;198,79;15,12;385849,66650;5820138,54050;-
DEBE04AL45s00000_02;231,94;46,67;385956,91900;5820204,55500;-
DEBE3D01YYK0002MSF;1392,67;145,28;385826,57800;5820551,57450;-
DEBE3D01YYK0002PpJ;882,79;288,97;385832,68300;5820388,87450;-
DEBE3DP2vy3YVURp;7091,15;308,03;385824,35950;5820876,65350;-
DEBE3DGCypncot4G;1338,36;85,43;385520,45000;5820045,16450;-
DEBE04AL45s00000_03;7222,55;1224,78;386003,26100;5820221,15300;-
DEBE3D04YY50002c28;39,17;10,90;385088,40750;5820607,50650;-
DEBE3D04YY50000L96;6916,05;329,09;385109,11650;5820095,77550;-
DEBE01YYK0002Ofe_02;857,03;137,99;385851,10100;5820440,42600;-
DEBE3Dw2wHZo2Ksq;4999,67;228,39;385061,66100;5820170,66450;-
DEBE3DQBr6I4feI3;988,13;85,54;385343,84850;5820106,56950;-
DEBE04YY50000EFM_01;156,97;9,45;385199,00300;5820137,16850;-
DEBE04YY50000EFM_02;149,84;9,00;385207,97650;5820135,83950;-
DEBE3D01YYK0003URQ;79,61;25,08;385811,92700;5820952,68250;-
DEBE3D04YY50002cK9;158,45;6,14;385330,25150;5820225,82700;-
DEBE04YY500004Da_001;1229,07;135,41;386019,36400;5820474,15250;-
DEBE3Dwq7gdsvhw2;910,21;26,62;385297,24300;5820215,78250;-
DEBE3DUaQhRFRPTz;2026,94;96,57;385538,06650;5820818,28650;-
DEBE3Dl7erxzB9cg;5263,87;235,69;385654,58000;5820090,68100;-
DEBE04AL45s00000_05;234,28;46,71;385977,30300;5820187,19200;-
DEBE01YYK0002Ofe_01;409,44;27,54;385860,52800;5820429,57950;-
DEBE04YY50000EFM_03;671,41;30,56;385203,21750;5820135,48050;-
DEBE3DaE3xfYLdTt;710,18;28,78;385666,24950;5820511,26550;-
UUID_13f7558b-e45d-4fd4-88f4-ac01f870e3ad;2479,55;142,34;385176,13600;5820198,90950;-
DEBE3DrQgkXJUHdX;2211,22;101,04;385787,08050;5820058,41950;-
DEBE3DJL0nrQWMZP;3802,40;212,61;385492,56650;5820199,56600;-
DEBE3D01YYK0002S3s;325,15;94,20;385886,44800;5820761,79950;-
DEBE04AL45s00000_06;814,43;43,81;385997,05250;5820266,42600;-
DEBE3Dc9C9h5Gm85;2230,05;604,90;385832,60600;5820829,36000;-
DEBE3DKkdHYBcbxn;643,83;31,86;385870,03150;5820065,38650;-
DEBE3DDHUQYuKcAo;101,07;28,99;385148,57950;5820145,81200;-
DEBE3D04YY50000J3f;6191,91;274,97;385233,65450;5820094,10850;-
DEBE04YY50000CI9_02;428,12;46,08;385733,13800;5820084,15200;-
DEBE3DIAqqtJWnm8;454,46;29,08;385174,11400;5820175,19500;-
DEBE3DFybEdiAEhw;1013,82;48,59;386029,40750;5820528,11350;-
DEBE3DPUM4o9P7HV;649,53;28,89;385687,64100;5820054,41900;-
DEBE3DAakZwwdAv0;2056,13;131,58;385483,54650;5820071,77900;-
DEBE3DQDtZRvMAgt;3633,38;160,66;385569,08800;5820830,37950;-
DEBE04YY50000GFC_01;256,87;10,44;385584,15650;5820058,35700;-
DEBE3DXdYFpV1RVt;1363,57;261,02;385948,32750;5820382,91350;-
DEBE3D04YY500003Jg;334,33;101,31;385806,85450;5820171,60950;-
DEBE3DPaheGVhzR5;307,98;83,15;385479,54950;5820741,52850;-
DEBE3DIYDpiHQpV9;2064,04;105,59;385800,27300;5820051,60800;-
DEBE3DpmnW9e0h8x;3782,51;163,78;385567,95900;5820815,98300;-
DEBE3DPyJgCkpcjj;767,57;34,98;385513,92750;5820751,95400;-
DEBE04YY50000GFC_03;76,23;20,01;385570,81000;5820053,47050;-
DEBE3D04YY50000Axj;9734,14;502,17;385240,24200;5820140,71300;-
DEBE3DD4ViTT00Pu;5455,48;202,11;385330,50450;5820221,12000;-
DEBE3Dcn0wTlUp6D;2865,74;177,26;385376,49800;5820024,08350;-
DEBE3DnzdmSWiPBy;1078,53;67,65;385153,11800;5820028,65000;-
DEBE3DaYnXttraoc;1334,46;72,70;385273,89800;5820191,40600;-
DEBE04YY50000CI9_01;5336,87;266,93;385705,99650;5820114,29800;-
DEBE3DHwlbdjnEGV;2925,31;164,15;385492,79350;5820220,56450;-
DEBE3DLXH3yzrXjO;1916,58;87,48;385904,96900;5820012,29500;-
DEBE3D04YY50000H8v;6274,98;372,82;385053,11150;5820238,09950;-
DEBE3DwslXSmWsm7;616,28;28,77;385684,02200;5820088,63300;-
DEBE04YY500001f9_001;150,49;6,59;385658,80050;5820450,06050;-
DEBE3DgsNr89j9aA;1767,74;80,28;385859,96400;5820887,25400;-
DEBE3DF6jT5ozNOV;324,44;67,33;385406,74650;5820092,88000;-
DEBE3DAVv0bIVVvv;2176,78;95,55;385552,81400;5820806,36200;-
DEBE3DTNygzOM5DR;6415,06;244,65;385754,04900;5820313,48550;-
DEBE04YY50000GFC_02;491,43;23,06;385583,01300;5820049,26850;-
UUID_bd4f63fa-93a8-436a-8fa7-c84df5763056;1321,50;440,49;385882,56200;5820819,48400;-
DEBE3Dhgjx5sGHv2;3006,43;126,96;385166,75200;5820084,02850;-
DEBE3D01YYK0002NEn;11714,04;581,23;385782,52000;5820814,61250;-
UUID_9225be72-8631-4da3-9b31-f6ba03b5af35;1880,06;92,71;385969,71600;5820030,16200;-
DEBE3D01YYK0002Spu;30,58;11,29;385857,12300;5820803,83400;-
DEBE04YY50000LLi_04;500,12;42,23;385986,20350;5820353,39000;-
DEBE01YYK0002PJB_01;78,74;14,66;385883,09500;5820875,37500;-
DEBE3DLWTSpZQb4e;3044,66;176,39;385719,40750;5820449,88550;-
DEBE3Dj8kUyoHj3m;2118,94;93,33;385837,11200;5820896,11700;-
DEBE3DM7Nf5JDZjm;3892,90;162,13;385672,05700;5820161,47550;-
DEBE3D01YYK0003VJ4;1278,40;179,32;385820,24550;5821007,69350;-
DEBE04YY50000LLi_03;2294,79;207,56;385977,94550;5820378,93200;-
DEBE3D04YY500008w4;140,99;40,27;385398,40400;5820071,73100;-
DEBE3D04YY50000Mcy;36,88;14,49;385057,06300;5820034,79250;-
UUID_e90aa372-770a-465d-a5fc-4b130b55f9c6;2882,20;166,11;385185,72850;5820181,00800;-
DEBE04YY50000LLi_01;4471,92;376,20;385973,99000;5820371,34950;-
DEBE04AL45s00000_01;1742,86;327,66;385974,58300;5820243,46850;-
DEBE3D04YY500003zG;3806,24;197,29;385606,53600;5820159,91800;-
DEBE3DU6RJhXjBTC;2184,20;94,64;385807,82400;5820740,10950;-
DEBE3DiAFFrAXijY;3574,32;161,81;385782,81300;5820876,47150;-
DEBE3DgfrnjSeyCe;4616,39;222,10;385798,77050;5820875,99200;-
DEBE04YY500009rR_001;104,73;26,08;385147,97650;5820157,52650;-
DEBE3DACVu0wqCcO;162,65;32,58;385952,75850;5820374,77800;-
DEBE3DOI7hNjiUsn;4238,08;323,87;385493,13850;5820742,44800;-
DEBE3DSvBtr2IspK;2327,33;122,20;385895,89100;5820119,70750;-
DEBE3DUd0P2Gi8Z3;3913,00;183,61;385858,35600;5820076,85600;-
DEBE3D04YY50002ceM;6,58;4,67;385390,37300;5820106,05350;-
DEBE3DZkMEFq50ZN;714,76;28,90;385667,06400;5820481,61300;-
DEBE3D04YY500002k7;13438,99;579,47;385612,75600;5820036,74200;-
DEBE3D04YY500002k5;7970,96;427,46;385712,72150;5820151,53100;-
DEBE3D01YYK0003UOs;57,90;17,21;385748,45350;5820971,96100;-
DEBE3D04YY50002bUv;395,93;59,00;385729,78350;5820433,43400;-
DEBE3Da3TNnDaBze;5968,94;387,29;385668,28000;5820316,13000;-
DEBE3Dq4xYwAmZIJ;1115,35;169,35;385664,47150;5820443,06900;-
DEBE3D01YYK0003V1U;44,53;6,06;385866,96950;5820796,25000;-
DEBE3DypMUUWgSz7;5501,24;239,10;385767,69350;5820056,63700;-
DEBE3DTt7wZ9Xdt9;743,14;41,71;385498,87800;5820160,38150;-
DEBE3DMoQA977W9q;852,11;38,19;385558,47250;5820812,47950;-
DEBE3DUpMk4QiBB1;2071,84;108,74;385850,66700;5820042,47600;-
DEBE04YY50000CvZ_01;11,62;4,13;385390,48200;5820050,44700;-
DEBE04YY50000CvZ_02;2170,80;331,83;385360,96150;5820076,68300;-
DEBE3DkZ5o9GHlTX;1421,51;171,57;385408,67250;5820088,01400;-
DEBE3DqUrOVMynmL;1128,10;36,05;385295,16850;5820215,01250;-
DEBE04YY50000GeB_01;1377,12;90,31;385485,13550;5820080,91500;-
DEBE3D04YY50002czP;117,02;6,05;385693,79250;5820020,18150;-
DEBE3D01YYK0002S2v;5,09;40,08;385750,86950;5820513,61500;-
DEBE3D04YY500008cQ;3323,04;434,44;385666,19850;5820362,65350;-
DEBE3DATKB1000082h;1095,52;0,00;385640,42000;5820245,44150;-
DEBE01YYK0002PLs_01;220,68;33,46;385852,24200;5820892,47400;-
DEBE3DskylibReTV;6415,92;272,61;385788,79450;5820086,81300;-
DEBE3D04YY50002d2P;47,36;13,44;385398,03200;5820077,97650;-
DEBE3DzWrlL2Qnnq;169,99;35,37;385062,44400;5820894,75550;-
DEBE3D04AL44k0000K;6411,15;363,05;385573,16150;5820199,78250;-
DEBE3DztfztGEaGv;1204,21;54,31;385551,82600;5820088,18750;-
DEBE3Daj4rOCbZXC;2491,67;86,25;385935,82300;5820258,50900;-
DEBE3D04YY50000KiA;47,76;17,44;385943,57700;5820006,65250;-
DEBE3DcIKgWx5NEy;837,03;109,37;385295,95800;5820092,34350;-
UUID_a3a552dc-0747-41e2-8555-2f73e983a9cd;3742,19;181,35;385357,73600;5820028,89750;-
DEBE3D04YY50002cwp;0,52;14,13;385680,10150;5820017,32700;-
DEBE3D04YY50000Qgb;89,68;40,12;385825,26350;5820163,44050;-
UUID_08b5d2c3-793c-4a8a-9707-7cd908014cec;1382,78;54,72;385503,79350;5820739,22650;-
UUID_04eea290-2f14-4105-9962-4331059ae15f;1887,43;105,16;385485,78250;5820086,77100;-
DEBE3D04YY50000Alf;673,50;46,06;385558,66700;5820106,83000;-
DEBE04YY50000Ozz_01;5127,94;244,81;385817,78600;5820074,52850;-
DEBE3D04YY500005TY;287,07;125,87;385571,41750;5820119,78300;-
DEBE3DVvDX6wNKvx;5053,07;220,26;385625,26800;5820097,55950;-
DEBE3D04YY50000JwH;6304,17;255,88;385696,97150;5820277,87200;-
DEBE3DEWS5jDlgm8;1145,98;132,53;385408,56200;5820111,37150;-
DEBE3D01YYK0003UUg;17,15;9,81;385867,02950;5820953,51500;-
UUID_14af8068-7ad9-4151-8fce-5d199e9f31f5;4514,45;209,80;385631,35900;5820114,96400;-
DEBE3D04YY50002cHv;8,27;2,28;385486,22950;5820065,72150;-
DEBE3DxuMCU1D33g;2871,80;126,52;385691,63050;5820084,04500;-
DEBE3DLHRQsDZPne;5509,32;254,49;385895,88500;5820024,26600;-
DEBE3D00YY2jv000Al;25,06;8,38;385860,57150;5820836,96350;-
DEBE3Dyza1lb1Vka;1587,78;68,78;385786,46000;5820908,14350;-
DEBE3DpeAoN5mvs8;8214,25;535,45;385496,21150;5820051,81100;-
DEBE3DNR1Zf08qne;4514,46;624,75;385813,34000;5821040,37150;-
DEBE3DDS7OYLGdfa;517,71;93,96;385765,67800;5820022,84450;-
DEBE3DRsSRcbdbtU;68,75;74,08;385463,16250;5820257,39700;-
DEBE3Dak2rstndsQ;2199,02;222,13;386000,16800;5820439,50600;-
DEBE04AL1YM0001c_01;488,73;29,32;385195,67850;5820210,87050;-
DEBE3DgvmPhfdqvD;1728,55;78,01;385631,57500;5820066,65600;-
DEBE3DTNyTT1N4FA;9311,36;1114,70;385300,07450;5820125,58250;-
DEBE3Dr42OclAVhS;1059,29;51,92;385675,56700;5820062,56000;-
DEBE3DrklmzDQC2F;959,32;84,61;385991,99850;5820360,99950;-
DEBE3D04YY50000PRQ;200,67;39,98;385689,46900;5820459,64400;-
DEBE3Df2ylyYvCd9;738,83;31,79;386014,83700;5820522,17050;-
UUID_9244cb05-1362-4a52-92ad-797220533611;3026,84;141,33;385664,61650;5820429,87450;-
DEBE3D04YY50000EqE;3520,59;220,48;385061,11000;5820210,79250;-
DEBE3Dl3QpxFjzJb;1610,55;66,65;385694,87150;5820049,91300;-
DEBE3DBU6xIWz2sp;3095,33;99,28;385315,73850;5820219,09300;-
DEBE04YY50000JkA_01;8,02;2,62;385488,97000;5820781,25650;-
DEBE04YY50000LeJ_02;2305,87;413,64;385394,33900;5820208,30550;-
DEBE3D04YY50002cZQ;17,90;6,09;385493,76650;5820163,46800;-
UUID_8bd071d9-fbb4-451b-bf26-e02cc64f849c;6626,75;323,02;385377,96050;5820060,55800;-
UUID_13a9dcde-1152-4b77-9ee2-f38e8a3ae430;2297,95;167,68;385135,75250;5820119,87750;-
DEBE3DtMkuzolELI;5721,43;250,89;385566,15950;5820798,91150;-
DEBE04YY50000LeJ_04;27,27;9,09;385353,08700;5820215,39300;-
DEBE3D04YY50000ITl;6291,59;255,87;385754,73100;5820288,45200;-
DEBE04YY50000LeJ_03;143,82;8,11;385353,00400;5820216,44700;-
DEBE3D04YY50000J6N;6315,13;255,87;385730,88200;5820271,80000;-
DEBE3D01YYK0003Uqw;66,41;9,96;385865,43100;5820789,87900;-
DEBE04YY500007ui_01;52,60;14,17;385682,17850;5820154,65100;-
DEBE3D04YY50000Poz;21680,03;479,84;385756,30300;5820148,21000;-
DEBE3DQTydiF1XIG;666,93;29,44;385513,25150;5820746,32500;-
DEBE3D04YY50000EeM;8705,12;422,66;385952,07400;5820075,03050;-
DEBE3D04YY50002bnv;17,14;4,34;385397,38500;5820090,82600;-
DEBE3DESty8gJTuY;1261,15;63,14;385041,81650;5820165,63000;-
DEBE3DysyUHTtVfv;605,42;27,56;385532,10850;5820745,30450;-
DEBE3DEApeIBQnNo;4250,10;253,32;385554,51300;5820037,42500;-
DEBE3D04YY500001Cl;5768,44;272,63;385062,03400;5820089,21350;-
DEBE3Df01YM4tQvM;5369,91;242,21;385777,87100;5820071,89400;-
DEBE04AL1YM0001J_01;527,40;117,10;385193,52450;5820148,87200;-
DEBE3DW2lZa4vIwN;281,95;26,91;385142,48100;5820203,74900;-
DEBE3D04YY50000I2X;947,65;203,67;385515,39700;5820770,39600;-
DEBE01YYK0002MPF_01;905,39;257,35;385944,32200;5820742,66150;-
UUID_d040b5b9-6231-4368-837b-e3ecdb024cd3;4268,26;208,63;385454,22800;5820146,72650;-
DEBE3DD8c1CQjDIN;56,63;51,77;385690,16600;5820076,64050;-
DEBE04AL1YM0001m_01;345,53;22,40;385170,70750;5820199,73450;-
DEBE3DiMFUu6x9eL;6690,67;374,23;385496,23700;5820108,75350;-
DEBE3DqCrOTjIzak;1330,17;63,83;385840,87850;5820056,16200;-
DEBE3DDgFkZaITJY;4638,33;215,64;385565,73450;5820133,16350;-
DEBE3DkkfxLFpE0g;2348,46;106,50;385799,77800;5820896,94650;-
DEBE3Dth7BuS2TJ0;5187,02;329,59;385808,14200;5820919,96150;-
DEBE04AL1YM0001J_02;3311,81;198,45;385205,50850;5820145,62300;-
UUID_66514cca-01c1-43f7-a631-2265fc226763;4385,54;195,50;385107,98750;5820133,45500;-
DEBE3DmVZzYlFYEl;1283,02;64,65;385015,38800;5820163,38100;-
DEBE3DwqL0PebVxL;609,77;33,58;385374,07200;5820223,17900;-
DEBE3D04YY50002c6Q;572,77;123,50;385295,82700;5820092,96750;-
DEBE3DGd1EgUnupA;2080,03;104,82;385565,78200;5820084,77800;-
DEBE3D04YY50002cEl;89,72;24,42;385421,71850;5820084,03350;-
DEBE3DqdaJS2HMk8;1187,37;237,43;385967,85800;5820365,30550;-
DEBE3D04YY5000061P;2843,09;623,60;385305,50700;5820048,49800;-
DEBE04AL1YM0001J_03;3771,10;185,10;385211,07050;5820177,14100;-
DEBE3DuxBRYYKmpF;2184,90;90,38;385178,50500;5820087,80050;-
DEBE3Dx3MZkBMx1j;1856,26;80,76;385640,32650;5820100,17900;-
DEBE3D01YYK0002V8N;0,14;4,04;385988,26400;5820796,73350;-
DEBE3DTllbA1jmlw;3258,13;177,42;385519,27150;5820217,11500;-
DEBE04AL1YM0001J_04;511,21;26,16;385205,11000;5820178,04550;-
DEBE3DNnAf4x9phL;10573,89;376,70;385826,21100;5820739,57550;-
DEBE3DXkCOJHTCSh;682,96;41,29;385935,60100;5820975,85900;-
DEBE04AL1YM0001J_05;539,12;40,98;385182,03200;5820151,01250;-
DEBE3D04YY50002d1d;117,59;33,89;385328,28050;5820076,52300;-
DEBE3DjiBLhdDySe;895,67;41,91;385497,03050;5820809,94900;-
DEBE3D04YY5000087b;472,23;72,47;385428,81450;5820092,31350;-
DEBE3DgPqTNzHdSP;16255,27;706,55;385726,25100;5820325,38700;-
DEBE3D04YY50000LJ2;35,61;8,18;385157,47450;5820160,73050;-
DEBE04YY50000LB3_01;1625,04;91,49;385505,63350;5820156,35400;-
DEBE01YYK0002KRX_001;9540,46;517,32;385790,50700;5820768,93600;-
DEBE3DLd6kqqnXkd;2882,18;128,91;385895,80800;5820094,65450;-
DEBE3D04YY50002c57;0,51;5,86;385713,38250;5820473,22200;-
DEBE3DeCJLGaYBwD;6475,06;314,86;385601,83650;5820191,04450;-
DEBE04AL1YM0001J_06;1657,70;85,16;385181,47250;5820153,06500;-
DEBE3DmPk9wv9vsz;810,07;172,05;385826,17900;5820729,62000;-
DEBE3Ds3up00eiKD;4048,60;106,97;385968,45200;5820197,48000;-
UUID_c0cbf166-ff85-4bc9-9ab4-570ba11e5b75;5943,73;278,92;385201,59400;5820123,36450;-
DEBE04YY50000G30_01;2362,53;101,44;385565,31700;5820078,94500;-
DEBE04YY50000H5r_01;329,73;25,90;385131,92850;5820163,13350;-
DEBE3DmA1dr8OwzH;4402,98;128,07;385307,28100;5820215,60250;-
UUID_607f9220-e8cf-4dad-9523-7ca8e8bb5ca6;5935,03;625,40;385888,15350;5820888,95400;-
DEBE3DQk8bNFwDYA;764,80;42,77;385496,45400;5820180,58900;-
DEBE3DIkt9RZhk56;666,95;28,86;385887,42600;5820096,15150;-
DEBE3Da0CBydQFB3;964,29;134,64;385972,80000;5820803,68500;-
UUID_6a9475aa-1373-435c-9175-796891161ea7;5099,93;358,19;385721,92300;5820429,44350;-
DEBE04YY50000H5r_02;1065,66;91,93;385132,24100;5820170,27000;-
DEBE3DqVdMtM2j17;5078,72;217,98;385308,98150;5820198,62200;-
DEBE04YY50000H5r_03;345,54;27,44;385131,97150;5820164,03200;-
UUID_acdbc487-39d5-4373-81a3-fceed0a1277a;2485,05;142,61;385171,23000;5820166,77550;-
DEBE3De1scVjWRxa;2061,83;98,43;385842,35700;5820069,15750;-
DEBE3Di2qfslOHOQ;6047,48;259,86;385586,76450;5820086,51750;-
DEBE3DL1NYDl7Svb;961,60;134,55;385954,59850;5820809,65350;-
DEBE3D04YY500007x2;203,92;55,82;385857,16600;5820119,28150;-
DEBE3D04YY50000Rko;2901,84;206,12;385633,96650;5820134,02600;-
DEBE3DbxxCndcf0g;483,39;30,15;385141,00000;5820162,54600;-
UUID_039255bb-d400-41c3-8aa5-d8714e9febe5;9283,80;401,88;385187,95350;5820050,16150;-
DEBE01YYK0002MrR_01;14055,48;657,68;385913,86650;5820982,37500;-
DEBE3DdXNpv0wyWe;1790,14;115,93;385682,05500;5820303,55900;-
DEBE3DWcF30s8Vls;3346,44;145,19;385848,47450;5820876,28150;-
DEBE3D04YY50000PwY;233,30;70,95;385983,69900;5820390,89400;-
DEBE3D01YYK0002SFy;62,66;22,91;385810,62800;5820948,27250;-
DEBE3DXn87cwLPyr;68,43;31,08;385808,29950;5820081,88900;-
DEBE3DzCDbnMlyJ7;349,03;26,12;385188,59050;5820203,62500;-
DEBE3DAbCFuvYrrW;16517,25;677,90;385913,11650;5820058,02800;-
DEBE3DqiYbMKOe2V;56867,11;4103,44;386066,53450;5820957,47250;-
DEBE3Ddiv2BJlMJa;1385,77;61,31;385802,21050;5820084,41700;-
DEBE3D04YY50002bUa;30,67;7,53;385463,18100;5820189,23150;-
DEBE3D04YY50000Ixt;281,26;108,00;385129,13750;5820054,68350;-
DEBE3DzpxtnPCInI;1415,92;117,63;385854,41950;5820422,80250;-
DEBE3D04YY50000652;2670,35;173,76;385849,72350;5820132,66750;-
DEBE3DkyGn2gFr9Y;14842,27;540,07;385695,92200;5820510,44650;-
DEBE3D04YY50002cXn;69,05;35,26;385141,18300;5820157,99500;-
DEBE3DbGmlvMsfTP;826,56;95,91;385421,84900;5820109,59200;-
DEBE3DzR2yAv75ZM;3607,14;209,24;385062,55900;5820190,02600;-
DEBE3D04YY50002bVH;74,03;24,78;385404,36650;5820081,13100;-
DEBE3DiMJrSG1YKf;348,67;28,70;385653,97400;5820061,90450;-
DEBE3DlGmho4Gvnh;1248,10;54,51;385776,70800;5820904,71700;-
DEBE3D01YYK0002MHB;15244,69;697,03;385775,69050;5820926,45750;-
UUID_21527a90-8674-4877-99d8-689293a73b5f;5255,46;374,02;385335,90800;5820041,24350;-
DEBE3DXpd9xtUrhu;29,80;12,52;385423,21450;5820066,95400;-
DEBE3D01YYK0003V3w;339,75;40,31;386001,31050;5820956,25350;-
DEBE3DD4th6VUPcq;2127,08;101,04;385035,53400;5820174,70500;-
DEBE3Do9qZtjRz1h;1738,97;62,92;385989,32750;5820312,19150;-
DEBE3D01YYK0002Pn5;1399,77;67,77;385842,38550;5820891,75600;-
DEBE3DhsXBHy7ShX;4261,90;201,97;385248,17700;5820193,14700;-
DEBE04AL1YM0001J_001;5490,78;240,06;385210,80800;5820193,62850;-
DEBE3DBQqDfmD0SY;1792,19;73,86;385305,49200;5820185,32400;-
DEBE3DAqpr7DM1bF;4727,69;225,38;385834,06600;5820043,95550;-
DEBE3D04YY50000CHv;627,68;89,83;385664,85400;5820333,47700;-
DEBE3D04YY50002ch6;22,45;4,54;385960,73150;5820074,64050;-
DEBE3D04YY50002d0S;28,53;10,77;385916,45650;5820246,44300;-
DEBE3DyQ7WxgcsDP;451,00;29,22;385176,39700;5820190,02200;-
DEBE04YY500007qB_01;185,95;15,20;385337,32200;5820099,77850;-
DEBE3D04YY50002bnV;123,78;6,38;385698,34000;5820027,22700;-
DEBE3D01YYK0002KUr;939,47;201,85;385961,52750;5820683,32900;-
DEBE3D01YYK0002TvB;30213,60;1318,12;385893,87200;5820932,49000;-
UUID_b15db690-e47e-467c-802c-9f8e3af7bdad;4739,58;196,18;385576,87700;5820052,17650;-
DEBE3DN616CRtR6p;22705,87;1422,43;385924,37950;5821005,28600;-
DEBE04YY50000Ig1_01;997,39;54,39;385697,22800;5820056,68450;-
DEBE3DsNJyPtBsR0;4540,05;191,93;385932,15000;5820088,24000;-
DEBE3DAFQQTkbWhI;1969,81;91,27;385813,12300;5820903,77350;-
DEBE04YY50000Ig1_02;946,53;52,46;385667,08800;5820064,50800;-
DEBE3DmVKxYP8j7N;617,23;72,61;385421,71950;5820098,52700;-
DEBE04YY500002OR_001;3602,47;180,13;385129,99800;5820134,67350;-
DEBE3DircRZplJRn;2518,96;118,76;385579,31650;5820123,28700;-
DEBE04YY500006xB_01;916,99;54,72;385967,39700;5820024,56750;-
DEBE3D04YY50000AW2;5964,17;365,68;385816,98350;5820118,57000;-
DEBE3DbTDYhtqIG1;654,13;37,99;385122,55050;5820163,81800;-
DEBE3D04YY50000OkC;1704,26;136,92;385456,66700;5820121,67300;-
DEBE3Dt1m7EAl1iO;2182,04;109,56;385608,72250;5820173,82700;-
DEBE3DocPppV1Dqi;1168,89;202,68;385941,57400;5820388,08750;-
DEBE3DcAZK6TF9C5;4178,91;238,58;385616,75150;5820063,62500;-
DEBE3DrjwoVnzkVd;4056,96;200,76;385808,82850;5820059,43650;-
DEBE3DwV9ioFial9;1533,86;69,44;385826,66800;5820061,35800;-
DEBE3DCnH7HCQS5n;742,69;44,79;385196,85100;5820170,92900;-
DEBE3D00YY2d0000s3;1032,63;72,27;385984,12100;5820910,15550;-
DEBE04ALk800000U_03;44,85;2,08;385658,81900;5820417,37200;-
DEBE3Da7wG2cSbzs;694,42;31,18;385778,75350;5820057,17050;-
DEBE04ALk800000U_02;245,85;87,65;385682,17900;5820386,04250;-
DEBE3DATKB1000081V;2157,86;0,00;385079,91750;5820305,15950;-
DEBE3Dgdf0qQsVrx;579,07;29,33;385179,04800;5820207,32050;-
UUID_4ffb4573-5c49-4d9b-a879-f4e979cd8af5;5402,44;279,20;385550,15600;5820208,38600;-
DEBE3DL280lgKbCB;6468,41;331,69;385832,27700;5820912,60950;-
DEBE3DI9yjYY3O36;883,98;41,64;385014,79250;5820107,39150;-
DEBE3Drc9UixwnwF;386,79;25,37;385673,96050;5820300,98600;-
DEBE3D04YY50002cbB;663,77;153,28;385510,66200;5820808,25350;-
DEBE3DSUCDPCcWYK;773,98;37,67;385558,62450;5820141,79500;-
DEBE3D04YY50002cRr;253,52;91,18;385025,32350;5820090,98000;-
DEBE3D04YY50000AeE;867,50;114,35;385156,47650;5820121,14850;-
DEBE3DibOHz9vxIZ;5499,69;236,70;385749,25800;5820026,72650;-
DEBE04ALk800000U_01;396,13;17,74;385659,47100;5820389,60850;-
DEBE3D01YYK0003VX2;15,90;5,38;385960,46300;5820801,15800;-
DEBE3DZamnT1FK9F;132,75;35,56;385955,04350;5820392,25050;-
DEBE04YY500007ac_03;1248,09;61,17;385304,83050;5820175,82950;-
DEBE3Dt3Ii8L2FfE;2531,72;152,64;385665,80100;5820389,44400;-
DEBE3D01YYK0002OL5;111215,29;8778,54;385995,19550;5820962,08900;-
DEBE3DRsBcOsHTg5;3068,26;171,67;385488,00300;5820096,91250;-
DEBE04YY500007ac_04;147,26;9,61;385313,84250;5820169,26850;-
DEBE3DP9MVmckxRg;15600,06;508,06;385920,40350;5820271,96850;-
DEBE3DvzPGvvlMJT;911,78;41,37;385183,50350;5820067,48600;-
DEBE3DQagt2gnhtQ;1508,10;67,88;385538,04500;5820748,21450;-
DEBE3DpEIn9eKYge;573,20;26,13;385186,59350;5820190,67150;-
DEBE3DwexqgCfjXF;482,63;55,95;385410,46650;5820117,53800;-
DEBE3DxFnRzXVHYD;1905,88;87,50;385519,45550;5820819,03950;-
DEBE3DvBD2Un7MUD;1376,54;81,84;385112,61350;5820036,69350;-
DEBE3D01YYK0002TKT;0,57;11,25;386000,64750;5820806,38750;-
DEBE3DcCElqw1dA8;4602,38;222,45;385881,39400;5820066,61000;-
DEBE3DWn3txYqr1J;6635,30;236,87;385797,67300;5820734,15050;-
DEBE3D04YY50002cGx;66,32;15,72;385066,78650;5820901,05750;-
DEBE3D04YY50000ODE;4980,20;242,48;385854,69000;5820013,83350;-
DEBE3D00YY2bD000I4;3113,04;252,00;385135,92150;5820103,18450;-
DEBE04AL1YM0001r_01;341,98;22,47;385165,80000;5820167,61700;-
DEBE04YY500007ac_02;1420,76;69,26;385312,79750;5820184,90950;-
DEBE3DpU585coXIB;2082,90;86,46;385786,95150;5820051,56150;-
DEBE3D04YY5000098C;9591,98;425,20;385765,89550;5820036,40550;-
DEBE3D04YY50002bni;33,78;13,44;385756,31500;5820137,21550;-
DEBE01AL4ie0000z_01;320,27;15,68;385813,20000;5820881,46850;-
DEBE04YY500008Rt_004;293,23;17,62;385710,82150;5820439,29900;-
DEBE3DyuA08jaYFY;1142,70;56,48;385183,36150;5820093,23950;-
UUID_1a9a9e00-759a-445b-b705-cd2eaf771f14;2877,30;132,07;385373,06250;5820132,66950;-
DEBE3D04YY500003mm;191,33;68,83;385547,29900;5820118,07300;-
DEBE01AL4ie0000z_02;1915,46;99,59;385834,00900;5820885,21950;-
DEBE3DaPB7bXQA36;113,78;37,92;385959,04650;5820383,98750;-
DEBE3D01YYK0003UTX;130,72;51,67;385884,47000;5820951,74850;-
DEBE3DzTzmnL1jBg;2630,54;243,76;385336,71450;5820116,78600;-
DEBE04YY500008Rt_002;302,38;17,60;385711,34150;5820424,59000;-
UUID_803bdaed-817f-441a-8559-72104271a166;3469,63;193,61;385487,83900;5820160,08450;-
DEBE3DyaFkMszf7A;706,80;33,67;385061,13400;5820042,82500;-
DEBE04YY500001f9_024;5,45;1,82;385661,90350;5820546,60000;-
DEBE3D04YY500008n8;1263,69;152,90;385859,79400;5820096,10700;-
DEBE3D04YY500009yz;12308,05;561,11;385251,28150;5820107,08750;-
DEBE3D04YY50000Ifx;2531,24;137,57;385017,70100;5820019,27900;-
DEBE3DATKB100008UM;303,16;0,00;385586,65150;5820469,88350;-
DEBE04YY500001f9_023;667,05;21,32;385667,00500;5820543,68100;-
DEBE3D04YY500004Ft;13342,64;596,11;385582,73050;5820146,56800;-
DEBE04YY500008Rt_003;303,15;17,64;385711,04050;5820433,74000;-
UUID_5d5e900d-fd29-4726-b8ce-ff05d981fe98;994,19;49,38;385553,35050;5820081,48650;-
DEBE04AL1YM0001J_08;622,29;31,93;385210,96400;5820209,18400;-
DEBE04YY50000MYc_01;17208,05;880,30;385455,02300;5820203,48000;-
DEBE3D04YY50002bxG;401,42;21,84;385014,76200;5820013,81200;-
DEBE04YY500008Rt_01;3054,16;230,24;385710,89350;5820429,09300;-
DEBE3D00YYOb000041;1592,97;175,20;385987,16400;5820948,61650;-
DEBE3D04YY50002cDp;20,02;5,48;385550,09150;5820214,51100;-
DEBE3DmaIP5bwlWV;286,49;26,45;385305,32550;5820169,18600;-
DEBE3DNhwBRT8jwN;2735,76;131,29;385853,05950;5820048,24600;-
DEBE3DiqoXxAMY3J;232,09;35,98;385063,41650;5820907,96000;-
DEBE3D04YY50000O4o;3979,53;160,63;385666,66400;5820280,71700;-
DEBE3DEzW0qQlcrp;22252,81;1407,52;385910,27900;5820957,32000;-
DEBE04YY500009in_01;5,39;5,06;385346,80300;5820036,29650;-
DEBE04YY50000Gzz_01;1276,15;69,88;385064,97150;5820040,82100;-
DEBE01AL4ie0000z_03;562,45;28,49;385856,86350;5820878,82750;-
DEBE3DK9KNftYeU0;13565,33;487,42;385690,93550;5820540,05550;-
DEBE3Dy9iwiaqxXJ;1164,64;187,66;385383,59500;5820224,36100;-
DEBE04YY500001f9_022;22,29;1,85;385658,45800;5820546,50500;-
DEBE3DPo3Q3AWV7K;387,61;27,95;385194,39400;5820154,55100;-
DEBE3DTwxlOh0DJr;530,62;26,06;385211,41550;5820207,11350;-
DEBE01AL4ie0000z_04;1839,59;96,33;385832,52750;5820870,18400;-
DEBE3D04YY50000M2U;2437,55;146,48;385964,23250;5820016,93000;-
DEBE04YY50000MYc_02;5140,05;300,57;385455,32300;5820196,95200;-
DEBE3DTdxTS0gGqr;581,55;28,76;385806,11200;5820040,28900;-
DEBE3DlCImAyFSpo;532,04;317,45;385265,73450;5820125,79700;-
DEBE3DaMTr1yFvRJ;4778,63;208,26;385764,76800;5820907,74300;-
DEBE3D04YY50002bnZ;18,29;5,70;385574,34000;5820205,93950;-
DEBE3DdmaCjLY1lf;2175,81;105,62;385780,96300;5820899,56350;-
DEBE3DD80HTh5Jhq;620,92;40,26;386019,92950;5820529,93850;-
DEBE3Dqx3N9qxMRx;1875,53;117,72;385432,58000;5820149,26000;-
DEBE3DDgyiynSfFO;2728,85;121,61;386016,41450;5820810,84450;-
DEBE04YY50000MYc_03;385,06;80,22;385422,27800;5820222,37700;-
DEBE3DATKB100008U9;329,80;0,00;385574,28200;5820446,39400;-
DEBE04YY500001f9_021;3993,79;185,72;385662,06150;5820524,35650;-
DEBE04YY50000MDO_01;105,02;56,98;385676,87550;5820090,19900;-
DEBE3DPmA0klVRc5;2703,72;119,84;385845,84450;5820740,17300;-
DEBE04YY500001f9_020;547,03;27,56;385668,19300;5820524,55950;-
UUID_3ac4b395-3697-4e8c-9d19-fb8905e7d3b0;880,05;216,29;385860,23600;5820902,69000;-
DEBE04YY50000MYc_04;7292,22;386,65;385427,77550;5820226,84950;-
DEBE3Dzx1fZLFA9e;5855,96;253,68;385563,60850;5820740,96900;-
DEBE3D04YY50000AX4;4176,94;218,15;385687,87550;5820024,64600;-
DEBE3D04YY50002bYs;37,70;2,21;385517,39550;5820054,19500;-
DEBE04YY500007ac_07;243,25;13,18;385329,48100;5820213,72150;-
DEBE3DjQSbmKL8xU;2047,12;127,47;385430,32500;5820132,74050;-
DEBE3D04YY50000900;28555,21;918,16;385910,26050;5820239,38350;-
DEBE04YY500004Da_03;567,14;36,19;385995,18700;5820455,33300;-
DEBE3DnBDalTqrHS;7572,02;245,25;385954,35550;5820325,37050;-
DEBE3DkcL3qQdAF1;897,19;38,61;385663,93300;5820025,11150;-
DEBE04YY500004Da_02;20604,98;1064,84;386011,91200;5820490,48400;-
DEBE04YY5000045I_01;136,94;4,78;385933,66650;5820271,32100;-
DEBE3D04YY500008i2;3875,15;217,63;385252,35400;5820209,80000;-
UUID_d40a7c72-c7a9-48bc-92f9-f0b5a44ffd2f;11616,87;489,14;385725,15000;5820093,23000;-
DEBE04YY5000045I_02;114,90;4,00;385937,55950;5820268,08750;-
DEBE04YY50000OpZ_01;1566,26;68,21;385804,72300;5820107,83100;-
DEBE04YY5000045I_03;129,98;5,62;385938,98300;5820264,89000;-
DEBE04YY5000045I_04;140,67;4,92;385922,22450;5820280,91350;-
DEBE04YY500008Rt_001;297,48;17,65;385711,55100;5820419,02700;-
DEBE04YY50000OpZ_02;136,63;7,26;385799,44550;5820093,41650;-
DEBE3Du6Ea1YW2zh;4026,25;262,03;385902,29400;5820109,91950;-
DEBE3D04YY50002bwM;206,33;46,18;385933,54700;5820075,60750;-
DEBE04AL44k00003_01;864,28;44,72;385538,06650;5820212,19650;-
DEBE04YY500007ac_08;124,98;9,50;385332,73100;5820214,23400;-
DEBE04YY5000045I_05;114,01;3,96;385918,30700;5820284,16750;-
DEBE3D04YY50000FBd;4246,96;195,87;385632,09900;5820020,52600;-
UUID_f439a8d5-1f89-4d65-8d06-b77931765abb;3860,80;217,60;385515,71200;5820153,53750;-
DEBE3DGHxY4B4fMJ;1524,55;485,22;386004,13550;5820348,77500;-
DEBE3D04YY500007Bs;2912,65;186,04;385036,35400;5820256,06550;-
DEBE04YY50000N7c_01;231,98;53,09;385124,55550;5820114,74900;-
DEBE3D04YY50002d6I;77,85;20,90;385299,71300;5820034,42500;-
DEBE04YY500009in_02;1388,97;79,72;385348,39350;5820029,03550;-
DEBE3D04YY500008O4;503,01;168,86;385509,34750;5820772,59300;-
DEBE3DekOPfKvlWi;4452,45;210,96;385063,37800;5820052,94350;-
DEBE3D00YY2d0000s6;2654,45;244,63;385984,11900;5820910,15450;-
DEBE3DtmO0H8YZDx;7381,42;333,62;385197,01950;5820100,48600;-
DEBE3DjsIlKJksHh;1924,36;99,17;385190,11850;5820209,62750;-
DEBE3D04YY50002bZv;70,25;19,57;385015,10000;5820076,13600;-
DEBE3D04YY50002cUr;513,48;110,81;385312,60650;5820142,05800;-
DEBE3D04YY50002buU;77,91;4,61;385948,95900;5820084,40550;-
DEBE3DlKim1SHhxw;2145,84;101,97;385019,66900;5820173,61050;-
DEBE3D04YY50000Duy;6569,22;277,88;385591,51650;5820106,42350;-
DEBE3D04YY50002d5j;150,45;7,08;385496,67000;5820189,52800;-
DEBE3DGjlcJmFHni;1639,45;62,64;385581,90900;5820075,59100;-
DEBE3D01YYK0003TiJ;400,04;147,91;385788,95750;5820982,98650;-
DEBE3DJrzYfjGxnc;359,14;25,37;385841,07050;5820078,39100;-
DEBE3DWcnkRk719l;5114,69;232,33;385675,79650;5820050,35650;-
DEBE3DZou5U6oP5f;2433,16;106,42;385664,85750;5820420,89850;-
DEBE3D04YY50002blQ;45,30;2,68;385501,11300;5820057,92050;-
DEBE04YY50000Kvr_01;1357,95;76,90;385108,13100;5820114,41650;-
DEBE3DlsV8okJSmK;386,12;29,17;385171,47400;5820157,89900;-
DEBE3D04YY500005yV;639,17;130,50;385044,58200;5820030,23250;-
UUID_7bf9fdf3-a8ee-424b-b182-ea6748becfc9;6643,64;272,47;385536,94150;5820800,62700;-
DEBE3DSIuN8qWx4U;5224,37;301,76;385132,43450;5820171,64800;-
DEBE04YY5000009G_01;550,05;69,90;385481,30000;5820754,46150;-
DEBE3DLToMWct6xC;6862,78;380,76;385933,83100;5821034,55150;-
DEBE3DJiBEYda6Q3;341,83;54,32;385843,82200;5820729,30000;-
DEBE3DV3oFaPmgeI;705,53;32,62;386000,76200;5820023,05300;-
DEBE3DBTv03OjMt0;1646,53;65,49;385659,39900;5820509,51850;-
DEBE3DDuYXzgBLpv;584,22;26,47;385715,76150;5820079,20800;-
DEBE3D04YY50002bvb;113,78;37,92;385959,04650;5820383,98750;-
DEBE3DhmW2kehZRy;8875,00;300,05;385998,27250;5820295,58650;-
DEBE3D04YY50002cTy;21,40;5,54;385536,13500;5820155,75850;-
DEBE3DQmhdShf7eu;5935,16;271,60;385522,17950;5820737,47550;-
DEBE3DlW98KqyBSs;414,35;65,70;385808,07550;5820729,88950;-
DEBE04YY50000AW4_01;1150,01;52,32;385508,07600;5820738,68300;-
DEBE04YY500007nb_03;8,96;2,98;385542,02550;5820748,58750;-
UUID_5b90899c-5493-4900-8e15-6492d4deaf33;2500,54;374,94;385948,22900;5820753,61850;-
DEBE3DSNBBoAUE6E;51012,22;5615,02;385772,27700;5821029,33750;-
DEBE3DvyoHC7cQ38;569,51;68,93;385421,78100;5820089,35850;-
DEBE04YY500007nb_02;126,16;6,39;385570,40700;5820744,96850;-
DEBE04YY500001f9_09;1086,27;39,08;385667,21950;5820476,18150;-
DEBE3DCy1dmjVCTM;5486,48;233,01;385596,78050;5820125,33950;-
DEBE3DW9GnlIxfVU;1211,74;67,92;385495,64900;5820154,02750;-
DEBE04YY500007nb_01;148,21;7,48;385569,85700;5820735,45200;-
DEBE04YY50000MYc_004;102,47;6,65;385430,02500;5820233,23350;-
DEBE04YY50000MYc_003;102,69;6,70;385423,98950;5820233,14700;-
UUID_dc7a5fb3-e345-478a-8f3c-ed7217821eb9;8283,26;444,34;385370,79650;5820224,12650;-
DEBE3DBBWLFapxW6;26,02;6,61;385835,92900;5820557,42850;-
DEBE04YY50000MYc_002;875,79;37,28;385448,60400;5820227,26200;-
DEBE04YY50000MYc_001;41,07;2,27;385449,73150;5820205,00600;-
DEBE3DcOLEizRSM1;1024,16;58,75;385366,66800;5820023,53700;-
DEBE04YY500007aH_04;6068,13;215,44;385041,12450;5820969,37150;-
DEBE04YY500007aH_02;3,49;1,37;385039,24450;5820962,07850;-
DEBE04YY500007aH_03;5345,70;208,81;385023,91950;5820972,99350;-
DEBE3DTrIro5u92A;566,88;42,69;385185,95700;5820157,91400;-
DEBE3D04YY50002cVc;7,97;2,66;385140,40200;5820217,96050;-
DEBE3DCq8AyqWjOQ;74,68;17,01;385842,18100;5820561,40550;-
DEBE3DefuDHkiydN;1858,54;61,07;386004,83550;5820303,81950;-
DEBE3DqfFHmlgEJf;3284,86;139,53;385581,24550;5820067,19400;-
DEBE3DQOOCTc5Jp4;839,14;54,93;386000,33800;5820477,02500;-
DEBE04AL1YM0001u_01;576,47;26,42;385191,17600;5820180,17200;-
DEBE3D04YY50000BAW;72,93;13,86;385725,87900;5820470,25150;-
DEBE3DrDq5BBwHM5;2683,06;160,63;385573,64250;5820034,74600;-
DEBE04YY5000070a_02;817,87;44,49;385624,93500;5820116,57450;-
DEBE3D04YY50002bvH;26,58;6,36;385390,76150;5820114,98500;-
DEBE3DbKjyw73LXm;1647,99;65,57;385660,20550;5820479,84550;-
DEBE3DjSRDwJPcTa;1478,11;94,28;386007,66450;5820503,40050;-
DEBE04YY500007aH_01;6321,23;209,44;385057,60200;5820964,33800;-
DEBE3DH03As7jDeG;684,41;44,43;385199,29800;5820187,60950;-
DEBE3DD3Ylv3OQDb;436,84;74,95;385288,96300;5820111,02400;-
DEBE3Dtz3kuB2zDh;393,25;73,73;385155,48750;5820148,28150;-
DEBE3DyKcwnJqvpY;2852,49;135,14;386005,38350;5820028,78400;-
DEBE04YY500001f9_08;3361,28;109,25;385700,11200;5820477,01800;-
DEBE04YY5000070a_01;8,54;6,51;385637,52650;5820113,09750;-
DEBE3D04YY50000DDl;194,71;74,52;385544,33200;5820084,52550;-
DEBE3DL4UviwjPZQ;2441,52;103,97;385925,05200;5820084,89800;-
DEBE3DEmJgDRu8RZ;2403,20;126,03;385397,40850;5820224,45400;-
DEBE3DS5iNIbvt6d;2748,57;134,64;385216,97450;5820208,24300;-
DEBE3D04YY50000QkM;9437,70;440,43;385565,06600;5820770,46200;-
DEBE3D04YY50000B2S;45963,78;1963,26;386030,41600;5820607,28000;-
DEBE3D04YY50002d6T;170,29;68,77;385804,37450;5820172,96100;-
DEBE3D04YY500009HT;17818,21;779,83;385649,73600;5820157,08450;-
DEBE3D04YY50000EZ8;318,59;78,71;385033,66550;5820028,20700;-
DEBE3D04YY50002bnC;17,84;5,76;385512,87700;5820160,80700;-
DEBE3DxOecCu0AhU;16,81;8,72;385421,01650;5820065,58700;-
DEBE3DS2EhvSHvLV;942,17;54,47;385835,31450;5820057,78800;-
DEBE04YY500001f9_04;498,59;23,88;385658,19450;5820442,47650;-
DEBE3DOnVAX416HF;6988,58;305,89;385652,83100;5820017,12050;-
DEBE3D01YYK0002MWe;18110,82;832,95;385848,39400;5820946,27600;-
DEBE3DG6R6WWrATb;193,74;40,26;385694,06700;5820370,72450;-
DEBE04YY50000MCj_02;1902,63;88,37;385665,65000;5820035,83100;-
UUID_500c1922-cb79-48af-8df6-490a6519e970;4578,54;205,62;385797,35250;5820101,71400;-
DEBE3DHrzYuf3KHi;2413,95;116,74;385860,60350;5820064,34300;-
DEBE01YYK0002QjP_01;4353,16;677,33;385780,34850;5820987,51500;-
DEBE04YY500001f9_07;1333,35;65,14;385670,05900;5820454,52450;-
UUID_a889b507-c388-4d9a-a934-70ca4ec83678;49293,23;1879,27;385997,65300;5820240,30150;-
DEBE3D04YY50002bmc;30,20;11,04;385901,25800;5820259,12250;-
UUID_31226f21-1da0-4ebc-9b0e-3d7082cbc8d4;2255,71;169,03;385338,63800;5820092,17300;-
DEBE04YY50000MCj_01;1913,84;92,87;385648,71500;5820039,58800;-
DEBE04YY500001f9_06;2086,79;109,63;385699,78350;5820485,48850;-
DEBE3DNjVobqUAtl;939,03;404,84;385446,57150;5820258,88350;-
DEBE04YY500001f9_01;1087,91;39,03;385666,41450;5820505,84150;-
DEBE3DRMecoS8SuR;3808,08;193,76;385037,16600;5820152,85700;-
DEBE04YY500001f9_03;1857,22;100,10;385696,55350;5820506,63400;-
DEBE3DzFdgIyIOcG;6971,98;319,27;385057,15200;5820155,21300;-
DEBE3D04YY50000QqV;2824,27;140,58;385972,93550;5820038,82950;-
UUID_0237f35b-d116-485c-b9cc-b28412dc5b99;6290,85;334,79;385484,00450;5820777,08950;-
DEBE04YY500001f9_02;1023,80;48,59;385656,77100;5820494,53200;-
DEBE3Dr8J6vtP6ee;2038,61;81,48;385660,96550;5820539,24950;-
DEBE04YY5000034v_03;412,99;72,39;385342,25750;5820148,38300;-
DEBE3DZovA9tjbV6;24578,32;590,60;385976,32900;5820202,06950;-
DEBE04YY5000034v_01;10115,81;467,41;385352,05900;5820135,79450;-
DEBE3D04YY50000RSR;3046,29;189,72;385834,40650;5820128,41450;-
DEBE3DscgYC0PeVG;5736,00;273,81;385174,99400;5820104,06900;-
DEBE3D04YY500005A8;4788,24;227,30;385888,32500;5820082,10800;-
DEBE3DyYyeI1pO7D;7386,90;462,35;385128,04050;5820028,29700;-
DEBE3Dy58crLhwF0;1236,85;97,75;385850,42900;5820429,65100;-
DEBE3DIymDpyYcCG;5090,14;224,85;385700,91850;5820038,65600;-
DEBE3D04YY50002blX;16,00;4,61;385395,59400;5820070,25350;-
DEBE04YY500009rR_01;80,79;26,97;385142,79050;5820145,57250;-
DEBE04YY50000Js4_01;193,66;49,69;385160,87200;5820040,31500;-
DEBE04YY500001yE_01;486,24;80,17;385429,45750;5820079,71000;-
DEBE3DgCd13WFNTt;1520,09;59,90;385801,27650;5820741,99800;-
DEBE3D01YYK0002KKp;317,43;104,19;385756,61150;5820965,22450;-
DEBE3D04YY50000GeM;7371,35;433,47;385110,97050;5820060,43350;-
DEBE3DTxCqGO9UYn;1171,76;50,45;385166,90350;5820071,23900;-
DEBE04YY500009rR_02;412,56;52,68;385154,98550;5820156,08800;-
DEBE3DIZ0nK2ZiMA;2639,59;108,27;386016,61350;5820827,74800;-
DEBE3DkaRlxOxk23;148,15;30,94;385151,07300;5820161,05750;-
DEBE01YYK0002KxY_01;3742,41;158,31;385875,05100;5820798,91250;-
DEBE3DaIrGhyoYd7;819,17;115,20;385963,69400;5820806,67850;-
DEBE3DATKB100008S2;50,94;0,00;385545,79100;5820556,28550;-
DEBE3DFN91Np2x3g;176,97;36,50;385398,14450;5820084,79100;-
DEBE3DajhTBGTI5K;3430,42;161,18;385264,69150;5820178,77200;-
DEBE3DtT6zJ5fTob;4907,46;214,99;386003,65800;5820827,55800;-
DEBE3Dt5vvuogjbx;1093,97;51,77;385835,25350;5820077,77450;-
UUID_d6e3e394-6bdb-4916-a917-bee1c0096c25;109,59;23,99;385462,99200;5820264,99000;-


Excluded 9 buildings from processing (reason: Building seems to be too low and has 0 storey.)

# GML ID [-];Volume [m3];Footprint area [m2];X [m];Y [m];Original ID
DEBE3D04YY50002cq9;40,70;88,27;385557,56450;5820476,48500;-
DEBE3D04YY50002cJF;2,28;63,54;385391,25750;5820932,97900;-
DEBE3D04YY50000KAM;100,46;444,74;385557,90000;5820459,99400;-
DEBE3D04AL4WP0000Q;2,37;4,72;385150,09300;5820599,36450;-
DEBE3D04YY500006FD;40,38;141,49;385529,67150;5820357,83750;-
DEBE3D04YY500006sf;34,17;149,80;385550,86900;5820408,87600;-
DEBE3D04YY500007Pe;115,38;807,07;385513,61500;5820427,40650;-
DEBE3D04YY50000LMS;210,56;791,77;385510,55400;5820466,62750;-
DEBE04YY500009j0_01;74,67;137,62;385599,97000;5820599,73850;-


Excluded 1 buildings from processing (reason: Heated area is too small)

# GML ID [-];Volume [m3];Footprint area [m2];X [m];Y [m];Original ID
DEBE04YY500007xW_02;41,12;75,87;385151,17300;5820728,43300;-


Excluded 1 buildings from processing (reason: Unknown ALKIS code: 2083)

# GML ID [-];Volume [m3];Footprint area [m2];X [m];Y [m];Original ID
DEBE3D04YY50000MzR;1654,68;370,15;385362,06400;5820927,36150;-


Excluded 1 buildings from processing (reason: Unknown ALKIS code: 9998)

# GML ID [-];Volume [m3];Footprint area [m2];X [m];Y [m];Original ID
DEBE3D04YY500002jO;2245,52;435,23;385324,11900;5820921,34650;-


Excluded 6 buildings from processing (reason: Unknown ALKIS code: 2460)

# GML ID [-];Volume [m3];Footprint area [m2];X [m];Y [m];Original ID
DEBE3D04YY500007Zv;1270,65;288,61;385339,78350;5820563,37900;-
DEBE3D04YY50000E79;376,92;42,67;385250,36050;5820771,09450;-
DEBE3D04YY500006xH;498,05;116,92;385399,91050;5820812,91500;-
DEBE3D04YY500004Nw;124,80;43,35;385216,57900;5820773,10650;-
DEBE3D04YY50000AF7;361,88;130,64;385125,48200;5820805,65950;-
DEBE3D04YY500001B1;38,47;26,82;385285,76150;5820679,47100;-


Excluded 2 buildings from processing (reason: Unknown ALKIS code: 2462)

# GML ID [-];Volume [m3];Footprint area [m2];X [m];Y [m];Original ID
DEBE3DoqFklUegax;340,99;151,90;385125,47350;5820774,15600;-
DEBE3DH0JnAV2DsF;114,76;41,91;385117,44700;5820773,66150;-


Excluded 2 buildings from processing (reason: Unknown ALKIS code: 1130)

# GML ID [-];Volume [m3];Footprint area [m2];X [m];Y [m];Original ID
DEBE04YY50000Aby_01;29,14;10,60;385366,13600;5820959,16900;-
UUID_512ed617-53d2-4424-b013-38372bd19a6e;632,35;115,15;385364,15500;5820953,00400;-


Excluded 3 buildings from processing (reason: Unknown ALKIS code: 2000)

# GML ID [-];Volume [m3];Footprint area [m2];X [m];Y [m];Original ID
DEBE3DiYrD6WxxGa;3643,19;459,33;385596,62000;5820406,08250;-
DEBE3DmfSZn8FDhi;4738,63;716,79;385593,40700;5820432,69250;-
DEBE3D04YY500001xw;310,16;111,11;385151,01700;5820321,48700;-


Excluded 1 buildings from processing (reason: Unknown ALKIS code: 2010)

# GML ID [-];Volume [m3];Footprint area [m2];X [m];Y [m];Original ID
DEBE3D04YY500003Ns;81,28;14,63;385598,48200;5820544,19450;-


Excluded 14 buildings from processing (reason: Unknown ALKIS code: 2142)

# GML ID [-];Volume [m3];Footprint area [m2];X [m];Y [m];Original ID
DEBE3DW1mY0UG7j1;132,90;41,68;385690,69050;5820665,86500;-
DEBE3D04YY50000Gyq;24,84;22,37;385407,17550;5820461,97850;-
DEBE3D04YY50000QQy;90,37;14,28;385344,01550;5820460,50600;-
DEBE3D04YY50000OXX;60,23;25,66;385373,43100;5820514,52750;-
DEBE3D04YY500007Xd;3056,21;264,17;385665,42750;5820664,18950;-
DEBE3D04YY50000KH8;90,79;46,38;385161,46000;5820653,04200;-
DEBE3D04YY50000M9i;38,53;26,57;385415,59550;5820462,63050;-
DEBE3DAdORHbdLSF;339,19;108,27;385691,19750;5820656,52900;-
DEBE3D04YY50000BJ8;2563,09;666,31;385494,29500;5820628,30600;-
DEBE3D04YY50000Hfk;1581,12;345,83;385641,10350;5820665,39450;-
DEBE3D04YY50000Qsu;2299,66;177,83;385473,25950;5820405,31100;-
DEBE3D04YY500006Xo;3181,16;225,77;385263,05400;5820513,75750;-
DEBE3D04YY500006eO;745,46;119,12;385631,07400;5820616,03300;-
DEBE3D04YY50000B1M;4280,50;784,57;385349,34900;5820523,08950;-


Excluded 11 buildings from processing (reason: Unknown ALKIS code: 2054)

# GML ID [-];Volume [m3];Footprint area [m2];X [m];Y [m];Original ID
UUID_b3d53d41-0c01-407e-a729-e8c616633fdf;6852,72;1049,59;385195,06400;5820975,71700;-
DEBE3DZj1j3PCMTU;1693,07;167,11;385300,23100;5820630,19250;-
DEBE04YY50000O2q_01;595,64;148,47;385173,32550;5820975,05550;-
DEBE04YY50000O2q_02;190,44;39,94;385205,25400;5820990,90900;-
DEBE3DxSGZeJ2tre;268,97;56,29;385125,74100;5820989,34050;-
DEBE3DVR8CVgLnjD;1244,95;130,87;385308,14750;5820616,75800;-
DEBE3DmVwSjUISGy;1089,48;241,18;385129,81000;5820995,92600;-
DEBE3DH5pwotxpDI;2458,76;254,87;385308,84350;5820629,38850;-
DEBE3DYMEqlZAOXl;3889,60;405,89;385304,36300;5820604,49400;-
DEBE3DlJfsb0ptDv;12468,88;1144,59;385280,12950;5820618,67300;-
DEBE04YY500009gW_01;439,22;47,10;385296,45500;5820617,38500;-


Excluded 2 buildings from processing (reason: Unknown ALKIS code: 2310)

# GML ID [-];Volume [m3];Footprint area [m2];X [m];Y [m];Original ID
DEBE3D04YY50000HQZ;976,42;111,63;385593,47450;5820878,30350;-
DEBE3D04YY500009KN;4394,30;393,92;385695,40750;5820624,68400;-


Excluded 5 buildings from processing (reason: Unknown ALKIS code: 1000)

# GML ID [-];Volume [m3];Footprint area [m2];X [m];Y [m];Original ID
DEBE04YY50000JDA_01;752,43;34,07;385625,78800;5820697,44600;-
DEBE3D04YY50000OQA;742,13;99,86;385474,46100;5820600,07450;-
DEBE04YY50000JDA_02;618,60;33,93;385613,44850;5820698,11800;-
DEBE3DoGpK8q5adI;1005,86;45,90;385619,54150;5820696,43450;-
DEBE3DaXKNofQXda;3712,87;170,77;385619,99050;5820706,09650;-


Excluded 8 buildings from processing (reason: Unknown ALKIS code: 2200)

# GML ID [-];Volume [m3];Footprint area [m2];X [m];Y [m];Original ID
DEBE3D04YY50000L0M;424,00;143,10;385372,93000;5820562,02050;-
DEBE3D04YY50000IFv;7898,09;625,07;385391,59550;5820531,70500;-
UUID_c6b7d97d-4756-4f38-97bd-09a2124f6e26;11374,20;583,86;385482,13600;5820526,40450;-
DEBE04YY50000LiN_01;40,71;18,31;385469,33000;5820515,12750;-
DEBE3D04YY50000F2F;128,21;32,11;385540,55000;5820498,70100;-
DEBE3D04YY500008mc;76,57;9,33;385599,94900;5820478,78300;-
DEBE3DQPZftX6Txd;105,58;41,91;385430,89150;5820560,88150;-
DEBE3DSO4s1j2SUD;171,28;51,38;385420,52650;5820559,89800;-


Excluded 16 buildings from processing (reason: Unknown ALKIS code: 2100)

# GML ID [-];Volume [m3];Footprint area [m2];X [m];Y [m];Original ID
DEBE3DadnO2H68Mi;715,76;120,96;385542,87400;5820636,18650;-
DEBE3DgWjaezZp9O;4545,55;325,61;385681,54500;5820692,55100;-
DEBE3D04YY50000Hcp;10620,20;1294,51;385451,51500;5820929,43350;-
DEBE3D04YY50000PxG;600,26;167,19;385632,29550;5820585,33000;-
DEBE3Dy0mIZIJF6N;168,12;34,54;385661,86000;5820589,55400;-
DEBE3DfurzAHZTUh;1539,09;109,49;385670,16400;5820699,37850;-
DEBE3Dd7MF4bE1U7;168,12;25,82;385648,07700;5820589,34700;-
DEBE3D04YY50000RLu;61,94;11,93;385549,33700;5820640,23450;-
DEBE3Dgm2DqG0wry;1226,00;179,37;385497,85900;5820588,71250;-
DEBE3DYWg8mfHFLC;1923,69;235,84;385551,42950;5820647,37050;-
DEBE3DbnakX372kl;1341,17;169,80;385654,47350;5820587,58750;-
DEBE04YY50000MXB_02;61,34;5,58;385521,41250;5820543,63200;-
DEBE04YY50000MXB_01;180,62;12,38;385516,22650;5820543,91700;-
UUID_36c90184-e157-4901-b38c-9e3e724ba9c5;5792,27;293,61;385515,22650;5820551,53050;-
DEBE3D04YY50000B2H;3518,92;255,17;385655,63100;5820700,07900;-
DEBE3DqJFb6eMRpl;315,42;46,38;385508,61200;5820595,13750;-


