======================== Summary ========================

Excluded 7 buildings from processing (reason: Unknown ALKIS code: 1610)
Excluded 6 buildings from processing (reason: Building seems to be too low and has 0 storey.)
Excluded 4 buildings from processing (reason: Unknown ALKIS code: 3060)
Excluded 1 buildings from processing (reason: Heated area is too small)
Excluded 8 buildings from processing (reason: Unknown ALKIS code: 2460)
Excluded 1 buildings from processing (reason: Unknown ALKIS code: 3020)
Excluded 521 buildings from processing (reason: Missing year of construction)
Excluded 1 buildings from processing (reason: Unknown ALKIS code: 2054)
Excluded 3 buildings from processing (reason: Unknown ALKIS code: 1120)


================ Excluded buildings lists ===============

Excluded 7 buildings from processing (reason: Unknown ALKIS code: 1610)

# GML ID [-];Volume [m3];Footprint area [m2];X [m];Y [m];Original ID
DEBE3D04YY50002ceG;405,32;24,82;384591,25900;5820709,38200;-
DEBE3D04YY50002cFP;170,32;62,15;384835,39600;5820580,38750;-
DEBE3D04YY50002bpa;18,69;6,68;384833,35850;5820569,98150;-
DEBE3D00YY1Y50004M;659,17;29,73;384752,67450;5820482,64600;-
DEBE3D00YY1Y50004P;624,50;24,54;384740,13300;5820498,71450;-
DEBE3D04YY50002bng;287,79;88,88;384554,40850;5820878,07500;-
DEBE3D04YY50002blL;62,21;17,58;384969,10700;5820613,45400;-


Excluded 6 buildings from processing (reason: Building seems to be too low and has 0 storey.)

# GML ID [-];Volume [m3];Footprint area [m2];X [m];Y [m];Original ID
DEBE3DYqa839Znuy;6,83;14,47;384743,13650;5820865,54850;-
DEBE3D04YY50002cQp;3,26;3,20;384570,09550;5820770,87550;-
DEBE3D04YY50000Awx;37,44;78,57;384592,70600;5820718,66750;-
DEBE3D04YY50002bU7;0,79;5,90;384684,21850;5820813,98750;-
DEBE3DowsI51EPL0;2,09;3,83;384743,89100;5820869,50850;-
DEBE3D04YY50002auP;10118,33;7868,05;384998,99200;5820515,61000;-


Excluded 4 buildings from processing (reason: Unknown ALKIS code: 3060)

# GML ID [-];Volume [m3];Footprint area [m2];X [m];Y [m];Original ID
UUID_fc2e7ae6-e49b-4b56-b3e4-2e93f76db3b6;2357,02;107,53;384538,51250;5820875,39600;-
DEBE3DM753Qd2W1r;2301,85;120,54;384532,87050;5820871,41800;-
DEBE3DbcZoa9AlFT;827,71;43,41;384540,20150;5820864,86700;-
DEBE04YY500003I0_02;43,97;15,78;384545,48350;5820882,11000;-


Excluded 1 buildings from processing (reason: Heated area is too small)

# GML ID [-];Volume [m3];Footprint area [m2];X [m];Y [m];Original ID
DEBE3DVfrr0gQwm6;26,00;27,44;384570,14350;5820629,95700;-


Excluded 8 buildings from processing (reason: Unknown ALKIS code: 2460)

# GML ID [-];Volume [m3];Footprint area [m2];X [m];Y [m];Original ID
DEBE3D04YY50000JjD;161,80;73,32;384750,96650;5820842,93050;-
DEBE3D04YY50000GQP;235,86;94,77;384681,58200;5820607,90300;-
DEBE3D04YY5000065F;200,36;79,52;384780,85750;5820933,78850;-
DEBE3D04YY50000R2f;175,30;58,42;384743,96700;5820819,54450;-
DEBE3D04YY50000A3t;147,01;59,12;384785,37600;5820931,59300;-
DEBE3D04YY50000LDg;139,70;58,48;384698,22050;5820596,12550;-
DEBE3D04YY500004c9;93,05;48,39;384748,75150;5820497,29100;-
DEBE3D04YY50000PbF;1126,14;84,51;384578,22700;5820551,29800;-


Excluded 1 buildings from processing (reason: Unknown ALKIS code: 3020)

# GML ID [-];Volume [m3];Footprint area [m2];X [m];Y [m];Original ID
DEBE3D04YY500005tB;87,05;31,58;384834,44500;5820571,77650;-


Excluded 521 buildings from processing (reason: Missing year of construction)

# GML ID [-];Volume [m3];Footprint area [m2];X [m];Y [m];Original ID
DEBE3DEuy7dBnoqC;1205,87;52,56;384955,27600;5820228,35150;-
DEBE3D04YY50002br6;242,16;58,74;384848,54400;5820107,83050;-
DEBE3DfnCvJrJtLN;2949,38;150,31;384928,78200;5820167,52800;-
DEBE3DrBpGmW26vK;4932,68;263,64;384926,39100;5820067,31050;-
DEBE3D04YY50000P3L;11026,14;494,47;384958,15550;5820290,97150;-
DEBE3D04YY50000GIG;20139,94;766,60;384663,15900;5820130,09500;-
UUID_117165f2-a220-4b12-811b-555c5baf92bf;4736,59;197,26;384933,47400;5820944,08800;-
DEBE3DFN1Z0jjQAH;616,89;25,97;384921,55150;5820917,26300;-
DEBE3D04YY50000QgJ;8413,68;396,55;384706,14150;5820304,52350;-
DEBE3DsZna24N45g;7440,63;299,38;384101,62700;5820312,23500;-
DEBE3DVKnPyISJjK;5615,48;248,59;384609,42400;5820140,14000;-
DEBE3DfiVHa6Nx0f;1273,80;58,11;385003,49300;5820255,90850;-
DEBE3DrXKMOZTjdb;1131,23;95,18;384292,83400;5820327,12150;-
DEBE3D04YY500006R0;184,68;64,45;384718,80750;5820215,66250;-
DEBE3D04YY50000N5d;9904,98;499,02;384868,50550;5820329,95150;-
DEBE3Drhe17FHAPu;1330,38;57,40;384757,12150;5820288,48100;-
DEBE04YY5000010A_01;3424,97;812,93;384197,74900;5820234,21100;-
DEBE3DmzGqPwvURD;546,01;29,95;384802,51000;5820205,86900;-
DEBE3DbmWywyTyhP;1413,66;68,12;384559,18500;5820088,81250;-
DEBE3DsGzEGkWDY6;818,28;39,00;384587,62100;5820067,06200;-
DEBE3DgmxjPjpa9J;12533,67;551,99;384775,26500;5820359,09950;-
DEBE3D04YY500000vS;6806,80;279,90;384660,31350;5820097,66250;-
DEBE3Dzyjj4X2Hpv;4492,97;210,98;384920,78200;5820965,05900;-
DEBE3Dc3tduuK1zf;209,83;59,28;384274,64150;5820060,66950;-
DEBE04YY50000Qyp_01;21,59;7,20;384998,36650;5820983,32550;-
DEBE3DjI1KIH4iDJ;4448,27;212,92;384879,84950;5820020,50900;-
DEBE3DPHn8dgxfpD;1169,46;51,78;384749,18900;5820041,27150;-
DEBE3DoU9YWfwveQ;659,85;30,48;384975,84250;5820267,25150;-
DEBE04YY500003Pf_002;61,33;3,09;384842,82300;5820973,34100;-
DEBE3DkxCPiSAiYm;1466,99;79,43;384872,14400;5820880,60350;-
DEBE3D04YY50000Ptt;562,25;144,02;384870,47050;5820158,77300;-
DEBE3DtCYbiOpHsD;986,36;41,36;385011,34200;5820238,46000;-
DEBE04YY50000Mux_01;2615,31;126,24;384686,04300;5820132,19350;-
DEBE04YY50000EAO_01;11,46;3,81;384928,67200;5820953,18450;-
DEBE04YY50000Mux_03;996,40;99,37;384683,49150;5820113,78950;-
DEBE3DpH0qCRteRP;6787,35;289,26;384726,58500;5820291,32550;-
DEBE3D04YY500003zn;6121,27;269,46;384905,20600;5820330,51350;-
DEBE3DATKB100008VI;93,70;0,00;384275,61850;5820683,49300;-
DEBE04YY500005Ha_01;464,92;24,82;384938,26400;5820062,74100;-
DEBE3DIfPvZsC7Z0;4835,77;210,95;384742,58800;5820255,83050;-
DEBE3DTIUgS4pltv;4737,96;579,40;384183,36050;5820318,32650;-
DEBE3DETHRI6cXai;1377,83;98,50;384218,60400;5820093,65750;-
DEBE3D04YY50002cl4;326,74;20,78;385003,24800;5820020,22250;-
DEBE3D04YY500008gK;4847,96;230,52;384920,82400;5820325,70450;-
DEBE3D04YY50002ckS;107,84;5,40;384465,68400;5820026,12600;-
DEBE3DPAsxmxFDAn;5561,66;245,53;384708,36650;5820112,93200;-
DEBE3DuDS4InhR4W;1134,44;53,26;384342,66100;5820041,43150;-
DEBE3D04YY50002cJS;106,28;19,92;384163,88550;5820129,18000;-
DEBE3DYjGyBaAL0T;761,06;51,06;384292,55250;5820049,84650;-
UUID_95140693-aa87-4b12-8aaa-9adf7426eb6d;8888,59;596,88;384334,82600;5820142,38650;-
DEBE3DoeaCkVpYfO;1144,20;52,86;384169,58600;5820092,97050;-
DEBE04YY500003s0_01;247,24;79,96;384310,79250;5820140,45250;-
DEBE3DRsgm5MlTJh;1261,25;96,54;384935,73250;5820083,49550;-
DEBE3DnQQ3UYteZ3;6811,63;585,35;384259,55650;5820324,22700;-
DEBE04YY50000Cxy_01;1006,82;62,47;384448,85000;5820021,20950;-
DEBE3DRQPdODDs3n;1233,22;52,80;384886,76750;5820268,87150;-
DEBE3DRcMM8PU7Xn;2152,78;84,41;384986,03900;5820272,45650;-
DEBE3DNmQuRRn8js;5098,91;242,07;384928,65000;5820928,12000;-
DEBE3DX4XbBpi632;1167,50;59,72;384549,40850;5820071,69300;-
UUID_07759bbf-dd3d-41f4-8865-543688d20c17;7536,74;720,26;384283,78500;5820072,25250;-
DEBE3D04YY50000Q3t;30,70;14,51;384588,00100;5820046,83200;-
DEBE3Dyf9vNmNrp5;1703,74;73,38;384175,44000;5820054,90150;-
DEBE3DR4GvrG1YpQ;531,61;30,55;384656,07350;5820319,10350;-
DEBE04YY500004tf_01;445,67;91,09;384563,20050;5820154,87450;-
UUID_bfa31180-0b31-4d8e-84f6-c8425efa1eaf;3628,73;158,04;384704,45850;5820211,03950;-
DEBE04YY500008L6_02;145,06;27,70;384882,18750;5820256,45550;-
DEBE3D04YY50000DSL;3077,51;296,37;384606,49400;5820383,11550;-
DEBE3DCyxbsfcyvc;3123,32;212,88;384208,16850;5820089,47100;-
DEBE04YY50000E3N_01;125,04;18,57;384424,87550;5820032,44250;-
DEBE3DEqihPX53qw;1009,06;45,44;384772,28200;5820322,02600;-
UUID_64e7c073-ec8a-460c-baed-11e3129078a6;4311,70;178,25;384766,46250;5820083,25200;-
DEBE04YY500008L6_01;587,48;25,13;384884,32800;5820261,76150;-
DEBE3D04YY5000037N;4173,78;194,91;384833,33550;5820928,50700;-
DEBE3DLlP3hsGijT;2158,32;139,24;384295,55500;5820013,25600;-
DEBE3DXGtdqu7bMg;786,02;49,84;384351,82400;5820040,51550;-
DEBE3Dha9AMItFEU;2721,65;130,28;384868,50150;5820029,12800;-
UUID_9cdcd5c7-9c49-4c6b-a2e6-7f2d9d2eb3f4;8751,60;410,74;384508,98450;5820078,01200;-
DEBE3DZbpFspmW5J;805,05;42,81;384451,16200;5820077,20450;-
DEBE04YY50000E3N_03;3548,39;268,80;384433,35650;5820032,76000;-
DEBE04YY50000E3N_02;38,25;3,15;384445,72000;5820034,97250;-
DEBE3Dm0RjzF5LJo;3097,82;367,73;384814,25250;5820243,34450;-
DEBE3DuQ7zszk8nr;4750,10;209,17;384937,15900;5820320,38650;-
DEBE3DXLL8BAiBRR;1175,22;61,69;384574,96100;5820155,70200;-
DEBE3D04YY50000QWP;5171,00;279,77;384518,81100;5820055,85350;-
DEBE3DwswAag2rYd;2239,58;103,71;384839,92200;5820307,92150;-
DEBE3D04YY50000OZp;6451,80;328,47;384848,57400;5820037,36800;-
DEBE3DPfHylOnPmj;946,53;111,38;384870,72300;5820900,75000;-
DEBE3DJqsVL3gUXJ;9664,85;356,28;384996,96450;5820251,43700;-
UUID_2c1b244a-3dbb-4f07-bbfe-c8e7453d6120;8603,72;354,85;384923,20950;5820187,66250;-
DEBE04YY500009QV_01;141,64;10,12;384105,68800;5820729,11900;-
DEBE3DaRrarxgnsV;249,84;59,58;384893,14800;5820885,84900;-
DEBE3DqoE61D1a2c;496,61;26,03;384435,48000;5820081,53150;-
UUID_27abeeb7-da7e-4a06-8026-fa5855273fda;3454,43;203,59;384154,50150;5820120,84250;-
DEBE3DBxKYFAjQqF;444,08;29,07;384685,60600;5820218,44150;-
DEBE3D04YY50000GtN;3293,14;194,10;384906,83150;5820241,41750;-
UUID_0a73e060-2bbd-4774-89d8-6bf8e9d03476;7954,48;486,39;384322,65700;5820026,78400;-
DEBE3DxaMoSW5zyG;5728,04;244,21;384783,73400;5820314,28450;-
DEBE3DbCXjssNtUZ;1786,09;181,86;384467,85150;5820139,00650;-
DEBE3D04YY500005bW;5326,67;229,80;384701,75550;5820194,27250;-
DEBE3DYojyn19IYm;427,76;26,67;384661,32150;5820085,63900;-
DEBE3DATKB100008VA;46,16;0,00;384360,12600;5820990,98050;-
DEBE3D04YY50002clD;191,85;36,33;384513,58700;5820336,47700;-
UUID_3637e33b-a543-4bf5-aba8-0e79f29656a1;1998,48;103,37;384897,40900;5820083,30400;-
DEBE04YY50000AQQ_01;42,00;10,12;384160,08650;5820128,57700;-
DEBE3DEUCJJqmxtO;1291,04;65,79;384622,40500;5820037,11850;-
DEBE3D04YY50000KLb;110,80;64,61;384941,29500;5820302,57850;-
DEBE3D04YY50000IeG;8805,07;400,43;384599,87250;5820119,04100;-
DEBE3DUMdiQUkYBt;643,53;31,58;384603,54300;5820107,86700;-
DEBE3D04YY50000KSa;100,78;18,36;384867,33000;5820933,18350;-
nullDEBE3DGEeLhTY6RY;815,94;35,09;384687,42550;5820037,68950;-
DEBE04YY500003Pf_001;7113,83;385,12;384861,61150;5820979,26600;-
DEBE3DNmOJh2wQP0;7501,56;317,59;384697,33850;5820045,34200;-
DEBE3D04YY50002cVL;54,87;3,49;384903,56600;5820875,42100;-
DEBE3D04YY500001wn;14031,99;595,93;384738,33000;5820359,85150;-
DEBE3D04YY500001jd;2435,21;297,54;384451,78350;5820134,20500;-
DEBE3D04YY50002cQh;54,76;17,23;384897,86050;5820924,08550;-
DEBE3Dww66KUn1nw;4691,69;205,57;384980,25350;5820293,93100;-
DEBE3D04YY50000OVk;3043,08;200,47;384962,84800;5820100,89750;-
DEBE04YY50000PV4_01;4124,70;199,08;384842,93150;5820890,36550;-
DEBE3D04YY5000039j;14136,80;613,48;384765,99850;5820244,64950;-
DEBE3DFWGsRSnEsn;5375,71;227,01;384635,85250;5820033,83250;-
DEBE3D04YY500009Ah;394,58;66,55;384456,32300;5820026,79100;-
DEBE3D04YY50002btm;67,03;15,79;384445,48450;5820113,27750;-
DEBE3DpjoEOHkcT5;4552,15;214,56;384598,42350;5820061,68600;-
DEBE3DqaVL9pHtT4;2819,02;125,23;384906,47650;5820205,80850;-
DEBE3DQwl9Tso7Rh;1934,41;357,76;384694,71950;5820114,87850;-
DEBE3DjflaUO63Ph;181,97;26,20;384845,47100;5820013,59350;-
DEBE3DATKB100008VE;93,93;0,00;384406,71400;5820676,18150;-
DEBE3DQzsUeRC4LJ;7555,64;336,91;384594,15450;5820154,33500;-
DEBE3D04YY50000Gdk;3554,19;201,13;385003,38500;5820149,30950;-
DEBE3DukgCRQWKI2;575,18;59,85;384884,87800;5820117,18250;-
DEBE3DYcL34w1BPC;872,95;54,61;384791,29650;5820142,99000;-
DEBE3DJdZEORSFDD;5758,30;284,23;384602,93600;5820042,94500;-
DEBE3DKYsdhCgBSD;4518,40;209,00;384884,99600;5820281,16000;-
DEBE3D04YY50002bj7;225,45;48,78;384888,41200;5820961,68400;-
DEBE3D04YY50000PVY;3379,97;173,04;384970,42650;5820118,31700;-
DEBE3D04YY50002d4o;102,50;5,61;384904,89250;5820085,30800;-
DEBE3DDOWZ0fI0Pt;18499,61;771,74;384991,98750;5821001,43650;-
DEBE04YY50000CB1_03;838,71;36,51;384763,58700;5820078,00200;-
DEBE04YY500009QV_02;1319,63;139,51;384111,52250;5820705,60900;-
UUID_bc954f8a-e20b-4f49-88c7-1f62f2fb1de0;69349,94;4560,09;384366,91700;5820313,23250;-
DEBE3DbZST0nVfnG;1363,89;74,42;384668,75700;5820344,12300;-
DEBE04YY50000CB1_02;82,46;30,20;384754,87850;5820076,68600;-
DEBE3D04YY500007nt;46,28;15,41;384466,38200;5820990,09950;-
DEBE04YY50000CB1_01;844,25;36,01;384769,38650;5820088,39300;-
DEBE3DfQSSGSBraz;3153,50;198,20;384827,12300;5820137,64650;-
DEBE3DapVpnY8cd5;3986,53;162,69;384820,60350;5820343,98500;-
DEBE3DqNS2FTmBBX;1149,49;62,36;385002,71450;5820027,20050;-
DEBE3D04YY50000CFB;131,11;46,82;384320,94600;5820009,16800;-
DEBE04YY50000Cxy_001;3663,12;191,84;384461,48050;5820017,54550;-
DEBE3DATKBDR0000Wt;64,86;0,00;384425,20900;5820662,75300;-
DEBE04YY5000010A_001;1478,46;131,67;384239,05650;5820236,67950;-
DEBE04YY500004b8_01;156,88;13,70;384226,56750;5820041,84850;-
DEBE3DGPx0qP2Nfb;4354,23;174,83;384555,50700;5820118,85650;-
UUID_0abd0d9a-b7b5-4fc6-bb78-21f37d16a6c0;4695,65;276,82;384731,37800;5820053,70100;-
DEBE3D04YY50000Qdy;4263,97;230,15;384991,43850;5820032,77100;-
DEBE3DyyBdBqFMDN;991,47;51,88;384743,31950;5820205,09700;-
DEBE3DxKILilvSwV;990,72;102,58;384468,66450;5820128,72600;-
DEBE3D04YY500004uU;1422,84;474,92;384592,75750;5820137,68650;-
DEBE3DUDJn4qlInI;2713,62;142,70;384788,35550;5820050,61200;-
DEBE3D04YY50002baL;19,99;41,55;384512,43850;5820351,90450;-
DEBE04YY500004b8_02;123,48;10,31;384235,17100;5820037,11650;-
DEBE04YY500004jI_02;183,97;48,81;384488,86650;5820117,18300;-
DEBE04YY50000C20_01;173,82;32,48;384266,30050;5820133,91000;-
DEBE3DDFpe90nfOO;5876,91;335,90;384676,32700;5820213,28550;-
DEBE3DATKB100008V1;89,55;0,00;384320,63450;5820956,79850;-
DEBE3DQQu0q6haNP;1048,09;48,87;384831,34850;5820334,28850;-
DEBE3DYd6c42guGm;866,39;37,12;384993,00700;5820272,05500;-
DEBE3DVcuOsVZ6P9;788,93;86,61;384719,56650;5820242,69300;-
DEBE3DATKB100008V7;92,37;0,00;384008,59350;5820818,37200;-
DEBE3D04YY50000Lx7;4374,88;205,69;384726,80000;5820033,70900;-
DEBE3DATKBDR0000X9;68,44;0,00;384396,51900;5820982,67200;-
DEBE3D04YY50000Dkg;6544,34;279,08;384686,19750;5820294,58750;-
DEBE3Dj0r4QcxVRt;1500,69;89,72;384302,18600;5820008,76950;-
DEBE04YY50000OFp_01;229,60;12,40;384900,42700;5820085,48950;-
DEBE04YY50000OFp_02;1786,02;108,24;384888,28650;5820087,15800;-
DEBE3DEao9jDsY89;2396,96;124,22;384821,56450;5820052,76050;-
DEBE3DjjGEmaQ81T;1344,52;52,05;384581,60900;5820096,31350;-
DEBE3DhsMdFwXjO9;2975,76;172,58;384328,98400;5820069,39800;-
DEBE3Dq1vkizkIea;3894,92;189,78;384965,71450;5820271,07700;-
DEBE3DC1SXPnlsR3;1805,17;79,80;384917,77850;5820938,05150;-
DEBE04YY50000OFp_03;634,75;48,77;384880,07350;5820091,21250;-
DEBE3DywD998J0Vr;1086,07;42,26;384619,87550;5820041,43350;-
DEBE3DufshENb5Yn;2518,10;116,03;384839,98500;5820326,95750;-
DEBE3DJKqcITGwqE;2060,92;86,75;384578,27850;5820104,19850;-
DEBE3DpqN6lm4qbI;466,20;107,31;384891,58750;5820875,91250;-
DEBE3DAc4hSjzknG;1328,92;60,97;384606,69750;5820070,45350;-
DEBE3DAYrLUZc05y;2289,10;119,75;384803,46350;5820165,63400;-
DEBE3D04YY50002d5n;354,86;18,54;384879,29400;5820027,70300;-
DEBE3DoNvpUCCxHL;2291,74;93,51;384556,69900;5820135,41550;-
DEBE04YY50000Gy6_01;146,65;8,73;384543,52500;5820071,52450;-
DEBE3D04YY50002cUB;10,69;4,84;384908,26650;5820954,12300;-
DEBE3DBj4ZM9betO;2603,49;136,12;384890,00000;5820161,46550;-
DEBE04YY50000FnV_01;141,00;34,12;384818,31500;5820211,58250;-
UUID_b230a276-6ea1-426f-882c-8353324da621;4433,86;214,89;384881,51700;5820317,21900;-
DEBE3D04YY50000C1Y;2773,02;114,24;384953,13050;5820314,53700;-
DEBE3DAiHuOOI1hn;1412,57;57,15;384718,42500;5820304,30250;-
DEBE3D04YY50002cAU;2459,66;179,26;384645,04700;5820273,53150;-
DEBE3D04YY50000FW2;188,43;51,27;384866,40500;5820928,44000;-
DEBE3DqODewsfzeG;6987,41;320,03;384162,27300;5820062,49600;-
DEBE3D04YY50000HtE;269,31;84,23;384864,28500;5820161,24650;-
DEBE3D04YY500001Lj;57,06;30,26;384849,38950;5820160,28750;-
DEBE04YY50000Qxi_01;4969,99;198,08;384688,72350;5820024,25750;-
DEBE04YY500009Fp_01;160,62;10,67;384202,62850;5820083,16850;-
DEBE3DsrisBUsXEq;381,49;42,32;384579,76650;5820124,09550;-
DEBE04YY500003Aj_02;448,75;26,31;384522,41100;5820072,05750;-
DEBE3DRyLQctJooD;1829,07;81,10;384277,90750;5820130,13450;-
DEBE3Dd0RoFEyJRg;2930,25;125,95;384857,01400;5820921,26800;-
DEBE3DOqsQPzbNIE;14257,59;734,62;384127,15550;5820313,74500;-
DEBE04YY500003Aj_01;628,84;63,44;384491,53350;5820081,05600;-
DEBE3D04YY50000G4a;1698,27;129,74;384933,66450;5820098,21750;-
UUID_6b49ed59-6063-496e-a297-acf4d4992f75;2203,49;224,21;384435,25100;5820015,87250;-
DEBE3Dr7CJdJLb26;5340,93;228,58;384798,37800;5820220,26650;-
DEBE3DZGmM0BwwZp;4820,37;292,84;384881,78750;5820142,54400;-
DEBE3D04YY50002cJ1;2099,28;265,70;384031,50400;5820173,72050;-
DEBE3DxmvzZlmfTo;1292,30;53,91;384907,84550;5820939,25350;-
DEBE3DkktJxoZ1Vn;513,49;40,25;384930,92400;5820084,50500;-
DEBE3DkhK3Do28jq;330,02;41,87;384444,18300;5820150,48850;-
DEBE3D04YY50000IT5;1861,99;137,35;384932,78150;5820112,27850;-
DEBE3DvJ2eWWDBcg;973,79;51,87;384935,26550;5820072,54900;-
UUID_74bee8bd-3586-4571-8d7e-9b26ee13d2f1;3406,57;232,95;384210,92400;5820071,65850;-
DEBE3DlFMHwfDooR;4783,27;205,78;384749,38500;5820299,02000;-
DEBE3D04YY50000Fnx;218,49;68,24;384595,62550;5820106,72900;-
DEBE3DA4hVwenHQq;4195,45;193,94;384928,18700;5820296,18700;-
DEBE3DmiL6C8fHjS;5974,11;270,84;384240,69100;5820140,07100;-
DEBE3DKQ9ov1lP65;1472,43;64,43;385018,18600;5820249,70900;-
DEBE3D04YY500001fL;4785,93;251,07;384897,59950;5820012,22650;-
DEBE04YY50000H4G_02;268,27;48,07;384739,69850;5820043,21300;-
DEBE3DjfBVYqLh7x;1419,27;51,12;384787,93250;5820348,33000;-
DEBE3DXfFEw4hzNs;4727,39;272,10;384343,93100;5820074,66050;-
DEBE04YY500002Ap_02;2970,32;153,97;384909,37350;5820920,39550;-
DEBE3D04YY50000D1X;5919,93;254,49;384884,94550;5820973,74900;-
DEBE3DTlAaLTvFfy;5307,60;232,98;384626,63350;5820050,67100;-
DEBE04YY500002Ap_01;2890,21;124,18;384904,57150;5820901,71650;-
UUID_c9e6535e-ddc2-4c54-88bb-533dc388010d;3338,54;225,34;384233,64350;5820045,62400;-
DEBE3DlEJbzKUF6Y;2622,66;138,25;384444,47850;5820077,18650;-
DEBE3Dptv4wdZgiZ;4777,89;211,97;384612,75600;5820103,07500;-
UUID_17c60d2e-b713-434b-8b92-7ba286ce841d;4437,54;206,51;384197,25150;5820138,50900;-
DEBE3DuIl93pLkcA;5525,38;246,66;384819,79300;5820328,09500;-
DEBE3DATKB100008Uy;48,23;0,00;384241,58150;5820749,38000;-
DEBE3D04YY50000BpD;31,59;14,94;384857,25000;5820333,24700;-
DEBE04YY50000GVa_01;64,38;7,05;384811,57350;5820198,52950;-
DEBE04YY500002Ap_04;1102,47;48,10;384927,92250;5820904,99650;-
DEBE3DPL8lGUWuyx;1826,06;115,56;384272,13850;5820037,50300;-
DEBE3D04YY500003rP;4553,12;212,10;384842,94250;5820268,68250;-
DEBE04YY50000GVa_02;496,03;60,04;384809,90350;5820203,15550;-
DEBE3DEtGQA3dvKA;510,17;26,16;384597,56500;5820033,31800;-
DEBE3Dwr3FEnShQt;2901,48;125,88;384863,16050;5820941,55900;-
DEBE3DWqMopv1b9x;1228,23;50,22;384022,23250;5820179,96450;-
DEBE3DrlHyG1YJvK;3028,62;137,14;384676,20750;5820052,93350;-
DEBE3DtayWufYy9k;1548,23;111,93;384969,51600;5820045,58500;-
DEBE3D04YY50000Nic;3349,73;169,70;384986,82700;5820119,40350;-
DEBE3DWuQs0yHo92;1265,47;60,48;384758,19450;5820050,80100;-
DEBE3Dj8DTpP3Jfu;297,36;25,82;384351,18400;5820028,18300;-
UUID_5c904949-8536-4503-b789-ab75fa5ffff7;1181,25;56,55;384882,07350;5820880,28550;-
DEBE3DZXcl3k7dP6;5675,02;239,14;384791,67650;5820203,45950;-
DEBE04YY500007Zn_02;1825,38;149,18;384510,73100;5820155,82750;-
DEBE3Dl7LO0MLn4a;4301,21;281,48;384282,98350;5820047,28850;-
DEBE3DwWr7zKDCD4;1355,75;60,35;384847,14900;5820916,34750;-
DEBE3DYBRFLoKAKF;138,28;35,12;384475,98300;5820137,52000;-
DEBE3D04YY50002c8h;54,61;4,77;384519,25450;5820111,30550;-
DEBE3DRNR2zNZEfV;2397,25;104,61;384962,59950;5820237,18250;-
DEBE3DetzT3bfx4I;925,84;38,53;384820,16200;5820352,31450;-
DEBE3DoKRKKt3UMS;998,04;45,20;384567,41500;5820110,05600;-
UUID_55de4721-2495-4234-aae8-a9a676af2475;92,99;4,69;384840,68850;5820970,50200;-
DEBE3Dkh6GP4GC1b;536,08;34,36;384348,86000;5820046,50700;-
DEBE3D04YY50000Ibr;4186,95;203,73;384903,79050;5820142,49550;-
DEBE3DHL10F9ioj8;3938,80;199,47;384547,78750;5820083,08000;-
DEBE3DB8IoJWUfmx;3256,65;191,37;384742,98250;5820177,04100;-
UUID_7af9a741-a1db-417e-95fe-375b4571c6f0;3264,98;133,28;384682,61900;5820126,56750;-
DEBE3D04YY500003Mh;13754,65;645,56;384825,96500;5820282,42400;-
DEBE3D04YY50000F4L;3354,19;169,19;385003,00850;5820120,35350;-
DEBE3D04YY500003Ow;11443,00;551,34;384177,97000;5820018,81350;-
DEBE3De4JtEeQJOf;695,75;59,86;384905,54850;5820930,33750;-
DEBE3DALu4xHBPYt;596,34;36,45;384762,69150;5820298,92400;-
DEBE3DHNAc8QkV80;4787,26;279,10;384341,63100;5820110,84900;-
DEBE3DBOQXPcOgKq;2666,46;110,40;384803,28500;5820230,62900;-
DEBE3DD5OwPykb8X;1939,92;162,05;384822,20150;5820359,36700;-
DEBE3DRMM5s73QSy;6284,40;277,87;384159,72050;5820084,84100;-
DEBE3D04YY50000Dbq;44,39;15,73;384462,03450;5820009,07050;-
DEBE3DSefEACgrrB;2010,50;89,05;384916,40950;5820202,30100;-
DEBE3DnEwQ6oLyAQ;4466,46;213,97;384755,29350;5820206,65950;-
DEBE04YY50000PV4_02;2240,79;131,02;384826,15550;5820907,25300;-
DEBE3DfEI9X5nytc;6268,01;360,44;384774,30600;5820288,28900;-
DEBE04YY50000AYw_01;217,58;62,49;384481,98500;5820011,89500;-
DEBE3DKa9syI1YYZ;5649,49;269,07;384672,54950;5820357,77850;-
DEBE3DoMXZclqdRm;1838,78;89,03;384568,97650;5820116,01150;-
DEBE3DYOkdWcy12v;1076,37;53,96;384747,51500;5820216,04000;-
DEBE3D04YY50000DPy;5193,88;387,09;384643,48500;5820295,87300;-
DEBE3DA8mEUqvYKy;1138,77;61,22;384735,88550;5820303,27100;-
DEBE3DkLnWvS2EEe;862,90;61,11;384877,42450;5820145,39100;-
DEBE3Dn1Yw1s5r3Q;4083,67;228,66;384461,19700;5820078,01550;-
DEBE3Dez2qSvha9u;1728,70;67,74;384554,52400;5820129,00700;-
DEBE04YY50000DpU_01;107,53;14,57;384242,84650;5820033,52250;-
DEBE3D04YY50002cJf;0,33;4,73;384245,82200;5820238,35300;-
DEBE3DjfFBUh4NsP;1302,99;58,74;384551,73750;5820153,95700;-
DEBE3DZoNcGF3WRD;6029,85;275,20;384221,13650;5820138,58550;-
DEBE3DAOZsPBF5wA;3663,90;234,67;384344,38500;5820056,28400;-
UUID_95cd3186-d787-4806-982c-8eed8d942507;572,09;60,21;384481,56000;5820016,62350;-
DEBE04YY5000016D_02;245,32;10,16;384706,03800;5820221,24650;-
DEBE3DLEglplveWj;864,59;36,16;384926,89900;5820915,76700;-
DEBE3D04YY50000AJz;9779,31;470,57;384750,53550;5820226,71300;-
DEBE3DCP1lmS2Iux;4007,35;168,43;384922,21900;5820903,61800;-
DEBE3D04YY500009iU;95,26;37,53;384907,31500;5820170,08450;-
DEBE3Dvyu1js5Vqi;320,21;26,96;384508,37250;5820040,99750;-
UUID_708caf4c-fd35-46fd-8b00-afb080094ada;1139,87;50,03;384802,28600;5820158,45250;-
DEBE3DsVUlzxNPMh;1462,13;145,49;384782,97200;5820299,52900;-
DEBE3DCtKzHo72AV;687,96;32,27;384691,03450;5820065,08050;-
DEBE3D04YY50000BWY;4800,09;213,23;384672,11350;5820300,55500;-
DEBE04YY5000068O_001;4043,74;224,91;384888,90100;5820337,46250;-
DEBE3Dmc3LxUGBnK;1110,70;46,27;384996,51150;5820983,11000;-
DEBE3D04YY50000RJP;4964,91;220,32;384891,56250;5820209,52000;-
DEBE04YY50000Exx_01;1686,26;74,53;384206,04900;5820139,60000;-
UUID_a418c586-6590-42a6-8273-c5d860a4f59c;3917,47;174,65;384713,87550;5820249,97750;-
DEBE3DZcz2lqcxhN;1299,42;56,62;384937,66150;5820307,44000;-
DEBE04YY50000I3K_04;73,65;23,91;384268,43300;5820082,25450;-
DEBE04YY50000I3K_03;73,94;24,38;384297,85900;5820084,43550;-
DEBE3DafvNYLif5R;2098,20;162,33;384679,45400;5820039,01700;-
DEBE3DIpeGUz9YBN;2513,41;109,74;384810,47650;5820209,95750;-
DEBE3DPhTMVGDklt;742,54;78,18;384499,23800;5820040,12450;-
DEBE3Du7OI1ahAKe;5431,24;682,63;384475,80000;5820152,96450;-
DEBE3D04YY500005qh;4518,76;208,15;384891,28850;5820249,64600;-
DEBE3D04YY500004Nu;4747,77;211,65;384838,21900;5820233,03300;-
DEBE3D04YY50000R3Q;4917,41;218,02;384873,39550;5820216,70300;-
DEBE3DeODtAa5rZQ;767,81;180,58;384260,39700;5820068,96850;-
DEBE3D04YY500002uy;117,31;8,99;384520,84200;5820709,43450;-
DEBE3D04YY500002Pn;8040,29;575,84;384647,12200;5820243,67300;-
UUID_367222e4-5fde-4a8b-8b86-c7bbd5c367b8;5470,18;352,73;384252,65050;5820035,61450;-
DEBE3DRxc2xQuyw5;2287,14;139,71;384221,01300;5820053,08250;-
DEBE3D04YY50002c04;114,95;7,45;384890,40100;5820091,84750;-
DEBE3DnQeSs2teZs;1001,73;63,48;384805,92750;5820135,26600;-
DEBE04YY5000016D_001;688,53;29,43;384708,05900;5820229,23950;-
DEBE04YY50000LnT_02;1832,39;83,84;384914,47950;5820178,07750;-
UUID_19c4522a-eb0f-42c5-99f5-531970ff1c7e;2157,42;169,58;384450,58650;5820038,40800;-
DEBE04YY5000016D_002;2,21;0,74;384713,95000;5820225,20950;-
UUID_ca557c36-4695-4a4f-97f8-053129369267;5622,79;256,91;384859,73350;5820885,83750;-
DEBE3DKRhYoYkbHF;2654,79;137,55;384832,13650;5820048,31350;-
DEBE3DXF7IscVavH;4728,08;224,88;384787,38850;5820068,59000;-
DEBE3DBwHRGuXtqu;1112,44;42,65;384969,85850;5820258,27100;-
DEBE3D04YY50000CpD;5994,81;264,51;384616,14500;5820084,81250;-
DEBE3Djr3nFR1Ou0;3774,07;166,37;384010,61400;5820182,03750;-
DEBE3D04YY500001Sk;1492,38;64,20;384832,33450;5820358,62900;-
DEBE04YY50000I3K_02;774,46;133,92;384307,73750;5820074,00600;-
DEBE3DjySgPL02NK;6113,87;270,02;384840,99900;5820948,12950;-
DEBE3DsixEZHRX0J;1290,78;61,64;384756,90400;5820041,61200;-
DEBE04YY50000Bap_01;1224,29;47,87;384709,72600;5820250,19750;-
DEBE3DLJ9UWBhUTW;392,76;31,65;384282,80850;5820035,43850;-
DEBE3DeA2hTAz199;923,86;44,34;384971,33200;5820241,52550;-
DEBE3D04YY500006sZ;2144,18;160,46;384477,16450;5820080,55100;-
UUID_6ea27d5d-85da-45b2-8fe7-7c6bef164099;1809,26;132,39;384156,43300;5820231,75350;-
DEBE04YY500003Aj_001;549,82;54,17;384488,50600;5820082,48300;-
DEBE04YY500003s0_001;5086,60;291,47;384289,81600;5820143,03700;-
DEBE3D04YY500003nQ;1537,80;307,55;384512,78300;5820134,61300;-
UUID_9f7023ac-7214-4951-a412-b2fe65581ff1;5626,12;218,06;384431,14400;5820050,90900;-
DEBE04YY500000nx_01;21543,69;1821,11;384513,44200;5820344,26150;-
DEBE3DS2R3fVdCqk;1210,14;52,57;384954,92550;5820254,53850;-
DEBE04YY50000GJ6_02;948,15;55,24;384444,73100;5820044,90200;-
DEBE3D04YY500001ZD;4243,88;304,30;384431,82050;5820104,65950;-
DEBE04YY50000GJ6_01;1237,82;57,43;384443,83250;5820058,25450;-
DEBE3DcpCo2ePk3E;404,90;81,53;384009,24800;5820172,23450;-
DEBE3D04YY50000HgO;4948,80;218,39;384705,60600;5820092,82200;-
DEBE3DmidNY7gnLr;1403,68;72,68;384352,82900;5820034,49850;-
DEBE04YY500005U2_01;1562,55;75,97;384031,92900;5820190,62800;-
DEBE3Dj6S47m5025;2049,71;129,17;384799,05550;5820139,29700;-
DEBE3DuGWhFP1L1V;265,13;28,93;384460,26250;5820136,23850;-
DEBE04YY50000GJ6_03;3410,78;198,79;384456,66000;5820052,42000;-
DEBE3D04YY50000Gtj;13735,20;624,62;384899,48450;5820951,36550;-
DEBE3Ditf0K14vqg;1869,94;80,53;384578,50050;5820134,23100;-
DEBE3D04YY50000CRp;13452,02;591,93;384700,21050;5820359,01750;-
DEBE3DlSsqbjt0fw;2616,18;137,40;384844,60350;5820965,51750;-
DEBE3D04YY50000CmK;881,56;285,01;384586,88800;5820079,95050;-
UUID_c29d43de-ce0c-403f-8620-080b929961fe;4884,94;250,93;384831,40300;5820902,06950;-
DEBE3DF4a6UBaoct;2250,11;107,46;384778,74050;5820077,89100;-
DEBE3DclZhA2suwd;746,99;26,42;384930,23850;5820962,85050;-
DEBE3D04YY50002bkm;93,92;5,95;384303,28600;5820016,62550;-
DEBE3D04YY50002cqa;13,46;3,59;384292,33700;5820011,94550;-
DEBE3D04YY50000A3p;343,16;84,57;384993,09900;5820960,82350;-
DEBE3DTDYD8geu36;6212,95;294,68;384485,91650;5820030,54900;-
DEBE3D04YY50000FFj;3338,89;200,96;384909,81850;5820116,88950;-
DEBE04YY5000016D_01;2688,54;117,97;384712,70800;5820227,70300;-
DEBE3DbBEqcNd5aL;967,64;51,93;384880,71900;5820875,58750;-
DEBE3DO5jAx4Imqv;880,27;53,26;384839,58550;5820137,23600;-
DEBE3DwiXz1mlSoh;18,02;164,65;384952,70100;5820244,98800;-
UUID_010220e9-009e-46e7-85d9-b2fe34f4f60c;9321,27;586,55;384429,05550;5820149,55750;-
DEBE3D04YY50002cg6;3,46;5,44;384339,67350;5820001,27800;-
DEBE3DtqMMcXx2bd;1608,78;76,78;384690,55350;5820083,78350;-
DEBE3DzuAVvA5T4I;158,72;18,51;384456,88400;5820113,63150;-
DEBE3D04YY500006ls;716,34;241,54;384861,00300;5820186,03750;-
DEBE3DwjloU1nl2u;1915,37;112,02;384329,44400;5820114,58600;-
UUID_00124d6b-aab1-4525-b88e-12754edff52f;23085,57;941,88;384025,55000;5820212,19000;-
DEBE04YY50000AQQ_001;4498,51;268,03;384171,13050;5820136,74950;-
DEBE3DwdEInjN4Yg;5457,55;250,88;384868,86850;5820917,69850;-
DEBE04YY50000LnT_01;3027,31;137,94;384899,82750;5820179,19450;-
DEBE3DNcZXukac9T;714,56;54,55;384868,25450;5820104,29200;-
DEBE3DgjTA8VoRq4;2446,85;107,77;384860,97800;5820348,73050;-
DEBE3DXUvnbZ5RmY;1098,95;52,30;384215,29250;5820126,78750;-
DEBE3D04YY50000NHL;164,73;66,05;384916,60650;5820170,59150;-
DEBE3D04YY50000Kt1;4,37;20,77;384857,38700;5820904,37700;-
DEBE3DUqZT8LaXw7;2560,75;111,50;384668,41850;5820317,26000;-
DEBE3DQTIk6iZIsX;336,67;34,77;384012,36450;5820166,06200;-
DEBE3D04YY50000Msk;4912,84;290,46;384775,79900;5820166,84950;-
DEBE3D04YY50002crQ;415,01;22,62;384922,61400;5820077,17200;-
DEBE3D04YY50000R68;3552,26;175,13;384935,26250;5820282,22700;-
DEBE3DIayq9LyMNj;313,62;32,39;384006,34400;5820166,10350;-
DEBE04YY500003Pf_01;844,55;39,82;384849,18500;5820987,45300;-
DEBE3D04YY500002nR;4520,87;265,87;384855,45850;5820138,41500;-
DEBE3DvhYsSFu6oN;5591,16;250,41;384818,71550;5820309,15200;-
DEBE3DATKB100007pv;2287,39;0,00;384664,48150;5820432,75300;-
DEBE04YY50000JzN_01;120,65;10,25;384204,72250;5820065,10950;-
DEBE3D04YY50000NUq;362,43;87,99;384854,52700;5820114,22250;-
DEBE3DBadcj2MLby;1494,67;84,56;384855,83300;5820951,68450;-
DEBE3DuzXkY0MS99;216,78;85,43;384967,72100;5820285,77750;-
DEBE3DLYaWEfYUdc;125,98;9,80;384671,40000;5820119,80100;-
UUID_9032bd0e-568a-4878-b9c5-1ecd0f57735d;3446,66;178,50;384749,99650;5820191,38050;-
UUID_697db781-2888-4be1-9d5a-3d227194d7a1;5690,29;232,99;384785,53700;5820186,95800;-
DEBE3D04YY50000AwI;4064,45;192,68;384822,28300;5820019,86850;-
DEBE04YY50000PV0_02;1322,71;59,75;384743,58850;5820099,20850;-
DEBE04YY50000CRa_02;2240,57;139,65;384805,93650;5820174,27600;-
DEBE3DOkzrTWNG6u;1359,55;53,63;384794,83500;5820170,91500;-
DEBE3Dxuyp2M0nDI;90,81;116,01;384503,78950;5820023,07850;-
DEBE3D04YY50000K83;1710,58;85,02;384588,13800;5820099,25850;-
DEBE04YY50000PV0_01;181,27;8,25;384753,48500;5820080,68200;-
DEBE3D04YY50002coK;244,27;44,29;384091,48850;5820311,26650;-
DEBE3D04YY50002bxT;9,79;2,50;384997,83950;5820981,17100;-
DEBE04YY500007Us_01;83,89;21,11;384901,23750;5820870,96750;-
DEBE3D04YY500005Jv;2727,52;191,65;384965,23350;5820080,40250;-
DEBE3D04YY50002bxx;11,82;3,47;384874,07100;5820149,46200;-
DEBE3DkpPGtffcmC;825,67;44,65;384845,55700;5820979,26650;-
DEBE3Dfq9IVfZNPU;516,30;30,56;384736,50450;5820169,80800;-
DEBE04YY5000068O_03;599,08;26,65;384879,87200;5820328,72550;-
DEBE3DJAX2s7Rjw9;1374,84;64,84;384747,05750;5820242,90650;-
DEBE3DiUC8fPGUiz;51,77;6,13;384463,16700;5820116,42000;-
DEBE3DTnq8mTSaNE;1037,72;50,33;384173,15800;5820099,79200;-
DEBE3Dde9aPnuN7Y;2153,47;99,34;384763,56800;5820315,56600;-
DEBE3DC7iqVwEru0;83,59;22,91;384672,21150;5820123,80100;-
DEBE3DCVj5EFf3bW;670,02;34,17;384957,94400;5820220,59650;-
DEBE3DKAgg4J5X5K;962,12;52,39;384467,60200;5820066,63900;-
DEBE04YY50000HpD_01;597,63;31,95;384854,07550;5820354,40600;-
DEBE3Ddm6PnKKrQ4;2496,45;122,18;384978,33600;5820039,99250;-
DEBE3DafdktDKph8;1509,41;55,72;384990,83150;5820265,86000;-
DEBE3DqUuCRVyZtZ;1517,90;81,95;385008,11350;5820025,14850;-
DEBE04YY500009nb_01;237,60;14,53;384233,10250;5820129,89300;-
DEBE3D04YY500003BD;4967,75;211,74;384786,85600;5820334,53200;-
DEBE3DUDdtefrf81;1987,68;87,86;384255,17100;5820128,99650;-
DEBE3D04YY500006k7;32,24;14,80;384856,29550;5820330,55500;-
DEBE3D04YY50000EzX;5417,43;329,53;384722,37400;5820182,95600;-
DEBE3DxjpIni8TDQ;2068,73;153,25;384675,41050;5820333,42000;-
DEBE3D04YY500009La;3488,73;184,97;384909,76600;5820077,39250;-
DEBE3DZGp6bbedC6;2167,23;107,75;384774,17000;5820027,26900;-
DEBE3Dh0fKWNIP8N;1139,37;95,60;384149,91000;5820316,20050;-
DEBE3D04YY5000025z;4884,99;215,13;384855,44350;5820223,80100;-
DEBE3DAImYo8LWNh;990,75;44,55;384248,47050;5820129,73050;-
DEBE3DMNAq7FhtvK;885,40;90,12;384874,32700;5820115,06900;-
DEBE3D04YY50000BBT;965,89;152,08;384953,75750;5820832,62450;-
DEBE3DyVl7xB2j1Y;951,60;59,66;384740,56100;5820289,47400;-
DEBE3D04YY500004xw;1024,09;974,39;384868,92450;5820955,63000;-
DEBE04YY500003p8_02;129,67;10,96;384219,41000;5820045,50000;-
UUID_a27bb101-c031-4921-b10c-f1224fea7079;2564,85;187,32;384110,32450;5820722,21950;-
DEBE04YY500003p8_01;107,39;12,83;384210,57800;5820050,00350;-
DEBE3DA4LYCKZzB5;771,75;39,17;384955,86950;5820266,20450;-
DEBE3DVKnQmcFzHN;9996,70;969,08;384481,33150;5820108,75250;-
UUID_533e6435-fe9d-44c3-a096-5ea2fb9025fc;5175,03;233,74;384621,30950;5820066,82250;-
DEBE3DeWK5ihzdyJ;2152,67;131,94;384211,83800;5820056,56200;-
DEBE3DIryUCukYaW;5102,23;263,18;384789,16350;5820034,22050;-
DEBE3D04AL5e90001L;181,11;43,63;384572,84400;5820066,27250;-
DEBE3DmSZU42UEYH;773,97;34,33;384740,56600;5820219,06750;-
DEBE3DcFhlFn0MuM;298,99;113,99;384851,25100;5820008,55700;-
DEBE04YY5000068O_02;409,20;21,97;384873,11350;5820309,81900;-
DEBE3DKqR9znNXd1;6175,82;254,80;384940,35800;5820225,50700;-
DEBE3Dd8u6GCepjS;1372,90;58,29;384995,47050;5820243,97300;-
DEBE3DvU5kJV5LQy;8571,70;306,90;384648,09100;5820328,98550;-
DEBE04YY5000068O_01;363,60;18,97;384884,93800;5820305,59650;-
DEBE3DzI2eJAnq9g;613,75;25,64;384978,82550;5820257,17700;-
DEBE3DxwQ0k50GVY;1283,73;55,42;384820,76500;5820231,55500;-
DEBE3Dj5PfHq90WQ;840,26;43,84;384342,88850;5820033,95400;-
DEBE04YY50000JzN_02;97,58;15,48;384203,72800;5820075,44250;-
DEBE3Dd56DRtlHpZ;3258,33;138,28;384657,46500;5820341,92050;-
DEBE3Dx71Pb6YR5g;4624,10;222,04;384564,32400;5820077,31850;-
DEBE3DAyiXEsQWtk;4148,74;201,09;384157,07150;5820103,56200;-
DEBE3DapdUHUhb0d;6865,82;318,91;384519,19350;5820033,36150;-
UUID_9683da29-343a-409e-b600-7dcd4dc943d4;16909,32;675,13;384744,46450;5820082,98500;-
DEBE3DkGsW0zceKh;1907,08;69,63;384979,11100;5820263,53000;-
DEBE3DytbwsejTS1;903,05;95,91;384469,61000;5820118,00650;-
DEBE3DR1uiuTblVS;879,21;40,02;384852,21350;5820349,44500;-
DEBE04YY500003p8_03;102,84;7,11;384205,52000;5820059,69850;-
UUID_633a7d01-5462-4140-87ff-9c52bda4fe70;5517,26;244,59;384557,44200;5820101,82250;-
DEBE3DfGM6z7hppl;9040,64;384,87;384265,33850;5820142,60950;-
DEBE3DRaEhkA0yHq;787,33;33,40;384997,40850;5820268,60050;-
DEBE3DEbMLIQYFrf;952,88;38,91;384917,21200;5820905,22300;-
UUID_0697b4c5-ea2d-4bec-831b-f4a62fed7a7d;4747,81;199,56;384937,33300;5820959,13150;-
DEBE3Dbzb72NgtSj;6965,70;314,07;384701,51950;5820071,89150;-
DEBE3Dhv0AZLUU7y;1443,20;63,95;384830,81100;5820301,74750;-
DEBE3DQhY9ERt8s3;1316,31;70,04;384611,18500;5820032,53300;-
DEBE3Ddr5ARrEibR;605,63;31,65;384436,24150;5820077,08400;-
DEBE3DNEUO1c0Wa8;1135,67;72,78;384813,58400;5820135,20050;-
DEBE3DOf94HBhWrg;4725,99;210,98;384958,34600;5820224,44500;-
UUID_11ce3bd0-0d86-411e-bd51-a05ca054945c;2387,45;187,56;384870,00500;5820099,90450;-
DEBE3D04YY50002cbt;85,97;22,78;384482,22250;5820006,61850;-
DEBE3DgvtNTRo83Q;949,26;41,45;384579,75050;5820116,88800;-
UUID_2864d28e-4de4-42e9-98c1-91f256903f42;3747,75;217,84;384725,81300;5820256,41400;-
DEBE3D04YY50002cb6;202,81;51,61;384984,28100;5820962,91300;-
DEBE3DD7LwkNGIZe;3506,58;265,31;384221,31400;5820321,09900;-
UUID_00412e29-d0ec-4336-a872-e2e114313a7d;6534,61;394,51;384913,47200;5820879,63600;-
DEBE3D04YY50000Ei2;212,79;80,34;384763,15900;5820064,24300;-
DEBE3D04YY500005BZ;5120,02;202,14;384428,49700;5820069,26000;-
DEBE3DATZQvCLgzt;5323,32;420,56;384564,06450;5820145,19400;-
DEBE3DIDGgiyuj4s;273,72;59,11;384020,40050;5820173,84700;-
DEBE3D04YY50000E7O;21550,77;831,40;384980,74750;5820179,30100;-
UUID_2b7d44f4-756e-4beb-bd2a-50233f7da294;7255,55;347,34;384339,85050;5820092,58250;-
DEBE3D04YY50000Ebk;137,32;65,19;384948,76500;5820297,56650;-
DEBE3DYDPpsvbUpl;7394,65;385,87;384669,56250;5820072,12200;-
DEBE04YY50000CRa_01;783,13;54,72;384793,93600;5820177,22550;-
DEBE3DZkSuRynAkw;617,10;29,23;384166,59450;5820098,70750;-
DEBE3DRiSYuAh9T0;1768,59;79,01;384721,83600;5820230,77750;-
DEBE3D04AL5e30000K;64,71;26,55;384175,94500;5820048,97100;-
DEBE3D04YY50000JQ4;3268,81;191,85;384858,36050;5820260,49400;-
DEBE3D04AL5e30000G;5027,52;235,88;384165,22350;5820042,31550;-
DEBE3DPBlj2dvJW5;2316,68;104,65;384765,53900;5820035,64450;-
DEBE3DiONMAy6mDQ;4843,28;249,14;384929,98300;5820149,88250;-
DEBE3DBR3e1ZxtP5;522,46;53,60;384019,91800;5820167,21800;-


Excluded 1 buildings from processing (reason: Unknown ALKIS code: 2054)

# GML ID [-];Volume [m3];Footprint area [m2];X [m];Y [m];Original ID
DEBE3D04YY50000Itw;485,22;118,17;384900,46700;5820833,74050;-


Excluded 3 buildings from processing (reason: Unknown ALKIS code: 1120)

# GML ID [-];Volume [m3];Footprint area [m2];X [m];Y [m];Original ID
DEBE3DAdj3yszjCV;3660,52;163,35;384656,96750;5820632,73500;-
DEBE04YY500005mD_01;133,36;21,60;384655,96850;5820642,10550;-
DEBE3DwYc8eqAvcp;7066,85;299,89;384639,19200;5820627,38100;-


