======================== Summary ========================

Excluded 984 buildings from processing (reason: Missing year of construction)


================ Excluded buildings lists ===============

Excluded 984 buildings from processing (reason: Missing year of construction)

# GML ID [-];Volume [m3];Footprint area [m2];X [m];Y [m];Original ID
DEBE3D04YY50002br6;242,16;58,74;384848,54400;5820107,83050;-
DEBE3D04YY5000070z;3304,63;163,15;384733,87350;5821007,86150;-
DEBE3DRGSuSSxPFm;919,07;40,71;384974,93600;5820795,02800;-
DEBE3DZ3EJr8cxRG;1325,48;65,66;384779,76500;5820641,70000;-
DEBE3DfEI9X5nytc;6268,01;360,44;384774,30600;5820288,28900;-
DEBE3DEuy7dBnoqC;1205,87;52,56;384955,27600;5820228,35150;-
DEBE3DwKLEgma2A5;948,36;48,30;384674,25850;5820678,67450;-
DEBE3DOGBgLab0LE;602,72;26,23;384567,59000;5820765,42800;-
DEBE04YY50000AYw_01;217,58;62,49;384481,98500;5820011,89500;-
DEBE3DO6mYxA4PpB;1223,62;54,04;384568,46100;5820733,19000;-
DEBE3DC8Zzfqzkvb;546,52;53,23;384869,68800;5820780,11400;-
DEBE3D04YY50000R2f;175,30;58,42;384743,96700;5820819,54450;-
DEBE04YY50000CMU_01;1147,97;66,48;384714,10600;5820955,97950;-
DEBE3DAuc8N2usSo;509,33;48,04;384549,04150;5820629,18800;-
DEBE3D04YY50000P3L;11026,14;494,47;384958,15550;5820290,97150;-
DEBE3D04YY50000C1Y;2773,02;114,24;384953,13050;5820314,53700;-
DEBE3DpH0qCRteRP;6787,35;289,26;384726,58500;5820291,32550;-
DEBE3DrBpGmW26vK;4932,68;263,64;384926,39100;5820067,31050;-
DEBE3DM9IXEKnoTa;951,40;48,85;384693,85750;5820711,03500;-
DEBE3D04YY50000EoG;4596,20;194,05;384847,73000;5820849,66600;-
DEBE3DR3LLSWgNuN;826,61;38,36;384684,63650;5820708,17650;-
DEBE3DkLnWvS2EEe;862,90;61,11;384877,42450;5820145,39100;-
DEBE3DxaMoSW5zyG;5728,04;244,21;384783,73400;5820314,28450;-
DEBE3DfnCvJrJtLN;2949,38;150,31;384928,78200;5820167,52800;-
DEBE3DTIUgS4pltv;4737,96;579,40;384183,36050;5820318,32650;-
DEBE04YY5000010A_01;3424,97;812,93;384197,74900;5820234,21100;-
DEBE3DsZna24N45g;7440,63;299,38;384101,62700;5820312,23500;-
DEBE3Dez2qSvha9u;1728,70;67,74;384554,52400;5820129,00700;-
DEBE3D04YY50002cl4;326,74;20,78;385003,24800;5820020,22250;-
DEBE3DbmWywyTyhP;1413,66;68,12;384559,18500;5820088,81250;-
DEBE3DFPtYNqEAlj;4942,24;231,66;384635,41250;5820677,69650;-
DEBE04YY50000DpU_01;107,53;14,57;384242,84650;5820033,52250;-
DEBE3Dcogx8ciw2f;1277,64;62,51;384567,50850;5820889,40700;-
DEBE3DC4rE4paN6W;2044,03;95,60;384732,76550;5820865,00500;-
DEBE3D04YY50002ckS;107,84;5,40;384465,68400;5820026,12600;-
DEBE3DjfFBUh4NsP;1302,99;58,74;384551,73750;5820153,95700;-
UUID_8d334f37-145f-4603-86fd-dd6ea174712a;6293,09;246,25;384685,80000;5820578,26800;-
DEBE3DAiHuOOI1hn;1412,57;57,15;384718,42500;5820304,30250;-
DEBE3DuEyXxgNxQp;4446,42;261,42;384771,52600;5820908,93850;-
DEBE3DxN29nJxSsv;3729,13;144,78;384660,93450;5820761,25450;-
DEBE3D04YY500005bW;5326,67;229,80;384701,75550;5820194,27250;-
DEBE3DsGzEGkWDY6;818,28;39,00;384587,62100;5820067,06200;-
DEBE3D04YY500002HZ;12627,91;601,36;385005,35600;5820762,28200;-
DEBE3DZbE12ZLpse;895,22;52,61;384793,58650;5820908,58850;-
DEBE3DzFmYTl0RNR;5041,99;197,56;384782,90600;5820481,87100;-
DEBE3DYojyn19IYm;427,76;26,67;384661,32150;5820085,63900;-
DEBE3DGwLK9086zj;981,78;46,94;384571,80450;5820873,86650;-
DEBE3D04YY500000vS;6806,80;279,90;384660,31350;5820097,66250;-
DEBE3DVfrr0gQwm6;26,00;27,44;384570,14350;5820629,95700;-
DEBE3D04YY50000KLb;110,80;64,61;384941,29500;5820302,57850;-
DEBE3Dc3tduuK1zf;209,83;59,28;384274,64150;5820060,66950;-
DEBE04YY50000Exx_01;1686,26;74,53;384206,04900;5820139,60000;-
DEBE3D04YY50002bU7;0,79;5,90;384684,21850;5820813,98750;-
DEBE3Dz23GZq0Ud2;2899,94;120,81;384615,13900;5820744,07850;-
DEBE3DZcz2lqcxhN;1299,42;56,62;384937,66150;5820307,44000;-
DEBE3DPHn8dgxfpD;1169,46;51,78;384749,18900;5820041,27150;-
DEBE04YY50000GKb_01;5723,60;265,15;384690,42500;5820662,81450;-
UUID_bfa31180-0b31-4d8e-84f6-c8425efa1eaf;3628,73;158,04;384704,45850;5820211,03950;-
DEBE3D04YY50000QgJ;8413,68;396,55;384706,14150;5820304,52350;-
DEBE3DVfBTCGpPcE;1062,18;49,99;384784,18700;5820712,13150;-
DEBE3DATKB100008VI;93,70;0,00;384275,61850;5820683,49300;-
DEBE3D04YY50000RqS;4631,70;226,45;384573,75350;5820525,18000;-
DEBE3Dy50HNkKdnK;5496,66;202,73;384764,84000;5820484,31150;-
DEBE3D04YY5000006x;6858,01;545,10;384878,04850;5820764,34400;-
DEBE04YY50000CMU_02;303,08;17,24;384722,08500;5820943,90400;-
DEBE3D04YY50000Plp;78,82;51,15;384589,74350;5820726,37150;-
DEBE3DfONPlVzYqq;2068,55;102,86;384698,36950;5820833,86450;-
DEBE04YY50000CMU_03;257,13;13,61;384727,29000;5820961,16250;-
DEBE3DfiVHa6Nx0f;1273,80;58,11;385003,49300;5820255,90850;-
DEBE3Dgm6leVFakw;5653,42;218,15;384743,10000;5820753,76050;-
DEBE04YY50000H4G_02;268,27;48,07;384739,69850;5820043,21300;-
DEBE3DtCYbiOpHsD;986,36;41,36;385011,34200;5820238,46000;-
DEBE3DGZEl0ZaDEo;1412,41;65,10;384639,88450;5820890,58850;-
DEBE3DA6mtJZUEtT;8376,09;619,36;384899,17800;5820616,95200;-
DEBE3DPAsxmxFDAn;5561,66;245,53;384708,36650;5820112,93200;-
DEBE04YY50000Qyp_01;21,59;7,20;384998,36650;5820983,32550;-
DEBE04YY50000Mux_01;2615,31;126,24;384686,04300;5820132,19350;-
DEBE3D04YY50002cJS;106,28;19,92;384163,88550;5820129,18000;-
DEBE3DrXKMOZTjdb;1131,23;95,18;384292,83400;5820327,12150;-
DEBE3D04YY50000DSL;3077,51;296,37;384606,49400;5820383,11550;-
DEBE3D04YY500006R0;184,68;64,45;384718,80750;5820215,66250;-
DEBE04YY500006C3_01;8130,55;404,51;384813,91000;5820694,85250;-
DEBE04YY500003s0_01;247,24;79,96;384310,79250;5820140,45250;-
DEBE04YY50000Mux_03;996,40;99,37;384683,49150;5820113,78950;-
DEBE3DfBrxCOBF2j;4495,04;198,28;384531,40800;5820590,43100;-
DEBE3Drhe17FHAPu;1330,38;57,40;384757,12150;5820288,48100;-
DEBE3DIVgNlsUPhq;4447,41;224,57;384612,01950;5820886,49100;-
DEBE3DoU9YWfwveQ;659,85;30,48;384975,84250;5820267,25150;-
UUID_07759bbf-dd3d-41f4-8865-543688d20c17;7536,74;720,26;384283,78500;5820072,25250;-
DEBE3DamvYPx3atc;3885,41;159,42;384793,71300;5820519,04500;-
DEBE3DmzGqPwvURD;546,01;29,95;384802,51000;5820205,86900;-
DEBE3DVIq6kM0KvY;883,63;51,81;384796,26100;5820912,73750;-
DEBE3DqNS2FTmBBX;1149,49;62,36;385002,71450;5820027,20050;-
DEBE00YY1Ha0003w_01;307,64;39,93;384586,59800;5820717,14000;-
DEBE3DzohVccLCnb;9928,07;434,30;384849,71700;5820710,47950;-
DEBE3DkxCPiSAiYm;1466,99;79,43;384872,14400;5820880,60350;-
DEBE3D04YY500003zn;6121,27;269,46;384905,20600;5820330,51350;-
DEBE3DQxQVGNTzcr;4928,61;219,32;384594,50550;5820609,99850;-
DEBE3DPL8lGUWuyx;1826,06;115,56;384272,13850;5820037,50300;-
DEBE3DYjGyBaAL0T;761,06;51,06;384292,55250;5820049,84650;-
DEBE3DoeaCkVpYfO;1144,20;52,86;384169,58600;5820092,97050;-
DEBE3De1JCLuMuj9;1560,47;71,63;384786,58300;5820513,82850;-
DEBE3Dwa8TnHRetB;714,90;33,70;384750,46050;5820617,53000;-
DEBE3Dj81F8JIhzN;1005,65;44,58;384625,67600;5820524,86600;-
DEBE3DSWuORfMLIq;1064,89;161,37;385046,15150;5820612,03250;-
DEBE3DATKB100008VA;46,16;0,00;384360,12600;5820990,98050;-
DEBE3D04YY50002clD;191,85;36,33;384513,58700;5820336,47700;-
DEBE3DBQHuBj9W3w;754,10;28,65;384594,57700;5820595,05600;-
DEBE3DF8pTXL1q7v;5103,32;216,86;384893,08700;5820804,23250;-
DEBE3DhhwSupqTAj;1643,16;96,25;384873,25700;5820786,11150;-
DEBE3DVELdWQ57gR;522,01;80,31;385043,97750;5820614,95800;-
DEBE3D04YY50002cQp;3,26;3,20;384570,09550;5820770,87550;-
DEBE3Deo0ERXEdQ2;710,54;59,37;384988,30300;5820713,96400;-
DEBE3D04YY50000R3Q;4917,41;218,02;384873,39550;5820216,70300;-
DEBE3DetzT3bfx4I;925,84;38,53;384820,16200;5820352,31450;-
DEBE3D04YY500002uy;117,31;8,99;384520,84200;5820709,43450;-
DEBE3D04YY50000Ptt;562,25;144,02;384870,47050;5820158,77300;-
DEBE3DmYFaMkVz2E;3346,78;151,67;384673,75850;5820604,99300;-
DEBE04YY500003p8_02;129,67;10,96;384219,41000;5820045,50000;-
DEBE3Do4LI4hVq8Y;1743,06;76,45;384647,42700;5820667,71700;-
DEBE04YY500003p8_01;107,39;12,83;384210,57800;5820050,00350;-
DEBE3DQsLvfIKljQ;458,14;52,62;384623,20500;5820906,77000;-
DEBE3Dyf9vNmNrp5;1703,74;73,38;384175,44000;5820054,90150;-
DEBE3DA4LYCKZzB5;771,75;39,17;384955,86950;5820266,20450;-
DEBE3DuDS4InhR4W;1134,44;53,26;384342,66100;5820041,43150;-
DEBE3DR4GvrG1YpQ;531,61;30,55;384656,07350;5820319,10350;-
DEBE3D04YY50000NEy;9869,14;477,81;384814,77700;5820582,18300;-
DEBE3D04YY50000JjD;161,80;73,32;384750,96650;5820842,93050;-
UUID_95140693-aa87-4b12-8aaa-9adf7426eb6d;8888,59;596,88;384334,82600;5820142,38650;-
DEBE3DR1xmNO6Z7i;4122,43;248,64;384724,22350;5820794,96000;-
DEBE3DlcUQDihjmX;2879,42;138,22;384712,35950;5820728,00400;-
DEBE04YY500001FC_01;68,80;28,17;384722,22200;5820741,72600;-
DEBE3Df3fRGpb5S6;679,64;34,44;384826,56600;5820802,23900;-
UUID_367222e4-5fde-4a8b-8b86-c7bbd5c367b8;5470,18;352,73;384252,65050;5820035,61450;-
DEBE3DLjH8utG6Ej;9832,94;414,87;384810,91950;5820734,43900;-
DEBE3DTZ1qPbmeS5;5634,97;230,48;384743,99000;5820510,01600;-
DEBE3DRsgm5MlTJh;1261,25;96,54;384935,73250;5820083,49550;-
DEBE3DSefEACgrrB;2010,50;89,05;384916,40950;5820202,30100;-
DEBE3Dwr3FEnShQt;2901,48;125,88;384863,16050;5820941,55900;-
DEBE3D04YY50002c04;114,95;7,45;384890,40100;5820091,84750;-
UUID_697db781-2888-4be1-9d5a-3d227194d7a1;5690,29;232,99;384785,53700;5820186,95800;-
DEBE3D04YY500003zw;3837,95;207,76;384612,19450;5820830,33250;-
DEBE3DnQeSs2teZs;1001,73;63,48;384805,92750;5820135,26600;-
DEBE3DJlWvCMCsJ7;2758,31;120,84;384630,83450;5820505,14950;-
DEBE3DX4XbBpi632;1167,50;59,72;384549,40850;5820071,69300;-
DEBE3D04YY50000Q3t;30,70;14,51;384588,00100;5820046,83200;-
DEBE3DAC2oDgcflw;1741,59;133,77;384881,09000;5820624,03300;-
UUID_ca557c36-4695-4a4f-97f8-053129369267;5622,79;256,91;384859,73350;5820885,83750;-
DEBE3DM753Qd2W1r;2301,85;120,54;384532,87050;5820871,41800;-
UUID_fceb27c1-af69-4a5d-8df1-677d03caa986;3199,53;202,91;384804,26400;5820827,31600;-
DEBE04YY50000N0K_01;5653,04;295,15;384680,05800;5820740,09550;-
DEBE3D04YY50000Nic;3349,73;169,70;384986,82700;5820119,40350;-
DEBE3DV1g8dX1SIC;604,14;28,99;384700,52000;5820607,45650;-
DEBE3D04YY50000AgW;2866,17;173,35;384806,96050;5820946,91300;-
DEBE3D04YY500009iU;95,26;37,53;384907,31500;5820170,08450;-
DEBE3Dnc1x7U3w13;4681,67;200,06;384801,01350;5820480,14850;-
DEBE3D04YY500001Sk;1492,38;64,20;384832,33450;5820358,62900;-
DEBE3DYqa839Znuy;6,83;14,47;384743,13650;5820865,54850;-
DEBE3Dj8DTpP3Jfu;297,36;25,82;384351,18400;5820028,18300;-
DEBE3DU7sWLMbzdR;876,48;38,96;384606,72600;5820912,47400;-
DEBE3DCtKzHo72AV;687,96;32,27;384691,03450;5820065,08050;-
DEBE04YY50000Bap_01;1224,29;47,87;384709,72600;5820250,19750;-
DEBE3DoY84AxpPbz;2374,22;101,32;384693,63550;5820634,74100;-
UUID_5c904949-8536-4503-b789-ab75fa5ffff7;1181,25;56,55;384882,07350;5820880,28550;-
DEBE3DOqtuSa7u2F;1220,71;64,12;385002,45850;5820731,77650;-
DEBE3DeA2hTAz199;923,86;44,34;384971,33200;5820241,52550;-
DEBE3DvNHx0aeW2A;2805,91;132,08;384746,24650;5820945,69050;-
DEBE04YY5000068O_001;4043,74;224,91;384888,90100;5820337,46250;-
DEBE3Dd6jYSMAV1N;542,65;25,71;384573,66400;5820731,17350;-
DEBE3DwWr7zKDCD4;1355,75;60,35;384847,14900;5820916,34750;-
UUID_9f7023ac-7214-4951-a412-b2fe65581ff1;5626,12;218,06;384431,14400;5820050,90900;-
DEBE04YY50000GXe_01;272,68;11,30;384606,06450;5820841,38500;-
UUID_9cdcd5c7-9c49-4c6b-a2e6-7f2d9d2eb3f4;8751,60;410,74;384508,98450;5820078,01200;-
DEBE3DKrHUGNteGF;636,61;27,70;384552,32050;5820624,09550;-
DEBE3DEqihPX53qw;1009,06;45,44;384772,28200;5820322,02600;-
DEBE3DtyYd5w73Pn;538,01;26,16;384778,40750;5820713,63950;-
DEBE3DLlP3hsGijT;2158,32;139,24;384295,55500;5820013,25600;-
DEBE3DtGDGsf84pu;2013,89;98,67;384712,65500;5820935,96550;-
DEBE04YY500003p8_03;102,84;7,11;384205,52000;5820059,69850;-
DEBE3D04YY50000FQS;21542,44;867,34;384529,16450;5820677,36800;-
DEBE04YY500003Pf_002;61,33;3,09;384842,82300;5820973,34100;-
DEBE3Dha9AMItFEU;2721,65;130,28;384868,50150;5820029,12800;-
DEBE3DPfHylOnPmj;946,53;111,38;384870,72300;5820900,75000;-
DEBE04YY5000016D_001;688,53;29,43;384708,05900;5820229,23950;-
DEBE04YY5000016D_002;2,21;0,74;384713,95000;5820225,20950;-
DEBE3DAx6QDA6P0V;4264,44;228,48;384998,73500;5820718,72950;-
DEBE3DZbpFspmW5J;805,05;42,81;384451,16200;5820077,20450;-
DEBE3DgD6Tv7k6D1;946,46;44,95;384692,28100;5820706,33050;-
UUID_27abeeb7-da7e-4a06-8026-fa5855273fda;3454,43;203,59;384154,50150;5820120,84250;-
UUID_bc954f8a-e20b-4f49-88c7-1f62f2fb1de0;69349,94;4560,09;384366,91700;5820313,23250;-
DEBE04YY50000Peo_02;104,16;6,42;384778,05600;5820840,31850;-
DEBE3DWtOPums9e2;5143,19;237,87;384857,39300;5820814,69150;-
DEBE3DoGLM3LWxoS;1484,00;64,21;384848,02550;5820725,15500;-
DEBE3DfQSSGSBraz;3153,50;198,20;384827,12300;5820137,64650;-
DEBE3DwERcC6Wilv;3349,65;142,98;385017,26950;5820837,69100;-
DEBE3D04YY50000GtN;3293,14;194,10;384906,83150;5820241,41750;-
DEBE3DATKB100008VE;93,93;0,00;384406,71400;5820676,18150;-
DEBE3DC8kiVUk3jy;853,42;40,44;384737,07050;5820945,19350;-
DEBE3Dw6ZwSnAhYs;4259,12;170,99;384621,57250;5820752,30300;-
DEBE3DLJyFsd5oTu;5062,58;246,54;384732,07600;5820819,90600;-
DEBE3DQzsUeRC4LJ;7555,64;336,91;384594,15450;5820154,33500;-
DEBE3DPcFE8lkbYV;3813,75;174,09;385022,07850;5820812,81100;-
DEBE3D04YY50000Lev;4307,43;196,17;384551,46000;5820668,47900;-
DEBE3DY2gOUgPhZq;2772,69;387,60;384707,31600;5820887,00250;-
DEBE3DRsxmK7vGkM;5006,00;234,55;384706,05750;5820799,93200;-
DEBE3DuUtczs60VP;1772,33;87,92;384716,32900;5820704,20500;-
DEBE3D04YY50000Lg8;361,78;108,75;384816,81600;5820558,48950;-
DEBE3D04YY50002ceG;405,32;24,82;384591,25900;5820709,38200;-
DEBE3DRI47kGRwCg;5134,59;241,81;384823,96350;5820767,31300;-
DEBE04YY500006zT_001;522,41;28,33;384967,97100;5820723,90350;-
DEBE3Dxvrpn6kedC;970,69;42,20;384573,26400;5820909,48700;-
DEBE3DGPx0qP2Nfb;4354,23;174,83;384555,50700;5820118,85650;-
DEBE3Dtss9GCZIuD;3280,07;122,85;384624,98750;5820768,57150;-
DEBE3DuGWhFP1L1V;265,13;28,93;384460,26250;5820136,23850;-
DEBE04YY50000Peo_01;92,93;5,72;384775,32250;5820831,28950;-
DEBE3DS2R3fVdCqk;1210,14;52,57;384954,92550;5820254,53850;-
DEBE3DUroIEPtE9R;2492,11;119,99;384560,70000;5820623,40900;-
DEBE3DXLL8BAiBRR;1175,22;61,69;384574,96100;5820155,70200;-
DEBE3DThC10JE9Bv;2358,66;100,50;384546,95150;5820650,97550;-
DEBE3DyyBdBqFMDN;991,47;51,88;384743,31950;5820205,09700;-
DEBE3Dwpepm2UrAi;862,05;48,08;384539,43500;5820632,16800;-
DEBE3DukgCRQWKI2;575,18;59,85;384884,87800;5820117,18250;-
DEBE3Dh8eiYlMtaP;771,12;34,76;384758,80400;5820644,89550;-
DEBE3D04YY500001ZD;4243,88;304,30;384431,82050;5820104,65950;-
DEBE3DoIc6DSdbgH;41663,68;3609,82;385006,89350;5820618,58050;-
DEBE3D04YY500004uU;1422,84;474,92;384592,75750;5820137,68650;-
DEBE3DWFglQpZD2L;1989,99;112,39;384570,49850;5820724,43300;-
DEBE04YY500004jI_02;183,97;48,81;384488,86650;5820117,18300;-
DEBE3D04YY50000HgO;4948,80;218,39;384705,60600;5820092,82200;-
DEBE3Dv1l92bmK84;426,77;33,64;384712,82100;5820864,01400;-
DEBE3DErYgSQI2VM;4629,44;215,63;384798,64000;5820535,60500;-
DEBE3D04YY50000BlO;18308,13;795,41;384964,76750;5820775,82050;-
DEBE3D04YY50000BWY;4800,09;213,23;384672,11350;5820300,55500;-
DEBE3DVcuOsVZ6P9;788,93;86,61;384719,56650;5820242,69300;-
DEBE3DIfPvZsC7Z0;4835,77;210,95;384742,58800;5820255,83050;-
DEBE04YY50000AQQ_01;42,00;10,12;384160,08650;5820128,57700;-
DEBE3DLrVSSVHHpl;2210,60;90,78;384823,73150;5820679,36550;-
DEBE3DpryWIimVzX;4901,11;222,81;384689,21550;5820804,62250;-
DEBE3DNjXbtARvI4;2482,16;251,60;384611,65150;5820793,24850;-
DEBE3DUU3qdnyI6z;5967,49;240,01;384520,51200;5820626,87950;-
DEBE3DC1SXPnlsR3;1805,17;79,80;384917,77850;5820938,05150;-
DEBE3D04YY50002cFP;170,32;62,15;384835,39600;5820580,38750;-
DEBE04YY50000PyU_01;1098,93;73,05;384739,07700;5820954,33000;-
DEBE3DpqN6lm4qbI;466,20;107,31;384891,58750;5820875,91250;-
DEBE3D04YY50000IeG;8805,07;400,43;384599,87250;5820119,04100;-
DEBE3DEao9jDsY89;2396,96;124,22;384821,56450;5820052,76050;-
DEBE3D04YY50000Jei;5164,93;235,54;384545,61400;5820554,06000;-
DEBE3D04YY500001jd;2435,21;297,54;384451,78350;5820134,20500;-
DEBE3DCyxbsfcyvc;3123,32;212,88;384208,16850;5820089,47100;-
DEBE3DUMdiQUkYBt;643,53;31,58;384603,54300;5820107,86700;-
DEBE3Dww66KUn1nw;4691,69;205,57;384980,25350;5820293,93100;-
DEBE3DmsxtZtQEIX;6029,50;265,62;384985,66600;5820803,74000;-
DEBE3DF4a6UBaoct;2250,11;107,46;384778,74050;5820077,89100;-
UUID_64e7c073-ec8a-460c-baed-11e3129078a6;4311,70;178,25;384766,46250;5820083,25200;-
DEBE3D04YY50002cqa;13,46;3,59;384292,33700;5820011,94550;-
DEBE3DCE8hzlT9J5;4864,88;288,88;384694,07150;5820871,99150;-
DEBE3D04YY5000037N;4173,78;194,91;384833,33550;5820928,50700;-
DEBE3D00YY1Y50004M;659,17;29,73;384752,67450;5820482,64600;-
DEBE3DloQg9Trqll;742,00;34,42;384575,68900;5820110,52550;-
DEBE3D04YY500001tj;3311,65;163,87;384724,35600;5820976,50350;-
UUID_78a9b219-7722-4bf9-a5b6-8bb4ca3d1c27;3310,72;228,95;384582,80400;5820704,37250;-
DEBE3Dg0JmG6p7Lg;1545,87;64,36;384595,37050;5820736,69600;-
DEBE3D00YY1Y50004P;624,50;24,54;384740,13300;5820498,71450;-
DEBE3DNmOJh2wQP0;7501,56;317,59;384697,33850;5820045,34200;-
DEBE3Dm0RjzF5LJo;3097,82;367,73;384814,25250;5820243,34450;-
DEBE3DjjGEmaQ81T;1344,52;52,05;384581,60900;5820096,31350;-
DEBE3DKEbr6MOiCx;4365,14;270,58;384681,46000;5820826,32250;-
DEBE3DkwpILbFBm5;2123,14;97,42;384999,20450;5820798,96400;-
UUID_2c1b244a-3dbb-4f07-bbfe-c8e7453d6120;8603,72;354,85;384923,20950;5820187,66250;-
DEBE3DywD998J0Vr;1086,07;42,26;384619,87550;5820041,43350;-
DEBE3DLNz2KHLn1a;6007,10;258,59;384835,51850;5820727,98100;-
DEBE3D04YY50000FW2;188,43;51,27;384866,40500;5820928,44000;-
DEBE3DB3Ka6z8v6M;1250,81;55,78;384781,69000;5820705,97900;-
DEBE3D04YY500005Oq;18066,81;794,08;384538,72150;5820927,03650;-
DEBE3DYcL34w1BPC;872,95;54,61;384791,29650;5820142,99000;-
DEBE3DJvmMTQdtk9;2208,28;97,14;384622,77750;5820762,16350;-
DEBE3D04YY50002cQh;54,76;17,23;384897,86050;5820924,08550;-
DEBE3D04YY50002bpa;18,69;6,68;384833,35850;5820569,98150;-
DEBE3DDdjQ74rlSf;2867,12;132,16;384845,55250;5820789,56700;-
DEBE3DgvkLCVY4ss;2920,14;130,55;384599,07050;5820918,80200;-
DEBE04YY50000Qxi_01;4969,99;198,08;384688,72350;5820024,25750;-
DEBE3DqODewsfzeG;6987,41;320,03;384162,27300;5820062,49600;-
DEBE04YY50000GJ6_02;948,15;55,24;384444,73100;5820044,90200;-
DEBE3DZSsvZMW3n4;1480,19;62,55;384798,98900;5820503,48750;-
DEBE3Dwf1cbH5BOO;4616,13;224,67;384630,34400;5820881,73750;-
DEBE3DtcvAHneuQH;1277,26;107,72;384981,79500;5820708,34250;-
DEBE3D04YY500009Ah;394,58;66,55;384456,32300;5820026,79100;-
DEBE3Ds1PjN4tHeI;3843,68;199,66;384577,14850;5820898,39200;-
DEBE3D04YY50002bj7;225,45;48,78;384888,41200;5820961,68400;-
DEBE3DWDeGRHl26C;2171,32;96,51;384837,19500;5820705,71000;-
DEBE3DRMM5s73QSy;6284,40;277,87;384159,72050;5820084,84100;-
DEBE3D04YY500001Lj;57,06;30,26;384849,38950;5820160,28750;-
DEBE3DNmi23fN3KR;4592,90;213,78;384752,89150;5820658,03550;-
DEBE3DMOP1cdur73;5465,73;233,85;384768,68950;5820705,22700;-
DEBE3DsrisBUsXEq;381,49;42,32;384579,76650;5820124,09550;-
DEBE3Dm3UINlz8lm;1309,21;55,47;384558,84100;5820795,11250;-
DEBE3DRyLQctJooD;1829,07;81,10;384277,90750;5820130,13450;-
DEBE04YY500003Aj_02;448,75;26,31;384522,41100;5820072,05750;-
DEBE3DOqsQPzbNIE;14257,59;734,62;384127,15550;5820313,74500;-
DEBE3DKa9syI1YYZ;5649,49;269,07;384672,54950;5820357,77850;-
DEBE3D04YY50000G4a;1698,27;129,74;384933,66450;5820098,21750;-
DEBE3DyqwrAu7VtV;5189,57;237,42;384730,36100;5820881,42300;-
DEBE04YY500003Aj_01;628,84;63,44;384491,53350;5820081,05600;-
DEBE3DqpRT9eW952;5257,90;258,03;384716,48150;5820924,72500;-
DEBE3D04YY50002cJf;0,33;4,73;384245,82200;5820238,35300;-
DEBE3DoNvpUCCxHL;2291,74;93,51;384556,69900;5820135,41550;-
UUID_6b49ed59-6063-496e-a297-acf4d4992f75;2203,49;224,21;384435,25100;5820015,87250;-
DEBE3DI3bUGXeqPe;4882,82;213,62;384649,97650;5820610,47850;-
DEBE3DFe7GrYP5aZ;4662,67;211,34;384683,70650;5820645,11200;-
DEBE3Dr7CJdJLb26;5340,93;228,58;384798,37800;5820220,26650;-
DEBE3DsAQQWr3IQC;5156,33;239,05;384656,92700;5820747,55750;-
DEBE3DxmvzZlmfTo;1292,30;53,91;384907,84550;5820939,25350;-
DEBE3D04YY50000419;4785,15;223,73;384736,86900;5820723,68150;-
DEBE3D04YY5000079k;5394,89;252,60;384811,57800;5820968,12350;-
DEBE3DKOiY03Vq12;1153,03;129,05;384619,71100;5820914,61250;-
DEBE3DvJ2eWWDBcg;973,79;51,87;384935,26550;5820072,54900;-
DEBE3DXZvFtbMTnS;4674,70;264,97;384858,10600;5820769,02700;-
DEBE3DOzSZSKp8hE;1902,55;90,49;384636,31800;5820855,10600;-
DEBE3D04YY50000QWP;5171,00;279,77;384518,81100;5820055,85350;-
DEBE3DA4hVwenHQq;4195,45;193,94;384928,18700;5820296,18700;-
DEBE3DKQ9ov1lP65;1472,43;64,43;385018,18600;5820249,70900;-
DEBE3D04YY500005a4;5339,34;236,74;384790,98600;5820565,08750;-
DEBE3DVqLUtIEOt6;2902,93;138,86;384702,22800;5820612,21100;-
DEBE3DjiImmxMD4X;689,57;32,87;384788,42800;5820662,86400;-
DEBE3D04YY50002coK;244,27;44,29;384091,48850;5820311,26650;-
DEBE04YY500005U2_01;1562,55;75,97;384031,92900;5820190,62800;-
UUID_b230a276-6ea1-426f-882c-8353324da621;4433,86;214,89;384881,51700;5820317,21900;-
DEBE3D04YY50000Awx;37,44;78,57;384592,70600;5820718,66750;-
DEBE3DafvNYLif5R;2098,20;162,33;384679,45400;5820039,01700;-
DEBE3DjNLwZRE7l1;1590,32;66,93;384587,27800;5820590,07750;-
DEBE04YY50000GJ6_03;3410,78;198,79;384456,66000;5820052,42000;-
DEBE3D04YY500009hf;5349,43;249,59;384580,08850;5820842,15550;-
DEBE3Db2q6AeNnua;1015,38;48,76;384757,85250;5820615,18350;-
DEBE3DaRrarxgnsV;249,84;59,58;384893,14800;5820885,84900;-
DEBE3DkpPGtffcmC;825,67;44,65;384845,55700;5820979,26650;-
DEBE3DjfBVYqLh7x;1419,27;51,12;384787,93250;5820348,33000;-
DEBE3D04YY500002Pn;8040,29;575,84;384647,12200;5820243,67300;-
DEBE3D04YY5000065F;200,36;79,52;384780,85750;5820933,78850;-
DEBE3DMitCFsMhVe;2530,17;106,02;384605,41550;5820512,09050;-
DEBE04YY500002Ap_02;2970,32;153,97;384909,37350;5820920,39550;-
UUID_19c4522a-eb0f-42c5-99f5-531970ff1c7e;2157,42;169,58;384450,58650;5820038,40800;-
DEBE3DHFRi4jZDQC;1843,81;87,92;384716,32200;5820810,51850;-
DEBE3DpxT5kooXSM;1537,42;76,79;384821,08300;5820781,71550;-
DEBE3D04YY50000E7O;21550,77;831,40;384980,74750;5820179,30100;-
DEBE3DBEiY2xBjVp;1529,01;71,07;384869,04050;5820807,97900;-
DEBE3DbBEqcNd5aL;967,64;51,93;384880,71900;5820875,58750;-
DEBE04YY500002Ap_01;2890,21;124,18;384904,57150;5820901,71650;-
DEBE3DKRhYoYkbHF;2654,79;137,55;384832,13650;5820048,31350;-
DEBE3Di6pp4xPCg2;3450,51;154,56;384572,76750;5820762,20700;-
DEBE3DYDPpsvbUpl;7394,65;385,87;384669,56250;5820072,12200;-
DEBE3DXF7IscVavH;4728,08;224,88;384787,38850;5820068,59000;-
DEBE3DUqZT8LaXw7;2560,75;111,50;384668,41850;5820317,26000;-
DEBE3D04YY50002crQ;415,01;22,62;384922,61400;5820077,17200;-
DEBE3DWZiYGaqnsG;1294,86;58,43;384657,08450;5820702,91600;-
DEBE3D04YY500005Xu;37,33;12,76;384725,72000;5820737,69600;-
DEBE3D04YY50000R68;3552,26;175,13;384935,26250;5820282,22700;-
DEBE3DTnq8mTSaNE;1037,72;50,33;384173,15800;5820099,79200;-
DEBE3DIayq9LyMNj;313,62;32,39;384006,34400;5820166,10350;-
DEBE3DqoE61D1a2c;496,61;26,03;384435,48000;5820081,53150;-
DEBE3DQotUeBm2SA;1055,52;46,64;384704,09100;5820664,07200;-
DEBE3D04YY500002tg;10893,43;545,05;384748,84150;5820603,29950;-
DEBE3DplHezwKkn7;895,86;36,68;384662,47400;5820768,51650;-
DEBE3DFK7DnjNmEl;1305,35;64,14;384723,80150;5820965,15200;-
DEBE3DzuAVvA5T4I;158,72;18,51;384456,88400;5820113,63150;-
DEBE3DUG1tyCGpNt;1168,06;53,99;384600,79200;5820785,52000;-
DEBE3DWqzLi7vFSc;1224,68;52,07;384739,10050;5820482,82600;-
DEBE3DSsstcP0GPj;1637,43;64,64;384743,02000;5820744,62100;-
DEBE3DMEDsTiQAkA;4078,97;324,90;384773,76750;5820725,39700;-
UUID_708caf4c-fd35-46fd-8b00-afb080094ada;1139,87;50,03;384802,28600;5820158,45250;-
DEBE3DwdEInjN4Yg;5457,55;250,88;384868,86850;5820917,69850;-
DEBE3DB8IoJWUfmx;3256,65;191,37;384742,98250;5820177,04100;-
DEBE04YY500002Ap_04;1102,47;48,10;384927,92250;5820904,99650;-
DEBE3DtJTXk1wwWi;2310,85;98,35;384852,61800;5820773,87750;-
DEBE3DEtGQA3dvKA;510,17;26,16;384597,56500;5820033,31800;-
DEBE3DZXcl3k7dP6;5675,02;239,14;384791,67650;5820203,45950;-
DEBE3D04YY500003Mh;13754,65;645,56;384825,96500;5820282,42400;-
DEBE3D04YY50000NHL;164,73;66,05;384916,60650;5820170,59150;-
DEBE3DnB4LGRTGnC;1151,92;54,95;384538,32150;5820643,38400;-
DEBE3DYBRFLoKAKF;138,28;35,12;384475,98300;5820137,52000;-
DEBE3D04YY5000025z;4884,99;215,13;384855,44350;5820223,80100;-
DEBE3DVc5jx2fCWn;1727,36;78,53;384721,60850;5820809,65950;-
DEBE3Dmc3LxUGBnK;1110,70;46,27;384996,51150;5820983,11000;-
DEBE3DxKILilvSwV;990,72;102,58;384468,66450;5820128,72600;-
DEBE04YY500003I0_02;43,97;15,78;384545,48350;5820882,11000;-
DEBE3DHL10F9ioj8;3938,80;199,47;384547,78750;5820083,08000;-
DEBE3D04YY50000RJP;4964,91;220,32;384891,56250;5820209,52000;-
DEBE3DMNAq7FhtvK;885,40;90,12;384874,32700;5820115,06900;-
UUID_7af9a741-a1db-417e-95fe-375b4571c6f0;3264,98;133,28;384682,61900;5820126,56750;-
DEBE3Dzg7pf4aS48;2239,52;100,35;384687,73600;5820769,60050;-
DEBE3DpArYZtdIv3;1098,45;96,96;384578,95250;5820780,47950;-
DEBE3DowsI51EPL0;2,09;3,83;384743,89100;5820869,50850;-
DEBE3D04YY500003Ow;11443,00;551,34;384177,97000;5820018,81350;-
DEBE3DPhTMVGDklt;742,54;78,18;384499,23800;5820040,12450;-
DEBE3DCoVAtmHVAK;5391,87;237,03;384768,11050;5820537,04950;-
DEBE3DjySgPL02NK;6113,87;270,02;384840,99900;5820948,12950;-
DEBE04YY500009pj_09;69,00;5,21;384681,90750;5820980,29900;-
DEBE3D04YY500005qh;4518,76;208,15;384891,28850;5820249,64600;-
DEBE3D04YY500004Nu;4747,77;211,65;384838,21900;5820233,03300;-
DEBE3D04YY50000GZe;16785,69;759,88;384802,73100;5821000,43200;-
DEBE3DeODtAa5rZQ;767,81;180,58;384260,39700;5820068,96850;-
DEBE3Dj6S47m5025;2049,71;129,17;384799,05550;5820139,29700;-
DEBE3D04YY50000DPy;5193,88;387,09;384643,48500;5820295,87300;-
DEBE3DAE86kVAG0w;1666,69;74,59;384763,75050;5820648,61350;-
DEBE3DhoAaS4JoQf;971,55;46,74;384608,34400;5820897,50050;-
DEBE3DA8mEUqvYKy;1138,77;61,22;384735,88550;5820303,27100;-
DEBE3Dd9PyocdMd3;5032,83;237,29;384720,46050;5820671,69500;-
DEBE3D04YY50000EzX;5417,43;329,53;384722,37400;5820182,95600;-
DEBE04YY500003Aj_001;549,82;54,17;384488,50600;5820082,48300;-
DEBE3DAOZsPBF5wA;3663,90;234,67;384344,38500;5820056,28400;-
DEBE3DATKB100008V1;89,55;0,00;384320,63450;5820956,79850;-
DEBE3Dhm6lBKIcI3;1707,29;66,98;384588,58850;5820597,95450;-
DEBE3DU9nWpY0Zgm;7183,10;610,05;384900,10600;5820659,48350;-
DEBE04YY500008Rf_01;188,13;36,65;384810,95150;5820557,22250;-
DEBE3D04YY50000CRp;13452,02;591,93;384700,21050;5820359,01750;-
DEBE3Dptv4wdZgiZ;4777,89;211,97;384612,75600;5820103,07500;-
UUID_95cd3186-d787-4806-982c-8eed8d942507;572,09;60,21;384481,56000;5820016,62350;-
DEBE04YY500008Rf_02;876,51;53,97;384818,07200;5820551,88600;-
DEBE3DuIl93pLkcA;5525,38;246,66;384819,79300;5820328,09500;-
DEBE3Dvyu1js5Vqi;320,21;26,96;384508,37250;5820040,99750;-
UUID_a418c586-6590-42a6-8273-c5d860a4f59c;3917,47;174,65;384713,87550;5820249,97750;-
UUID_17c60d2e-b713-434b-8b92-7ba286ce841d;4437,54;206,51;384197,25150;5820138,50900;-
DEBE04YY500000nx_01;21543,69;1821,11;384513,44200;5820344,26150;-
DEBE3D04YY500004xw;1024,09;974,39;384868,92450;5820955,63000;-
DEBE04YY5000058C_01;108,33;5,88;384722,08450;5820562,24300;-
DEBE3DM5hkyyVeO0;2090,45;92,86;384764,60050;5820682,99450;-
UUID_8835b6e5-8beb-46e1-bd9f-ff2c3bffaefe;12851,37;593,92;384736,80600;5820579,13800;-
DEBE3DDu9Lc2LhQ5;4681,57;217,56;384742,88650;5820626,06000;-
DEBE04YY500009pj_08;128,20;8,75;384671,95650;5820982,92650;-
DEBE3DSJbCDuKS92;3989,34;233,41;384804,42350;5820771,88600;-
DEBE04YY50000GVa_01;64,38;7,05;384811,57350;5820198,52950;-
DEBE3DYIaldkPyOT;8691,94;385,13;384919,20350;5820719,66700;-
DEBE04YY500009pj_07;124,75;8,64;384657,82500;5820986,53100;-
DEBE04YY50000GVa_02;496,03;60,04;384809,90350;5820203,15550;-
DEBE04YY500009pj_06;147,91;10,26;384636,04750;5820991,76700;-
DEBE04YY500003Pf_001;7113,83;385,12;384861,61150;5820979,26600;-
DEBE3DBwHRGuXtqu;1112,44;42,65;384969,85850;5820258,27100;-
DEBE3DKdgL1GInP8;3827,11;208,97;384581,47750;5820578,48950;-
DEBE3DfCU51gZrpJ;4639,51;217,61;384757,59650;5820673,75000;-
UUID_533e6435-fe9d-44c3-a096-5ea2fb9025fc;5175,03;233,74;384621,30950;5820066,82250;-
DEBE3DKcoaJ20cQx;5692,58;241,48;384842,11600;5820762,47200;-
DEBE3DIpeGUz9YBN;2513,41;109,74;384810,47650;5820209,95750;-
DEBE04YY50000PO8_01;477,82;55,87;384982,61350;5820789,47100;-
DEBE04YY50000DEj_01;68,77;16,87;384793,20450;5820810,87400;-
DEBE3DdWCtTuHf6R;8788,84;369,76;384531,99000;5820896,30600;-
DEBE3D04AL5e90001L;181,11;43,63;384572,84400;5820066,27250;-
DEBE3DLJ9UWBhUTW;392,76;31,65;384282,80850;5820035,43850;-
DEBE04YY500009pj_05;146,02;10,23;384622,41700;5820995,27300;-
DEBE04YY500009pj_04;127,21;8,69;384614,26250;5820991,17150;-
DEBE3DclZhA2suwd;746,99;26,42;384930,23850;5820962,85050;-
DEBE04YY500003s0_001;5086,60;291,47;384289,81600;5820143,03700;-
DEBE3DRxc2xQuyw5;2287,14;139,71;384221,01300;5820053,08250;-
DEBE04YY500009pj_03;122,99;8,45;384611,09900;5820979,60300;-
DEBE3DvU5kJV5LQy;8571,70;306,90;384648,09100;5820328,98550;-
DEBE3DVoM0JlVAwb;5475,74;229,99;384562,03100;5820654,66850;-
DEBE3DwvL9FhiDuS;867,40;37,06;384807,35650;5820503,60900;-
DEBE04YY50002Xut_01;1189,90;56,30;384669,69050;5820587,12450;-
DEBE04YY50000COa_01;1609,83;77,81;384745,93300;5820810,02150;-
DEBE3D04YY500003nQ;1537,80;307,55;384512,78300;5820134,61300;-
DEBE04YY500009pj_02;212,12;8,61;384620,16250;5820970,35650;-
DEBE3D04YY500001wn;14031,99;595,93;384738,33000;5820359,85150;-
DEBE04YY500007Zn_02;1825,38;149,18;384510,73100;5820155,82750;-
DEBE04YY50002Xut_02;520,49;18,61;384687,64300;5820584,46750;-
DEBE3DDOWZ0fI0Pt;18499,61;771,74;384991,98750;5821001,43650;-
DEBE3D04YY500003Mn;3977,05;202,52;384645,24600;5820502,49100;-
DEBE04YY500009pj_01;64,11;4,54;384649,49600;5820988,29800;-
DEBE3Dl7LO0MLn4a;4301,21;281,48;384282,98350;5820047,28850;-
DEBE3DzG9lVKFAMl;1078,44;46,79;384672,77350;5820673,96800;-
DEBE3Db821GCT4kf;1247,38;52,46;384760,99900;5820924,75350;-
DEBE3DLE2xbyvnzo;1360,62;63,10;384608,59600;5820524,32050;-
DEBE3Dx71Pb6YR5g;4624,10;222,04;384564,32400;5820077,31850;-
DEBE3D04YY500007nt;46,28;15,41;384466,38200;5820990,09950;-
UUID_6dd0060b-3d1b-4d01-9420-171f1c081d7e;3024,29;154,49;384808,39850;5820547,67550;-
DEBE3Djr3nFR1Ou0;3774,07;166,37;384010,61400;5820182,03750;-
DEBE3DWXoQawVjpR;1195,54;96,96;384718,63650;5820746,62600;-
DEBE3D04YY500005l3;138,46;40,14;384815,97400;5820857,57350;-
DEBE3D04YY50000CFB;131,11;46,82;384320,94600;5820009,16800;-
DEBE3DPBlj2dvJW5;2316,68;104,65;384765,53900;5820035,64450;-
DEBE3DPFyMl5H91q;5066,36;248,87;384719,03200;5820949,82300;-
DEBE3D04YY500006sZ;2144,18;160,46;384477,16450;5820080,55100;-
DEBE3DiONMAy6mDQ;4843,28;249,14;384929,98300;5820149,88250;-
DEBE04YY5000010A_001;1478,46;131,67;384239,05650;5820236,67950;-
DEBE3DBR3e1ZxtP5;522,46;53,60;384019,91800;5820167,21800;-
DEBE3D04YY5000039j;14136,80;613,48;384765,99850;5820244,64950;-
DEBE3DHzWaTGMmXw;1271,38;49,46;384569,11500;5820577,76350;-
DEBE3DrlHyG1YJvK;3028,62;137,14;384676,20750;5820052,93350;-
UUID_0a6b3e41-b95d-4548-9bf5-2e94a0feb33a;3282,22;201,96;384798,71200;5820809,16500;-
DEBE3DgjTA8VoRq4;2446,85;107,77;384860,97800;5820348,73050;-
DEBE3D04YY50000LDg;139,70;58,48;384698,22050;5820596,12550;-
DEBE3DQTIk6iZIsX;336,67;34,77;384012,36450;5820166,06200;-
DEBE3D04YY500005tB;87,05;31,58;384834,44500;5820571,77650;-
DEBE3DpjoEOHkcT5;4552,15;214,56;384598,42350;5820061,68600;-
DEBE3Du0csIsSz22;10037,19;400,29;384941,66650;5820729,00300;-
DEBE3DjFBbrcXAdy;646,59;28,70;384782,30450;5820488,37250;-
DEBE3Da3lUHXmTFe;1804,94;113,97;384613,82400;5820510,55600;-
DEBE3DFmSmweQtSZ;99,31;106,91;384623,07250;5820507,25000;-
DEBE04YY50000I3K_04;73,65;23,91;384268,43300;5820082,25450;-
DEBE04YY50000RgT_01;853,04;71,51;384614,01600;5820909,28600;-
DEBE04YY50000I3K_03;73,94;24,38;384297,85900;5820084,43550;-
DEBE3DvPdvtWag0a;6831,13;363,33;384705,52300;5820763,95450;-
DEBE3D04YY50000A3p;343,16;84,57;384993,09900;5820960,82350;-
DEBE3DwiXz1mlSoh;18,02;164,65;384952,70100;5820244,98800;-
DEBE3Du7OI1ahAKe;5431,24;682,63;384475,80000;5820152,96450;-
DEBE3DwXnFXWNHZp;687,08;229,03;384831,13500;5820791,04500;-
DEBE3DgWGe6XELA7;4398,72;204,81;384666,63000;5820687,80250;-
DEBE3DATKB100008V7;92,37;0,00;384008,59350;5820818,37200;-
DEBE3DUqAcUPNbXp;2463,97;95,40;384607,46700;5820567,07700;-
UUID_4408b385-b44c-4c3e-9a38-0593026a62e9;5118,64;234,62;384735,71500;5820919,71450;-
UUID_010220e9-009e-46e7-85d9-b2fe34f4f60c;9321,27;586,55;384429,05550;5820149,55750;-
DEBE3D04YY50002bng;287,79;88,88;384554,40850;5820878,07500;-
DEBE3DkktJxoZ1Vn;513,49;40,25;384930,92400;5820084,50500;-
DEBE3D04YY50000A3t;147,01;59,12;384785,37600;5820931,59300;-
DEBE3DJdZEORSFDD;5758,30;284,23;384602,93600;5820042,94500;-
DEBE3DLyOM25ntfS;4677,97;211,83;384831,25750;5820688,19600;-
DEBE3DcFbHTFSVDK;5158,75;223,78;384640,42950;5820695,25000;-
DEBE3D04YY50000IT5;1861,99;137,35;384932,78150;5820112,27850;-
DEBE3D04YY50000Ibr;4186,95;203,73;384903,79050;5820142,49550;-
DEBE3D04YY50000GIG;20139,94;766,60;384663,15900;5820130,09500;-
DEBE3DQSHg6E1qUt;1089,13;51,79;384815,81250;5820709,82100;-
DEBE3DlFMHwfDooR;4783,27;205,78;384749,38500;5820299,02000;-
DEBE3DsdLP5vIjFM;5535,20;395,84;384900,67400;5821004,29850;-
DEBE3D04YY50000PTk;8452,86;367,07;384520,67900;5820647,22300;-
UUID_d5dc0121-1b26-4b04-ac56-86cb761c4911;5471,67;251,67;384565,76000;5820925,57750;-
DEBE3D04YY50000Czk;3966,76;182,87;384882,67550;5820838,71700;-
DEBE04YY500006iV_03;150,30;6,75;384755,41850;5820689,77750;-
DEBE3DRNR2zNZEfV;2397,25;104,61;384962,59950;5820237,18250;-
DEBE3D04YY500002ZF;3368,92;190,99;384898,87200;5820821,18000;-
DEBE04YY500006iV_04;63,53;3,92;384755,96300;5820692,86800;-
DEBE04YY50000Oju_01;125,80;20,24;384860,19700;5820798,78100;-
UUID_55de4721-2495-4234-aae8-a9a676af2475;92,99;4,69;384840,68850;5820970,50200;-
DEBE3De4JtEeQJOf;695,75;59,86;384905,54850;5820930,33750;-
DEBE3D04YY50002d4o;102,50;5,61;384904,89250;5820085,30800;-
DEBE3DALu4xHBPYt;596,34;36,45;384762,69150;5820298,92400;-
UUID_117165f2-a220-4b12-811b-555c5baf92bf;4736,59;197,26;384933,47400;5820944,08800;-
DEBE04YY50000CB1_03;838,71;36,51;384763,58700;5820078,00200;-
DEBE04YY50000LnT_02;1832,39;83,84;384914,47950;5820178,07750;-
DEBE3D04YY50000Gtj;13735,20;624,62;384899,48450;5820951,36550;-
DEBE04YY50000EAO_01;11,46;3,81;384928,67200;5820953,18450;-
DEBE04YY500006iV_05;219,30;10,82;384768,79100;5820692,07450;-
DEBE3DbZST0nVfnG;1363,89;74,42;384668,75700;5820344,12300;-
DEBE3DDDe7Oowz8d;1174,86;69,62;384545,82200;5820623,41350;-
DEBE3DRHL5b6gzva;4754,53;202,98;384660,97750;5820670,38850;-
DEBE3D04YY50000F4L;3354,19;169,19;385003,00850;5820120,35350;-
DEBE04YY50000CB1_02;82,46;30,20;384754,87850;5820076,68600;-
DEBE3DcvlC4JUA8a;3582,18;157,56;384706,30400;5820622,94650;-
DEBE3DD6UT09KaXK;5111,15;252,69;384676,46300;5820722,19900;-
DEBE3DBadcj2MLby;1494,67;84,56;384855,83300;5820951,68450;-
DEBE3DAdS9PClxZY;2038,62;101,33;384704,38400;5820853,99200;-
DEBE3DFN1Z0jjQAH;616,89;25,97;384921,55150;5820917,26300;-
DEBE04YY50000RgT_03;473,73;30,83;384609,50200;5820904,00300;-
DEBE04YY50000CB1_01;844,25;36,01;384769,38650;5820088,39300;-
DEBE3D04YY50000CpD;5994,81;264,51;384616,14500;5820084,81250;-
DEBE3D04YY50000CmK;881,56;285,01;384586,88800;5820079,95050;-
DEBE3D04YY50000AwI;4064,45;192,68;384822,28300;5820019,86850;-
DEBE3DhIkzgCB2g7;2586,61;117,67;384785,02550;5820506,43400;-
DEBE3DoMXZclqdRm;1838,78;89,03;384568,97650;5820116,01150;-
DEBE04YY500000uD_01;188,42;11,50;384770,62350;5820815,87450;-
DEBE3DuU6URj7yUz;5526,78;247,90;384526,65650;5820608,34300;-
DEBE3Dznv2pfgqrb;6995,90;309,33;384784,34600;5820742,04850;-
DEBE3DETHRI6cXai;1377,83;98,50;384218,60400;5820093,65750;-
DEBE3DnuplDev98k;3403,14;161,46;384551,75250;5820885,30750;-
DEBE3DiqkmI6RUjG;1559,11;72,92;384643,75850;5820872,75800;-
UUID_0918b144-3ac7-48f3-b63a-a65cd62ad6bb;5159,46;250,03;384562,25400;5820848,26650;-
DEBE3DQzsDrPBUdP;4781,37;217,33;384888,39100;5820787,44650;-
DEBE3DmidNY7gnLr;1403,68;72,68;384352,82900;5820034,49850;-
DEBE3DVKnPyISJjK;5615,48;248,59;384609,42400;5820140,14000;-
DEBE04YY500009MX_01;708,22;55,51;384572,30250;5820788,75000;-
DEBE3DTDYD8geu36;6212,95;294,68;384485,91650;5820030,54900;-
DEBE04YY50000Cxy_001;3663,12;191,84;384461,48050;5820017,54550;-
DEBE3DDRVFXIUl9Q;2427,55;108,84;384766,04300;5820510,28800;-
DEBE3DHcANJYmbOQ;608,66;28,61;384663,60250;5820738,77500;-
DEBE04YY50000Cxy_01;1006,82;62,47;384448,85000;5820021,20950;-
DEBE3DWYUq5mjplt;1147,52;137,79;384561,61350;5820867,42750;-
DEBE3DmZCMmK3OPu;2887,36;142,64;384713,60450;5820737,09850;-
DEBE3Dcl7oAdpvit;945,69;55,70;384787,89900;5820905,71500;-
DEBE3DRQPdODDs3n;1233,22;52,80;384886,76750;5820268,87150;-
DEBE3D04YY50000AJz;9779,31;470,57;384750,53550;5820226,71300;-
DEBE3DRcMM8PU7Xn;2152,78;84,41;384986,03900;5820272,45650;-
DEBE3D04YY500002Bm;2078,68;94,67;384537,71150;5820652,50450;-
DEBE3DnQQ3UYteZ3;6811,63;585,35;384259,55650;5820324,22700;-
DEBE3DD1gcgfNTmz;5531,74;245,81;384808,32100;5820718,89650;-
UUID_0abd0d9a-b7b5-4fc6-bb78-21f37d16a6c0;4695,65;276,82;384731,37800;5820053,70100;-
DEBE3DW1nw2utJj8;4784,80;231,34;384552,37600;5820904,22550;-
DEBE3DbXtj6PSQn3;1930,68;89,08;385031,21250;5820825,00550;-
DEBE3D04YY50002cg6;3,46;5,44;384339,67350;5820001,27800;-
DEBE3D04YY50000N5d;9904,98;499,02;384868,50550;5820329,95150;-
DEBE3D04YY50002blL;62,21;17,58;384969,10700;5820613,45400;-
DEBE3DY2GQYf6Wm4;622,61;27,58;384626,01300;5820788,72450;-
DEBE3DEbMLIQYFrf;952,88;38,91;384917,21200;5820905,22300;-
DEBE3DDL2caEk9xN;534,91;50,13;384587,19050;5820551,86500;-
DEBE3Dj0r4QcxVRt;1500,69;89,72;384302,18600;5820008,76950;-
DEBE3DrvzFm4nGvG;7285,77;377,84;384663,78750;5820888,06100;-
DEBE3Dgd2CgZl807;1102,22;43,81;384623,79250;5820516,75900;-
UUID_c29d43de-ce0c-403f-8620-080b929961fe;4884,94;250,93;384831,40300;5820902,06950;-
DEBE3D04YY500006ls;716,34;241,54;384861,00300;5820186,03750;-
DEBE3DTD7jidcGkb;708,16;232,08;384625,95950;5820563,98700;-
DEBE3D04YY50002bkm;93,92;5,95;384303,28600;5820016,62550;-
DEBE3DrOL3Uc7bsG;2296,48;108,15;384737,93400;5820864,11150;-
DEBE3DwjloU1nl2u;1915,37;112,02;384329,44400;5820114,58600;-
DEBE3DsI1bOFMN7B;1252,65;60,61;384775,61450;5820637,45050;-
DEBE3DPB35QTeDFC;2339,55;105,67;384864,45650;5820794,01650;-
DEBE3DsRAPvhy0xz;968,98;43,29;384573,15150;5820768,45100;-
DEBE3DBj4ZM9betO;2603,49;136,12;384890,00000;5820161,46550;-
DEBE04YY50000AQQ_001;4498,51;268,03;384171,13050;5820136,74950;-
DEBE3D04YY500009Fz;412,53;23,06;384788,77300;5820717,78450;-
DEBE3DoKRKKt3UMS;998,04;45,20;384567,41500;5820110,05600;-
DEBE3D04YY50002d5n;354,86;18,54;384879,29400;5820027,70300;-
DEBE04YY500005Ha_01;464,92;24,82;384938,26400;5820062,74100;-
DEBE04YY50000Gy6_01;146,65;8,73;384543,52500;5820071,52450;-
DEBE3DOKiqvoXtqN;5382,55;223,63;384629,81150;5820781,88200;-
DEBE3DP4j2hV4TAM;7214,04;341,28;384653,39350;5820859,97200;-
DEBE3DKRB2fuO4Sn;2096,93;90,65;384628,85100;5820536,53000;-
DEBE3Dkh6GP4GC1b;536,08;34,36;384348,86000;5820046,50700;-
DEBE04YY500006iV_06;73,26;3,27;384759,50100;5820698,25800;-
DEBE3DyvbLV7M5LD;5617,02;237,70;384748,51050;5820875,63450;-
DEBE3D04YY50002cUB;10,69;4,84;384908,26650;5820954,12300;-
DEBE3D04YY50002cJ1;2099,28;265,70;384031,50400;5820173,72050;-
DEBE3D04YY50000FFj;3338,89;200,96;384909,81850;5820116,88950;-
DEBE04YY50000AcP_01;2536,11;113,17;384781,45400;5820666,67000;-
DEBE04YY500006iV_01;103,68;4,65;384754,95600;5820685,88100;-
DEBE3DgmxjPjpa9J;12533,67;551,99;384775,26500;5820359,09950;-
DEBE3DkhK3Do28jq;330,02;41,87;384444,18300;5820150,48850;-
DEBE3DNmQuRRn8js;5098,91;242,07;384928,65000;5820928,12000;-
DEBE3DP5GPK5Yp5v;2836,50;138,10;384544,40900;5820610,51950;-
DEBE3D04YY500008gK;4847,96;230,52;384920,82400;5820325,70450;-
DEBE3DO5jAx4Imqv;880,27;53,26;384839,58550;5820137,23600;-
DEBE3DVLwZYj28GI;1220,89;71,36;384798,97900;5820920,16800;-
DEBE04YY50000I3K_02;774,46;133,92;384307,73750;5820074,00600;-
UUID_960903a0-f79a-4309-8787-874ffb6c6f09;5220,70;238,51;384645,95250;5820712,44700;-
DEBE04YY50000LnT_01;3027,31;137,94;384899,82750;5820179,19450;-
DEBE3DmiL6C8fHjS;5974,11;270,84;384240,69100;5820140,07100;-
DEBE3DATKB100007pv;2287,39;0,00;384664,48150;5820432,75300;-
DEBE3DsixEZHRX0J;1290,78;61,64;384756,90400;5820041,61200;-
DEBE04YY500004tf_01;445,67;91,09;384563,20050;5820154,87450;-
DEBE3Drh9ePvA1WA;570,41;56,30;384862,40800;5820755,09550;-
DEBE3DXUvnbZ5RmY;1098,95;52,30;384215,29250;5820126,78750;-
DEBE04YY500008L6_02;145,06;27,70;384882,18750;5820256,45550;-
DEBE3DIHn8l6iorD;1745,84;81,48;384854,76850;5820829,34600;-
DEBE3Dn562M1LdIK;517,77;43,64;384998,91950;5820706,95550;-
DEBE3DliF5VRThbY;2287,00;98,06;384685,40800;5820756,41450;-
DEBE3DXGtdqu7bMg;786,02;49,84;384351,82400;5820040,51550;-
DEBE04YY500006iV_02;50,99;2,23;384755,65450;5820683,89700;-
DEBE3DMwT641c1zW;2073,77;102,69;384697,80900;5820826,17350;-
DEBE3DeWK5ihzdyJ;2152,67;131,94;384211,83800;5820056,56200;-
DEBE3DuzXkY0MS99;216,78;85,43;384967,72100;5820285,77750;-
DEBE3DoLH2ImEbFi;5470,50;230,85;384710,18550;5820636,90100;-
DEBE04YY50000E3N_01;125,04;18,57;384424,87550;5820032,44250;-
DEBE04YY500005mD_01;133,36;21,60;384655,96850;5820642,10550;-
DEBE3DRG5N9vlOQ6;2757,25;135,76;384878,59200;5820814,66000;-
DEBE04YY500008L6_01;587,48;25,13;384884,32800;5820261,76150;-
DEBE04YY50000PV0_02;1322,71;59,75;384743,58850;5820099,20850;-
DEBE3DONs1v9Uvtw;1961,61;94,25;384594,22300;5820549,22100;-
DEBE3DFGPLCWug2r;2869,75;139,30;384607,02100;5820774,78150;-
DEBE3D04YY50000D1X;5919,93;254,49;384884,94550;5820973,74900;-
DEBE04YY500007B5_01;1826,09;92,83;384566,45600;5820909,35450;-
UUID_9683da29-343a-409e-b600-7dcd4dc943d4;16909,32;675,13;384744,46450;5820082,98500;-
DEBE3Dt2kVS3T2fm;3565,36;217,01;384731,54350;5820706,22300;-
DEBE04YY50000E3N_03;3548,39;268,80;384433,35650;5820032,76000;-
DEBE04YY50000PV0_01;181,27;8,25;384753,48500;5820080,68200;-
DEBE04YY500006zT_04;5574,20;373,21;384984,22700;5820720,82950;-
DEBE04YY50000E3N_02;38,25;3,15;384445,72000;5820034,97250;-
DEBE3DlEJbzKUF6Y;2622,66;138,25;384444,47850;5820077,18650;-
DEBE3D04YY50002bxx;11,82;3,47;384874,07100;5820149,46200;-
DEBE3Dzyjj4X2Hpv;4492,97;210,98;384920,78200;5820965,05900;-
DEBE3D04YY50000DCT;63,39;23,83;384750,36600;5820859,80650;-
UUID_95341d6f-1101-4234-9bea-01118a09f591;2810,73;172,42;384771,06650;5820835,24450;-
DEBE04YY50000Kfl_01;474,68;94,33;384787,74850;5820785,64900;-
DEBE3D04YY50000OVk;3043,08;200,47;384962,84800;5820100,89750;-
DEBE3DATZQvCLgzt;5323,32;420,56;384564,06450;5820145,19400;-
DEBE3D04YY50000Kt1;4,37;20,77;384857,38700;5820904,37700;-
DEBE3DuQ7zszk8nr;4750,10;209,17;384937,15900;5820320,38650;-
DEBE3DIDGgiyuj4s;273,72;59,11;384020,40050;5820173,84700;-
UUID_7a4082e2-89cc-43b9-a26f-8f2e4e3e4afa;12953,70;598,00;384749,97250;5820794,81650;-
DEBE3DBOQXPcOgKq;2666,46;110,40;384803,28500;5820230,62900;-
DEBE3DKAgg4J5X5K;962,12;52,39;384467,60200;5820066,63900;-
UUID_2b7d44f4-756e-4beb-bd2a-50233f7da294;7255,55;347,34;384339,85050;5820092,58250;-
DEBE3D04YY500002nR;4520,87;265,87;384855,45850;5820138,41500;-
DEBE3DvhYsSFu6oN;5591,16;250,41;384818,71550;5820309,15200;-
DEBE04YY500007Us_01;83,89;21,11;384901,23750;5820870,96750;-
DEBE3DnEwQ6oLyAQ;4466,46;213,97;384755,29350;5820206,65950;-
DEBE3DILqw8Vt9SY;5003,90;195,73;384726,84450;5820758,02900;-
UUID_0a73e060-2bbd-4774-89d8-6bf8e9d03476;7954,48;486,39;384322,65700;5820026,78400;-
DEBE3DRiSYuAh9T0;1768,59;79,01;384721,83600;5820230,77750;-
DEBE3Ddm6PnKKrQ4;2496,45;122,18;384978,33600;5820039,99250;-
DEBE04YY50000PV4_01;4124,70;199,08;384842,93150;5820890,36550;-
UUID_4c96d9f6-72ce-4c0d-9aaf-2381605605ad;2869,79;175,25;384765,56250;5820817,22950;-
DEBE3DmCZ87ULbsr;556,48;86,58;385051,25900;5820623,50250;-
DEBE3DoeK33UEkRp;4387,60;208,00;384700,11350;5820696,73150;-
DEBE3D04YY500003BD;4967,75;211,74;384786,85600;5820334,53200;-
UUID_9032bd0e-568a-4878-b9c5-1ecd0f57735d;3446,66;178,50;384749,99650;5820191,38050;-
DEBE3DYOkdWcy12v;1076,37;53,96;384747,51500;5820216,04000;-
DEBE3DbCXjssNtUZ;1786,09;181,86;384467,85150;5820139,00650;-
DEBE3Dm46cplXNa5;5961,52;255,77;384614,59250;5820730,46550;-
DEBE04YY50000NMB_04;41,25;2,41;384597,11950;5820924,79350;-
DEBE3DFWGsRSnEsn;5375,71;227,01;384635,85250;5820033,83250;-
DEBE3DjI1KIH4iDJ;4448,27;212,92;384879,84950;5820020,50900;-
DEBE3Dn1Yw1s5r3Q;4083,67;228,66;384461,19700;5820078,01550;-
DEBE04YY50000CRa_02;2240,57;139,65;384805,93650;5820174,27600;-
DEBE3D04YY50000JNM;6530,75;283,59;384606,66100;5820714,06200;-
DEBE3DK56s0w830s;4851,70;219,90;384769,31850;5820612,94350;-
DEBE04YY50000NMB_03;85,84;4,27;384596,96150;5820913,59050;-
UUID_04141b0e-e630-4ddd-b67a-34a6e4538b10;5472,86;224,58;384615,49350;5820579,52950;-
DEBE3DWnGVvjvRsf;1788,90;76,01;384808,37550;5820493,75150;-
DEBE3DGEeLhTY6RY;815,94;35,09;384687,42550;5820037,68950;-
DEBE3D04YY500002Cb;14435,84;757,51;384804,30600;5820674,79450;-
DEBE3D04YY50000NUq;362,43;87,99;384854,52700;5820114,22250;-
DEBE3DgWbKwAAnnT;3352,53;174,19;384654,29650;5820902,91400;-
DEBE3DLYaWEfYUdc;125,98;9,80;384671,40000;5820119,80100;-
DEBE3DcB7KfauXjd;3495,12;131,53;384740,56900;5820737,29300;-
DEBE3DZoNcGF3WRD;6029,85;275,20;384221,13650;5820138,58550;-
DEBE3DqaVL9pHtT4;2819,02;125,23;384906,47650;5820205,80850;-
DEBE3DMkvNcrU2NY;1456,20;107,48;384882,80550;5820653,25000;-
UUID_fc2e7ae6-e49b-4b56-b3e4-2e93f76db3b6;2357,02;107,53;384538,51250;5820875,39600;-
DEBE3D04YY50002cVL;54,87;3,49;384903,56600;5820875,42100;-
DEBE3Dk4lZHfGjCG;911,08;43,62;384668,37100;5820731,72600;-
DEBE3DLEglplveWj;864,59;36,16;384926,89900;5820915,76700;-
DEBE3DtpwCigPG0v;4726,06;232,19;384713,85400;5820825,70950;-
DEBE3DjflaUO63Ph;181,97;26,20;384845,47100;5820013,59350;-
DEBE3DKKINQX9m54;2212,63;100,28;384706,00000;5820860,18050;-
DEBE3DafdktDKph8;1509,41;55,72;384990,83150;5820265,86000;-
DEBE3DCP1lmS2Iux;4007,35;168,43;384922,21900;5820903,61800;-
DEBE3D04YY500005Jv;2727,52;191,65;384965,23350;5820080,40250;-
DEBE3DQpevmnYbyH;631,25;28,99;384606,22100;5820534,85950;-
DEBE04YY500002HX_01;261,72;53,71;384732,92850;5820932,10900;-
DEBE3Di8Tgf9Q0Nf;2507,80;118,02;384855,47800;5820789,44300;-
DEBE3D04YY50002bxT;9,79;2,50;384997,83950;5820981,17100;-
DEBE3DsVUlzxNPMh;1462,13;145,49;384782,97200;5820299,52900;-
DEBE04YY5000068O_03;599,08;26,65;384879,87200;5820328,72550;-
DEBE3DrhXYGT007j;1314,10;61,37;384785,21500;5820538,10700;-
DEBE3D04YY50000OZp;6451,80;328,47;384848,57400;5820037,36800;-
DEBE3DNhzpeI1UVS;1973,82;90,26;384805,71500;5820520,58500;-
DEBE3DXAU7w58aAa;700,12;40,84;384756,32750;5820508,60750;-
DEBE04YY500009nb_01;237,60;14,53;384233,10250;5820129,89300;-
DEBE3DJAX2s7Rjw9;1374,84;64,84;384747,05750;5820242,90650;-
DEBE3DBk9h1Favch;5047,14;218,00;384660,36650;5820595,69900;-
DEBE3DuNPJYE8WDe;1249,75;75,89;384714,56950;5820699,50350;-
DEBE04YY50000C20_01;173,82;32,48;384266,30050;5820133,91000;-
DEBE04YY50000KBl_01;1507,95;71,34;384615,72450;5820530,03800;-
DEBE3DxEgYvnXH7B;2522,80;207,23;384561,21300;5820608,89200;-
DEBE3DJqsVL3gUXJ;9664,85;356,28;384996,96450;5820251,43700;-
DEBE3DNVxSIQeY4E;5204,87;230,27;384725,92750;5820688,98850;-
DEBE3D04YY50002btm;67,03;15,79;384445,48450;5820113,27750;-
DEBE04YY500009QV_01;141,64;10,12;384105,68800;5820729,11900;-
DEBE3DATKB100008Uy;48,23;0,00;384241,58150;5820749,38000;-
DEBE3DeVro4Xquwj;5842,60;262,23;384637,19750;5820905,42250;-
DEBE3DzIUyPy0GF5;717,01;30,29;384608,93900;5820739,42450;-
DEBE3DYd6c42guGm;866,39;37,12;384993,00700;5820272,05500;-
DEBE3DejoC5naCij;1526,07;98,55;384929,57250;5820728,46250;-
DEBE3DQwl9Tso7Rh;1934,41;357,76;384694,71950;5820114,87850;-
DEBE3D04YY50000BpD;31,59;14,94;384857,25000;5820333,24700;-
UUID_5cdedce9-2461-4673-8588-f178672883ff;5496,92;244,72;384557,36500;5820767,88100;-
DEBE3D04YY50000Lx7;4374,88;205,69;384726,80000;5820033,70900;-
DEBE3D04YY50000ERg;5024,37;233,76;384593,28650;5820517,37050;-
DEBE3D04YY500003rP;4553,12;212,10;384842,94250;5820268,68250;-
DEBE04YY500005TE_02;2331,79;108,92;384606,86150;5820766,39000;-
DEBE3DqljAotc5Mc;1217,05;58,99;384690,78250;5820751,38500;-
DEBE3DWqMopv1b9x;1228,23;50,22;384022,23250;5820179,96450;-
DEBE3DpZoUfGEZuQ;5112,79;248,46;384739,89800;5820846,10400;-
DEBE3Ditf0K14vqg;1869,94;80,53;384578,50050;5820134,23100;-
DEBE3DBxKYFAjQqF;444,08;29,07;384685,60600;5820218,44150;-
DEBE3DSlz3JV8rPT;2036,16;80,80;384705,24450;5820669,45450;-
DEBE3D04YY50000Gdk;3554,19;201,13;385003,38500;5820149,30950;-
DEBE3D04YY50000KSa;100,78;18,36;384867,33000;5820933,18350;-
DEBE3DwYc8eqAvcp;7066,85;299,89;384639,19200;5820627,38100;-
DEBE3DnmXS7VXNqZ;3714,95;210,79;384592,42500;5820563,28100;-
DEBE3DKYsdhCgBSD;4518,40;209,00;384884,99600;5820281,16000;-
DEBE3DGJulWNGhGi;1403,99;67,29;384766,59950;5820641,65850;-
DEBE3DJUdOFmKt0A;608,77;26,61;384779,03250;5820649,32250;-
DEBE3DASB1tKO4Ix;1112,64;53,54;384547,90200;5820596,08000;-
DEBE04YY500004b8_01;156,88;13,70;384226,56750;5820041,84850;-
DEBE3D04YY500009La;3488,73;184,97;384909,76600;5820077,39250;-
DEBE3Dr7C1Pi9fpg;4657,30;194,89;385007,50800;5820832,81550;-
DEBE3DRiYnayaqR7;7774,42;354,74;384687,27100;5820848,43900;-
DEBE04YY500006zT_02;299,97;19,59;384998,93500;5820709,44900;-
DEBE04YY500006zT_01;292,15;13,61;384998,81600;5820734,80250;-
DEBE3DtayWufYy9k;1548,23;111,93;384969,51600;5820045,58500;-
DEBE3D04YY50000Qdy;4263,97;230,15;384991,43850;5820032,77100;-
DEBE3DvBU4ExvRym;644,29;26,85;384803,45850;5820517,18750;-
DEBE3DXzoNKD0xX9;1306,90;52,44;384770,44300;5820493,26000;-
DEBE3DIZj9gK4xQn;3938,15;333,35;384934,00700;5820996,45400;-
DEBE3DWuQs0yHo92;1265,47;60,48;384758,19450;5820050,80100;-
DEBE3DKcQPjKsz0L;4935,51;220,07;384584,01800;5820625,01950;-
DEBE3DNWr3gvtb22;653,03;28,61;384662,10300;5820733,55300;-
DEBE3D04YY50000PVY;3379,97;173,04;384970,42650;5820118,31700;-
DEBE3DVKnQmcFzHN;9996,70;969,08;384481,33150;5820108,75250;-
DEBE3D04YY500006k7;32,24;14,80;384856,29550;5820330,55500;-
DEBE3D04YY50000GQP;235,86;94,77;384681,58200;5820607,90300;-
DEBE04YY5000068O_02;409,20;21,97;384873,11350;5820309,81900;-
DEBE3DUGrcnDE7Qv;753,67;33,53;384692,21550;5820758,33850;-
DEBE3DcjEnxajUvM;2843,07;125,72;384762,68150;5820691,73600;-
DEBE04YY5000068O_01;363,60;18,97;384884,93800;5820305,59650;-
DEBE3DUDJn4qlInI;2713,62;142,70;384788,35550;5820050,61200;-
DEBE3DbfrhIhhSRP;575,78;81,39;385039,27500;5820589,19850;-
DEBE3D04YY50002baL;19,99;41,55;384512,43850;5820351,90450;-
DEBE3DfsjliLKMBY;2179,63;85,96;384749,57300;5820482,26200;-
DEBE04YY50000AJm_01;2123,14;97,25;384766,59600;5820503,08150;-
DEBE04YY500004b8_02;123,48;10,31;384235,17100;5820037,11650;-
DEBE3D04YY500008YZ;110148,26;5265,97;384547,15600;5821020,37500;-
DEBE3DrKmGsJEbVs;5166,89;229,84;384756,79000;5820523,41900;-
DEBE3D04YY50000Msk;4912,84;290,46;384775,79900;5820166,84950;-
DEBE3DAaR5QpU0ht;4148,31;208,47;384585,99300;5820755,55700;-
DEBE3D04YY50000HML;3529,19;199,68;384829,07750;5820854,80850;-
DEBE3D04YY500006na;2364,83;788,28;384641,61600;5820651,39700;-
UUID_a27bb101-c031-4921-b10c-f1224fea7079;2564,85;187,32;384110,32450;5820722,21950;-
DEBE3Dd8u6GCepjS;1372,90;58,29;384995,47050;5820243,97300;-
DEBE3DyVl7xB2j1Y;951,60;59,66;384740,56100;5820289,47400;-
UUID_00124d6b-aab1-4525-b88e-12754edff52f;23085,57;941,88;384025,55000;5820212,19000;-
DEBE3DDFpe90nfOO;5876,91;335,90;384676,32700;5820213,28550;-
DEBE04YY500003Pf_01;844,55;39,82;384849,18500;5820987,45300;-
DEBE04YY50000JzN_01;120,65;10,25;384204,72250;5820065,10950;-
DEBE3DytbwsejTS1;903,05;95,91;384469,61000;5820118,00650;-
DEBE3DMqvGQIM1AD;4991,27;215,69;384597,21600;5820835,92950;-
DEBE3Dh6N9HdP29x;2057,74;85,99;384599,68700;5820742,19900;-
DEBE3D04YY500009Qd;16276,51;759,66;384558,98050;5820808,43350;-
DEBE3Dj5PfHq90WQ;840,26;43,84;384342,88850;5820033,95400;-
DEBE3DQQu0q6haNP;1048,09;48,87;384831,34850;5820334,28850;-
DEBE3DATKBDR0000X9;68,44;0,00;384396,51900;5820982,67200;-
UUID_0697b4c5-ea2d-4bec-831b-f4a62fed7a7d;4747,81;199,56;384937,33300;5820959,13150;-
DEBE04YY50000NMB_05;51,50;2,36;384608,49500;5820921,63350;-
DEBE3DmugeaXR23P;1628,93;75,44;384825,37800;5820706,97800;-
DEBE3D04YY50000RdA;3331,52;206,46;384811,54050;5820845,05700;-
DEBE3DlSzfcG81fZ;7437,77;307,83;384671,21850;5820773,78350;-
DEBE3DhsMdFwXjO9;2975,76;172,58;384328,98400;5820069,39800;-
DEBE3DgvtNTRo83Q;949,26;41,45;384579,75050;5820116,88800;-
DEBE3DXRpfmvynmD;700,80;31,39;384628,51200;5820528,67800;-
DEBE04YY500009Fp_01;160,62;10,67;384202,62850;5820083,16850;-
DEBE3DbcZoa9AlFT;827,71;43,41;384540,20150;5820864,86700;-
DEBE3DGTKQwPZye2;1293,41;58,32;384711,56000;5820745,29100;-
DEBE3DKO8qZEE0Jg;5509,68;243,38;384691,93000;5820679,61150;-
DEBE3Dbzb72NgtSj;6965,70;314,07;384701,51950;5820071,89150;-
DEBE3D04YY50000Dkg;6544,34;279,08;384686,19750;5820294,58750;-
DEBE3Ddr5ARrEibR;605,63;31,65;384436,24150;5820077,08400;-
DEBE04YY50000OFp_01;229,60;12,40;384900,42700;5820085,48950;-
DEBE04YY5000016D_02;245,32;10,16;384706,03800;5820221,24650;-
DEBE3DQhY9ERt8s3;1316,31;70,04;384611,18500;5820032,53300;-
DEBE04YY50000OFp_02;1786,02;108,24;384888,28650;5820087,15800;-
DEBE3DOf94HBhWrg;4725,99;210,98;384958,34600;5820224,44500;-
DEBE3DreIS3XAmQ0;2790,99;117,25;385029,72300;5820837,88050;-
DEBE04YY50000NMB_02;71,44;23,81;384608,46900;5820918,69800;-
DEBE3Dq1vkizkIea;3894,92;189,78;384965,71450;5820271,07700;-
DEBE3D04YY50002cb6;202,81;51,61;384984,28100;5820962,91300;-
DEBE3DN6E1S1VEj6;5405,78;227,50;384636,10450;5820549,47300;-
DEBE3D04YY50000PbF;1126,14;84,51;384578,22700;5820551,29800;-
UUID_2864d28e-4de4-42e9-98c1-91f256903f42;3747,75;217,84;384725,81300;5820256,41400;-
DEBE04YY50000OFp_03;634,75;48,77;384880,07350;5820091,21250;-
DEBE3DzpRs4iXdKz;1704,83;76,72;384772,83750;5820675,14350;-
DEBE04YY500002jr_01;62,21;16,88;384798,74650;5820829,05300;-
DEBE3DWFMlI0x145;1366,54;63,67;384544,01300;5820635,93300;-
DEBE3DufshENb5Yn;2518,10;116,03;384839,98500;5820326,95750;-
DEBE3Dh0fKWNIP8N;1139,37;95,60;384149,91000;5820316,20050;-
DEBE3DlSsqbjt0fw;2616,18;137,40;384844,60350;5820965,51750;-
DEBE3DtKH25qUiD4;2948,50;110,71;384574,54800;5820715,65150;-
DEBE3Dxuyp2M0nDI;90,81;116,01;384503,78950;5820023,07850;-
DEBE3DJKqcITGwqE;2060,92;86,75;384578,27850;5820104,19850;-
UUID_4eec615a-76fd-469b-9385-b50173082c94;4021,45;263,12;384865,32700;5820843,03850;-
DEBE3DAImYo8LWNh;990,75;44,55;384248,47050;5820129,73050;-
DEBE3DiUC8fPGUiz;51,77;6,13;384463,16700;5820116,42000;-
DEBE04YY50000NMB_01;60,34;2,63;384602,80500;5820923,21600;-
DEBE3DrhU64AvJ8T;688,12;29,12;384566,17900;5820792,79350;-
DEBE3DAc4hSjzknG;1328,92;60,97;384606,69750;5820070,45350;-
DEBE3DC7iqVwEru0;83,59;22,91;384672,21150;5820123,80100;-
DEBE3DpnBYcjfpwT;680,27;30,97;385031,99750;5820814,81500;-
DEBE04YY5000016D_01;2688,54;117,97;384712,70800;5820227,70300;-
DEBE3DZZBQxPkRW8;3231,45;151,21;384663,17700;5820620,91350;-
DEBE3DAYrLUZc05y;2289,10;119,75;384803,46350;5820165,63400;-
DEBE04YY50000FnV_01;141,00;34,12;384818,31500;5820211,58250;-
DEBE3DqUuCRVyZtZ;1517,90;81,95;385008,11350;5820025,14850;-
DEBE3DOkzrTWNG6u;1359,55;53,63;384794,83500;5820170,91500;-
DEBE3DUDdtefrf81;1987,68;87,86;384255,17100;5820128,99650;-
DEBE3D04YY50000BBT;965,89;152,08;384953,75750;5820832,62450;-
DEBE3D04YY50000K83;1710,58;85,02;384588,13800;5820099,25850;-
DEBE3DxjpIni8TDQ;2068,73;153,25;384675,41050;5820333,42000;-
DEBE04YY50000CRa_01;783,13;54,72;384793,93600;5820177,22550;-
DEBE3DAdj3yszjCV;3660,52;163,35;384656,96750;5820632,73500;-
DEBE3Dc9i12AitVE;9377,26;384,50;384796,37600;5820644,64850;-
DEBE3D04YY50000Gpp;3655,48;180,55;384729,11500;5820992,18650;-
DEBE3DZGp6bbedC6;2167,23;107,75;384774,17000;5820027,26900;-
UUID_3c5ba5dd-228f-4226-a522-e6c7574ef2df;59074,54;2932,94;384647,26250;5820971,32400;-
DEBE3Dr4oL9W2VY6;751,45;33,08;384713,84750;5820752,06800;-
DEBE3Dde9aPnuN7Y;2153,47;99,34;384763,56800;5820315,56600;-
DEBE3Dfq9IVfZNPU;516,30;30,56;384736,50450;5820169,80800;-
DEBE3DZUxUeLB1F6;2182,48;95,58;384775,02650;5820651,19350;-
DEBE3D04YY50002cAU;2459,66;179,26;384645,04700;5820273,53150;-
DEBE3DZwfjm4aBQF;5488,24;250,45;384537,71800;5820572,28600;-
DEBE3Dd6pq96v7vM;1944,03;84,71;384568,85050;5820622,25050;-
DEBE3DpYASjX4nVy;3706,16;173,01;384554,41600;5820579,11350;-
DEBE3D04YY500008pH;8213,83;413,31;384598,38700;5820690,88900;-
DEBE3DhHp6yrCMYR;6443,53;271,01;384564,55350;5820744,96500;-
DEBE3DBt8eN7WB3P;279,32;60,27;384777,85550;5820495,07400;-
DEBE3DuFj6nYcL43;2357,64;93,51;384611,06750;5820561,70700;-
DEBE3DCVj5EFf3bW;670,02;34,17;384957,94400;5820220,59650;-
DEBE3DjIomGnClkk;708,72;31,81;384802,86800;5820486,72650;-
DEBE3DrqmkUfTHzn;3410,08;223,99;384572,88750;5820639,89100;-
DEBE04YY50000HpD_01;597,63;31,95;384854,07550;5820354,40600;-
UUID_3637e33b-a543-4bf5-aba8-0e79f29656a1;1998,48;103,37;384897,40900;5820083,30400;-
DEBE3DrWTOo19z6V;1248,10;59,91;384540,11100;5820599,49650;-
DEBE3Db5AP35nyv7;758,47;34,85;384594,31000;5820847,10150;-
DEBE3DzI2eJAnq9g;613,75;25,64;384978,82550;5820257,17700;-
DEBE3DEUCJJqmxtO;1291,04;65,79;384622,40500;5820037,11850;-
DEBE3DbJqKipFeu1;1884,50;87,32;384655,65300;5820697,60900;-
DEBE3DIryUCukYaW;5102,23;263,18;384789,16350;5820034,22050;-
DEBE3DIkqruzMZto;4877,09;215,24;384646,92450;5820534,60300;-
DEBE3Dd3RcM0WBz9;1929,12;84,15;384616,72400;5820536,32400;-
DEBE3D04YY50000Rfo;4186,63;196,42;384557,25000;5820538,41750;-
DEBE3Dh84XjQPdCs;4320,36;231,51;384671,26850;5820705,20800;-
DEBE3D04AL5e30000K;64,71;26,55;384175,94500;5820048,97100;-
DEBE3DATKBDR0000Wt;64,86;0,00;384425,20900;5820662,75300;-
DEBE3DgyldXiZV2n;6048,92;255,90;384714,96550;5820654,64550;-
DEBE3DcpCo2ePk3E;404,90;81,53;384009,24800;5820172,23450;-
DEBE3DrXCSB2YJaD;1236,52;51,25;384737,92250;5820488,57400;-
DEBE3D04YY50000JQ4;3268,81;191,85;384858,36050;5820260,49400;-
DEBE3DyfahmMtd4y;715,33;31,72;384734,97700;5820939,71950;-
DEBE3DKBo9zUUeLS;5026,21;237,08;384651,52500;5820730,11300;-
DEBE3Dk6lzzYDDtv;5158,62;238,46;384779,62250;5820551,09100;-
DEBE3D04YY50000HtE;269,31;84,23;384864,28500;5820161,24650;-
DEBE3D04YY50000Itw;485,22;118,17;384900,46700;5820833,74050;-
DEBE3DmSZU42UEYH;773,97;34,33;384740,56600;5820219,06750;-
DEBE04YY500000pJ_01;851,96;132,81;384861,18000;5820621,91000;-
UUID_71de127f-2c87-4184-93ce-c95ac95cb396;24164,05;2381,87;384880,47900;5820590,34350;-
DEBE3DR1uiuTblVS;879,21;40,02;384852,21350;5820349,44500;-
DEBE3DT6a5GV8ETL;3921,56;215,06;384752,15550;5820915,57500;-
DEBE04YY500009QV_02;1319,63;139,51;384111,52250;5820705,60900;-
DEBE3DURyKfpr2CC;2233,28;97,31;384581,75450;5820772,62500;-
DEBE3Dd0RoFEyJRg;2930,25;125,95;384857,01400;5820921,26800;-
DEBE3DksLMqvFR56;4436,95;213,56;384747,73850;5820642,13050;-
DEBE3DG8vBRibRRo;682,17;30,07;384752,06750;5820488,02050;-
DEBE3DPJjgLC1e3j;4481,55;262,72;384792,36900;5820788,31400;-
DEBE3DfGM6z7hppl;9040,64;384,87;384265,33850;5820142,60950;-
UUID_89fd9c04-11a5-421f-9b1f-72356cb164c2;4885,95;214,88;384780,00500;5820625,91400;-
DEBE3DapVpnY8cd5;3986,53;162,69;384820,60350;5820343,98500;-
DEBE3DxwQ0k50GVY;1283,73;55,42;384820,76500;5820231,55500;-
DEBE3DDzl4WD7l9p;1377,61;62,12;384634,46650;5820533,34550;-
DEBE3DmTFkErMCeP;1089,28;183,12;384675,48900;5820809,07650;-
DEBE3DzrwD125CWl;5587,82;229,87;384551,05100;5820786,33150;-
DEBE3DX69Vnh7Yz9;975,81;40,50;384583,21650;5820720,49800;-
DEBE3DRaEhkA0yHq;787,33;33,40;384997,40850;5820268,60050;-
DEBE3DapdUHUhb0d;6865,82;318,91;384519,19350;5820033,36150;-
DEBE3D04YY500005BZ;5120,02;202,14;384428,49700;5820069,26000;-
DEBE04YY500005TE_01;1836,33;83,97;384599,81800;5820750,71600;-
DEBE3DkGsW0zceKh;1907,08;69,63;384979,11100;5820263,53000;-
DEBE3DzOg34ihEG3;2167,44;103,18;384784,61550;5820531,65950;-
DEBE3DKZPqgfd53F;1089,67;52,31;384549,26850;5820608,78350;-
DEBE3DFNZG9HMzQT;3876,73;198,79;384705,35350;5820714,13750;-
DEBE3D04YY50000Ebk;137,32;65,19;384948,76500;5820297,56650;-
UUID_11ce3bd0-0d86-411e-bd51-a05ca054945c;2387,45;187,56;384870,00500;5820099,90450;-
DEBE3DbVwWvtueP9;2262,18;97,79;384530,80200;5820639,21400;-
DEBE3DUlXEhFujTd;3265,21;151,64;384600,10300;5820889,92050;-
DEBE3D04AL5e30000G;5027,52;235,88;384165,22350;5820042,31550;-
DEBE3D04YY50002cbt;85,97;22,78;384482,22250;5820006,61850;-
DEBE3DD7LwkNGIZe;3506,58;265,31;384221,31400;5820321,09900;-
DEBE3Dd56DRtlHpZ;3258,33;138,28;384657,46500;5820341,92050;-
UUID_00412e29-d0ec-4336-a872-e2e114313a7d;6534,61;394,51;384913,47200;5820879,63600;-
DEBE3D04YY50000IJD;17993,19;801,94;384637,05400;5820833,50800;-
DEBE3DNvy8Mr4hpJ;1755,78;77,61;384776,16900;5820510,10500;-
DEBE3DZGmM0BwwZp;4820,37;292,84;384881,78750;5820142,54400;-
DEBE3DZkSuRynAkw;617,10;29,23;384166,59450;5820098,70750;-
DEBE3DrYInQ1Gmxl;3986,47;166,15;384604,72500;5820546,52150;-
DEBE3DiJFDbIbkLi;3046,79;226,98;384886,42850;5820638,85850;-
DEBE3Dhv0AZLUU7y;1443,20;63,95;384830,81100;5820301,74750;-
DEBE3DXfFEw4hzNs;4727,39;272,10;384343,93100;5820074,66050;-
DEBE3DNEUO1c0Wa8;1135,67;72,78;384813,58400;5820135,20050;-
DEBE3D04YY500004c9;93,05;48,39;384748,75150;5820497,29100;-
DEBE3D04YY50002auP;10118,33;7868,05;384998,99200;5820515,61000;-
DEBE3DTlAaLTvFfy;5307,60;232,98;384626,63350;5820050,67100;-
DEBE3DcFhlFn0MuM;298,99;113,99;384851,25100;5820008,55700;-
DEBE3DtqMMcXx2bd;1608,78;76,78;384690,55350;5820083,78350;-
DEBE3DNcZXukac9T;714,56;54,55;384868,25450;5820104,29200;-
UUID_74bee8bd-3586-4571-8d7e-9b26ee13d2f1;3406,57;232,95;384210,92400;5820071,65850;-
DEBE3DKqR9znNXd1;6175,82;254,80;384940,35800;5820225,50700;-
DEBE3Dvf1vrC7uPm;4728,70;190,62;384733,79100;5820495,64350;-
DEBE3D04YY50000Ei2;212,79;80,34;384763,15900;5820064,24300;-
DEBE3DKNIFfTomMG;5156,97;244,61;384721,66300;5820853,11700;-
DEBE3D04YY50000Fnx;218,49;68,24;384595,62550;5820106,72900;-
DEBE3DXBdjuAG9Gu;2246,40;103,76;384793,85750;5820663,86400;-
DEBE04YY50000JzN_02;97,58;15,48;384203,72800;5820075,44250;-
DEBE3D04YY500001fL;4785,93;251,07;384897,59950;5820012,22650;-
DEBE3DAyiXEsQWtk;4148,74;201,09;384157,07150;5820103,56200;-
DEBE3D04YY50002c8h;54,61;4,77;384519,25450;5820111,30550;-
DEBE3DD5OwPykb8X;1939,92;162,05;384822,20150;5820359,36700;-
DEBE3D04YY50000Dbq;44,39;15,73;384462,03450;5820009,07050;-
UUID_633a7d01-5462-4140-87ff-9c52bda4fe70;5517,26;244,59;384557,44200;5820101,82250;-
DEBE04YY50000PV4_02;2240,79;131,02;384826,15550;5820907,25300;-
DEBE3D04YY50000FEP;7939,28;373,53;385001,38750;5820814,10700;-
UUID_c9e6535e-ddc2-4c54-88bb-533dc388010d;3338,54;225,34;384233,64350;5820045,62400;-
DEBE3DOgQzlAY1Lv;1385,05;50,45;384623,02250;5820789,65350;-


