======================== Summary ========================

Excluded 6 buildings from processing (reason: Unknown ALKIS code: 2520)
Excluded 2 buildings from processing (reason: Unknown ALKIS code: 2600)
Excluded 2 buildings from processing (reason: Unknown ALKIS code: 2621)
Excluded 35 buildings from processing (reason: Unknown ALKIS code: 1610)
Excluded 192 buildings from processing (reason: Missing year of construction)
Excluded 8 buildings from processing (reason: Building seems to be too low and has 0 storey.)
Excluded 1 buildings from processing (reason: Unknown ALKIS code: 2083)
Excluded 1 buildings from processing (reason: Unknown ALKIS code: 9998)
Excluded 6 buildings from processing (reason: Unknown ALKIS code: 2460)
Excluded 1 buildings from processing (reason: Unknown ALKIS code: 2000)
Excluded 1 buildings from processing (reason: Unknown ALKIS code: 2010)
Excluded 12 buildings from processing (reason: Unknown ALKIS code: 2142)
Excluded 1 buildings from processing (reason: Unknown ALKIS code: 1000)
Excluded 2 buildings from processing (reason: Unknown ALKIS code: 2310)
Excluded 4 buildings from processing (reason: Unknown ALKIS code: 2200)
Excluded 4 buildings from processing (reason: Unknown ALKIS code: 2100)


================ Excluded buildings lists ===============

Excluded 6 buildings from processing (reason: Unknown ALKIS code: 2520)

# GML ID [-];Volume [m3];Footprint area [m2];X [m];Y [m];Original ID
DEBE3D04YY50000MFB;513,60;274,95;385500,32750;5820333,87600;-
DEBE3D04YY50000Op0;2505,41;218,00;385463,86950;5820503,14500;-
DEBE3D04YY5000077d;830,48;184,35;385445,10050;5820331,99000;-
DEBE3D04YY50000LrX;3455,56;432,19;385468,33550;5820453,97600;-
DEBE3D04YY50000HDy;351,62;33,03;385404,74600;5820561,33250;-
DEBE3D04YY500006cf;202,05;65,39;385302,46650;5820431,08950;-


Excluded 2 buildings from processing (reason: Unknown ALKIS code: 2600)

# GML ID [-];Volume [m3];Footprint area [m2];X [m];Y [m];Original ID
DEBE3D04YY50000NQI;300,11;21,81;385449,37550;5820978,44350;-
DEBE3D04YY500003m9;644,23;30,97;385451,03750;5820989,09700;-


Excluded 2 buildings from processing (reason: Unknown ALKIS code: 2621)

# GML ID [-];Volume [m3];Footprint area [m2];X [m];Y [m];Original ID
DEBE3D04YY50000ReH;2224,80;299,96;385489,48200;5820987,00250;-
DEBE3D04YY50000Qk1;57,36;18,41;385394,25800;5820618,30200;-


Excluded 35 buildings from processing (reason: Unknown ALKIS code: 1610)

# GML ID [-];Volume [m3];Footprint area [m2];X [m];Y [m];Original ID
DEBE3D04YY50002czx;50,58;12,41;385171,13150;5820979,59850;-
DEBE3D04YY50002coY;51,49;11,49;385673,41300;5820706,99850;-
DEBE3D04YY50002bwW;114,73;38,24;385158,67700;5820665,24750;-
DEBE3D00YY1RC00049;114,73;38,24;385158,67700;5820665,24750;-
DEBE3D04YY50002cnG;49,68;10,01;385199,30050;5820990,95850;-
DEBE3D04YY50002bkN;6,22;2,66;385415,27550;5820918,36550;-
DEBE3D04YY50002bqG;304,60;110,67;385391,41600;5820561,78100;-
DEBE3D04YY50002cRL;271,06;63,48;385516,75550;5820621,74000;-
DEBE3D00YY2ZI0002c;861,85;172,52;385531,92600;5820958,74600;-
DEBE3D04YY50002d0j;203,21;93,51;385486,23050;5820516,42600;-
DEBE3D00YY2ZI0002d;625,89;87,52;385551,81100;5820957,77750;-
DEBE3D00YY2ZI0002f;24,45;10,01;385461,60650;5820958,86350;-
DEBE3D00YY2ZI0002e;168,09;55,34;385421,69750;5820906,00600;-
DEBE3D04AL4tn00007;49,82;14,22;385206,86200;5820551,08300;-
DEBE3D04YY50002cOv;26,34;8,16;385139,79200;5820990,02100;-
DEBE3D04YY50002cHW;80,07;24,47;385126,44400;5820986,94050;-
DEBE3D04YY50002bXH;33,04;2,20;385108,43850;5820756,66150;-
DEBE3D00YY2l50001y;117,77;45,66;385192,49250;5820952,67600;-
DEBE3D04YY50002cQ8;11,20;4,33;385284,31350;5820701,31600;-
DEBE3D00YY2oD0000U;44,63;2,34;385605,78050;5820639,11100;-
DEBE3D00YY2oD0000i;44,73;2,31;385606,39650;5820649,62300;-
DEBE3D00YY2oD0000h;55,38;2,87;385607,51800;5820666,73900;-
DEBE3D04YY50002bw7;16,59;3,63;385167,46300;5820598,54850;-
DEBE3D04YY50002cK2;755,71;170,55;385636,95600;5820607,94050;-
DEBE3D04YY50002cH0;595,42;129,28;385189,65500;5820623,87550;-
DEBE3D04YY50002bXp;22,01;6,13;385393,16600;5820511,24600;-
DEBE3D04YY50002cx7;6,82;2,62;385383,13750;5820917,29550;-
DEBE3D04YY50002cBn;235,22;78,41;385539,34750;5820510,46750;-
DEBE3D04YY50002d0q;3747,46;414,48;385163,29100;5820394,31500;-
DEBE3D04AL4WP0000O;61,86;10,53;385113,25150;5820602,08450;-
DEBE3D04AL4WP0000P;134,24;20,68;385120,25950;5820601,65800;-
DEBE3D04YY50002cTc;51,98;20,43;385440,44200;5820560,86300;-
DEBE3D04YY50002d3m;30,77;5,75;385647,65950;5820581,59300;-
DEBE3D04YY50002cV9;12,86;4,19;385225,84600;5820805,13950;-
DEBE3D04YY50002cXq;33,43;10,19;385215,03050;5820391,20400;-


Excluded 192 buildings from processing (reason: Missing year of construction)

# GML ID [-];Volume [m3];Footprint area [m2];X [m];Y [m];Original ID
DEBE3D04YY5000043J;17498,63;777,58;385049,16200;5820114,69700;-
DEBE3D01YYK0002TKT;0,57;11,25;386000,64750;5820806,38750;-
DEBE3D04YY50000BOK;591,60;215,99;385146,47600;5820067,49150;-
DEBE3D04YY50000E3l;2832,77;141,07;385975,07400;5820052,03800;-
DEBE3D04YY50000B2S;45963,78;1963,26;386030,41600;5820607,28000;-
DEBE3D04YY50000EZ8;318,59;78,71;385033,66550;5820028,20700;-
DEBE3D04YY50002bYs;37,70;2,21;385517,39550;5820054,19500;-
DEBE3D04YY500004Ft;13342,64;596,11;385582,73050;5820146,56800;-
DEBE3D01YYK0002Tm8;2688,97;241,34;386008,32100;5820794,72150;-
DEBE3D04YY50000RSR;3046,29;189,72;385834,40650;5820128,41450;-
DEBE3D04YY50002bnC;17,84;5,76;385512,87700;5820160,80700;-
DEBE3D04YY50002bUv;395,93;59,00;385729,78350;5820433,43400;-
DEBE3D04YY50002bmc;30,20;11,04;385901,25800;5820259,12250;-
DEBE3D04YY50000Poz;21680,03;479,84;385756,30300;5820148,21000;-
DEBE3D04YY50000FfF;38,16;17,71;385966,64750;5820405,15200;-
DEBE3D04YY50002cm1;97,16;32,40;385420,67400;5820116,19450;-
DEBE3D04YY500008n8;1263,69;152,90;385859,79400;5820096,10700;-
DEBE3D04YY500002Dc;1713,69;348,79;385735,48150;5820367,48350;-
DEBE3D04YY50000OkC;1704,26;136,92;385456,66700;5820121,67300;-
DEBE3D04YY50000R3Z;4920,28;220,66;385621,07200;5820080,80450;-
DEBE3D00YY2bD000I4;3113,04;252,00;385135,92150;5820103,18450;-
DEBE3D04YY50002bni;33,78;13,44;385756,31500;5820137,21550;-
DEBE3D04YY50002clV;36,81;12,22;385300,85400;5820182,53650;-
DEBE3D04YY500007AU;61,83;18,24;385497,16950;5820757,65000;-
DEBE3D04YY50000L8F;202,22;56,94;385926,88900;5820137,44100;-
DEBE3D04YY500005yV;639,17;130,50;385044,58200;5820030,23250;-
DEBE3D04YY50000BAW;72,93;13,86;385725,87900;5820470,25150;-
DEBE3D04YY50000ITl;6291,59;255,87;385754,73100;5820288,45200;-
DEBE3D04YY50002bnZ;18,29;5,70;385574,34000;5820205,93950;-
DEBE3D04YY50000J6N;6315,13;255,87;385730,88200;5820271,80000;-
DEBE3D04YY50000DDl;194,71;74,52;385544,33200;5820084,52550;-
DEBE3D04YY50002c28;39,17;10,90;385088,40750;5820607,50650;-
DEBE3D01YYK0003Uh9;10,21;3,96;385880,72400;5820758,74500;-
DEBE3D01YYK0002QB0;23841,77;1002,30;385992,05500;5820710,82800;-
DEBE3D04YY50002ca3;239,46;10,43;385307,14350;5820208,96850;-
DEBE3D04YY50000900;28555,21;918,16;385910,26050;5820239,38350;-
DEBE3D04YY50000CHv;627,68;89,83;385664,85400;5820333,47700;-
DEBE3D01YYK0003VJ4;1278,40;179,32;385820,24550;5821007,69350;-
DEBE3D01YYK0003TiJ;400,04;147,91;385788,95750;5820982,98650;-
DEBE3D04YY50002d0S;28,53;10,77;385916,45650;5820246,44300;-
DEBE3D04YY500006ly;14896,78;670,03;385498,70950;5820825,23900;-
DEBE3D04YY50002d1d;117,59;33,89;385328,28050;5820076,52300;-
DEBE3D04YY50000CZN;1707,08;208,13;385432,14500;5820108,68950;-
DEBE3D04YY50000JTO;2562,36;129,96;385969,74850;5820062,02500;-
DEBE3D04YY50000LJ2;35,61;8,18;385157,47450;5820160,73050;-
DEBE3D04YY50000Duy;6569,22;277,88;385591,51650;5820106,42350;-
DEBE3D04YY50002bnV;123,78;6,38;385698,34000;5820027,22700;-
DEBE3D04YY5000068a;97,14;37,12;385140,67100;5820055,36800;-
DEBE3D01YYK0002KUr;939,47;201,85;385961,52750;5820683,32900;-
DEBE3D04YY50000C5n;3221,51;191,62;385533,24750;5820043,02450;-
DEBE3D04YY5000020Z;5448,42;306,10;385535,89750;5820149,62850;-
DEBE3D01YYK0002S3s;325,15;94,20;385886,44800;5820761,79950;-
DEBE3D01YYK0002S2v;5,09;40,08;385750,86950;5820513,61500;-
DEBE3D04YY50002cbB;663,77;153,28;385510,66200;5820808,25350;-
DEBE3D04YY500008cQ;3323,04;434,44;385666,19850;5820362,65350;-
DEBE3D04YY50000JwH;6304,17;255,88;385696,97150;5820277,87200;-
DEBE3D04YY50002d2P;47,36;13,44;385398,03200;5820077,97650;-
DEBE3D04YY50000AeE;867,50;114,35;385156,47650;5820121,14850;-
DEBE3D04YY50000KiA;47,76;17,44;385943,57700;5820006,65250;-
DEBE3D01YYK0002SFy;62,66;22,91;385810,62800;5820948,27250;-
DEBE3D04YY50000CA2;945,06;155,50;385821,56050;5820179,85400;-
DEBE3D04YY50000PRQ;200,67;39,98;385689,46900;5820459,64400;-
DEBE3D04YY500003gu;553,17;170,25;385161,02000;5820068,00300;-
DEBE3D04YY50002cyw;20,86;1,29;385573,41100;5820041,69100;-
DEBE3D04YY500003zG;3806,24;197,29;385606,53600;5820159,91800;-
DEBE3D04YY500005TY;287,07;125,87;385571,41750;5820119,78300;-
DEBE3D01YYK0003UOs;57,90;17,21;385748,45350;5820971,96100;-
DEBE3D04YY50002cZQ;17,90;6,09;385493,76650;5820163,46800;-
DEBE3D04YY50000Mcy;36,88;14,49;385057,06300;5820034,79250;-
DEBE3D01YYK0003V1U;44,53;6,06;385866,96950;5820796,25000;-
DEBE3D04YY50000652;2670,35;173,76;385849,72350;5820132,66750;-
DEBE3D04YY50002bxG;401,42;21,84;385014,76200;5820013,81200;-
DEBE3D00YY2jv000Al;25,06;8,38;385860,57150;5820836,96350;-
DEBE3D04YY50000L96;6916,05;329,09;385109,11650;5820095,77550;-
DEBE3D04YY50000M2U;2437,55;146,48;385964,23250;5820016,93000;-
DEBE3D04YY50000EeM;8705,12;422,66;385952,07400;5820075,03050;-
DEBE3D04YY50000H8v;6274,98;372,82;385053,11150;5820238,09950;-
DEBE3D04YY50002cHv;8,27;2,28;385486,22950;5820065,72150;-
DEBE3D04YY50002cGx;66,32;15,72;385066,78650;5820901,05750;-
DEBE3D01YYK0003VAv;238,56;51,60;385989,71450;5820725,54950;-
DEBE3D04YY50002bZv;70,25;19,57;385015,10000;5820076,13600;-
DEBE3D04YY500003Jg;334,33;101,31;385806,85450;5820171,60950;-
DEBE3D04YY50002blX;16,00;4,61;385395,59400;5820070,25350;-
DEBE3D04YY50000GC4;114,82;48,36;385824,70700;5820019,78850;-
DEBE3D04YY50000Ifx;2531,24;137,57;385017,70100;5820019,27900;-
DEBE3D04YY500001Cl;5768,44;272,63;385062,03400;5820089,21350;-
DEBE3D01YYK0003UUg;17,15;9,81;385867,02950;5820953,51500;-
DEBE3D04YY50002bnv;17,14;4,34;385397,38500;5820090,82600;-
DEBE3D04YY50000I2X;947,65;203,67;385515,39700;5820770,39600;-
DEBE3D04YY50000Goq;19,92;50,62;385525,35700;5820807,61650;-
DEBE3D04YY50002cK9;158,45;6,14;385330,25150;5820225,82700;-
DEBE3D01YYK0002MSF;1392,67;145,28;385826,57800;5820551,57450;-
DEBE3D01YYK0002PpJ;882,79;288,97;385832,68300;5820388,87450;-
DEBE3D04YY50000LjO;249,97;73,78;385972,86400;5820399,77300;-
DEBE3D04YY50002blQ;45,30;2,68;385501,11300;5820057,92050;-
DEBE3D01YYK0002KKp;317,43;104,19;385756,61150;5820965,22450;-
DEBE3D04YY50002c9Y;167,19;18,93;386006,28450;5820437,03500;-
DEBE3D04YY50002c6Q;572,77;123,50;385295,82700;5820092,96750;-
DEBE3D04YY50000LRf;100,01;38,98;385656,94150;5820133,92650;-
DEBE3D04YY50002biN;53,99;2,60;385598,40300;5820108,46450;-
DEBE3D04YY50000Jom;313,67;35,71;385843,15550;5820026,69000;-
DEBE3D04YY5000087b;472,23;72,47;385428,81450;5820092,31350;-
DEBE3D00YYOb000041;1592,97;175,20;385987,16400;5820948,61650;-
DEBE3DATKB100008S2;50,94;0,00;385545,79100;5820556,28550;-
DEBE3D04YY50002bUa;30,67;7,53;385463,18100;5820189,23150;-
DEBE3D04YY50002cUr;513,48;110,81;385312,60650;5820142,05800;-
DEBE3D04YY50002bvb;113,78;37,92;385959,04650;5820383,98750;-
DEBE3D04YY50002buU;77,91;4,61;385948,95900;5820084,40550;-
DEBE3D04YY500008O4;503,01;168,86;385509,34750;5820772,59300;-
DEBE3D04YY500003mm;191,33;68,83;385547,29900;5820118,07300;-
DEBE3DATKB100008U9;329,80;0,00;385574,28200;5820446,39400;-
DEBE3D04YY50002bwM;206,33;46,18;385933,54700;5820075,60750;-
DEBE3D01YYK0002MWe;18110,82;832,95;385848,39400;5820946,27600;-
DEBE3D01YYK0003UTX;130,72;51,67;385884,47000;5820951,74850;-
DEBE3D04YY500004Lo;45762,89;1962,30;385976,28000;5820503,24600;-
DEBE3D01YYK0003VX2;15,90;5,38;385960,46300;5820801,15800;-
DEBE3D04YY50002d6T;170,29;68,77;385804,37450;5820172,96100;-
DEBE3D04YY50002c57;0,51;5,86;385713,38250;5820473,22200;-
DEBE3D04YY50000J3f;6191,91;274,97;385233,65450;5820094,10850;-
DEBE3DATKB1000082h;1095,52;0,00;385640,42000;5820245,44150;-
DEBE3D04YY50000QkM;9437,70;440,43;385565,06600;5820770,46200;-
DEBE3D01YYK0002OL5;111215,29;8778,54;385995,19550;5820962,08900;-
DEBE3D04YY5000025I;2465,82;176,38;385148,34650;5820135,59850;-
DEBE3DATKB1000081V;2157,86;0,00;385079,91750;5820305,15950;-
DEBE3D04YY50002bVH;74,03;24,78;385404,36650;5820081,13100;-
DEBE3D04YY50002cqR;54,31;20,90;385319,11400;5820031,46600;-
DEBE3D04YY500009HT;17818,21;779,83;385649,73600;5820157,08450;-
DEBE3D01YYK0002V8N;0,14;4,04;385988,26400;5820796,73350;-
DEBE3D04YY50002d6I;77,85;20,90;385299,71300;5820034,42500;-
DEBE3D04YY50002ch6;22,45;4,54;385960,73150;5820074,64050;-
DEBE3D04YY50002czP;117,02;6,05;385693,79250;5820020,18150;-
DEBE3D04YY50002d5j;150,45;7,08;385496,67000;5820189,52800;-
DEBE3D04YY50002cVc;7,97;2,66;385140,40200;5820217,96050;-
DEBE3D04YY50000QqV;2824,27;140,58;385972,93550;5820038,82950;-
DEBE3D04YY500008i2;3875,15;217,63;385252,35400;5820209,80000;-
DEBE3D04YY5000098C;9591,98;425,20;385765,89550;5820036,40550;-
DEBE3D04YY50000FBd;4246,96;195,87;385632,09900;5820020,52600;-
DEBE3D01YYK0002TvB;30213,60;1318,12;385893,87200;5820932,49000;-
DEBE3D04YY500009yz;12308,05;561,11;385251,28150;5820107,08750;-
DEBE3D04YY50002cEl;89,72;24,42;385421,71850;5820084,03350;-
DEBE3D01YYK0002NEn;11714,04;581,23;385782,52000;5820814,61250;-
DEBE3D04YY50002bvH;26,58;6,36;385390,76150;5820114,98500;-
DEBE3D04YY500005A8;4788,24;227,30;385888,32500;5820082,10800;-
DEBE3D04YY500007x2;203,92;55,82;385857,16600;5820119,28150;-
DEBE3D01YYK0002Spu;30,58;11,29;385857,12300;5820803,83400;-
DEBE3D04YY50002cDp;20,02;5,48;385550,09150;5820214,51100;-
DEBE3D04YY50000Rko;2901,84;206,12;385633,96650;5820134,02600;-
DEBE3D04YY50000EqE;3520,59;220,48;385061,11000;5820210,79250;-
DEBE3D01YYK0002Pn5;1399,77;67,77;385842,38550;5820891,75600;-
DEBE3D04YY50000AX4;4176,94;218,15;385687,87550;5820024,64600;-
DEBE3D01YYK0003Uqw;66,41;9,96;385865,43100;5820789,87900;-
DEBE3D01YYK0003URQ;79,61;25,08;385811,92700;5820952,68250;-
DEBE3D04YY50000Qgb;89,68;40,12;385825,26350;5820163,44050;-
DEBE3D04AL44k0000K;6411,15;363,05;385573,16150;5820199,78250;-
DEBE3D04YY50000GeM;7371,35;433,47;385110,97050;5820060,43350;-
DEBE3D01YYK0003V3w;339,75;40,31;386001,31050;5820956,25350;-
DEBE3D04YY500007Bs;2912,65;186,04;385036,35400;5820256,06550;-
DEBE3DATKB1000086v;629,19;0,00;385713,72550;5820853,49900;-
DEBE3D04YY50002cwp;0,52;14,13;385680,10150;5820017,32700;-
DEBE3D04YY50000ODE;4980,20;242,48;385854,69000;5820013,83350;-
DEBE3D04YY50000PwY;233,30;70,95;385983,69900;5820390,89400;-
DEBE3D04YY500008w4;140,99;40,27;385398,40400;5820071,73100;-
DEBE3D04YY50002bah;30,31;11,23;385931,67850;5820233,75950;-
DEBE3D01YYK0002TdQ;33,56;11,79;385798,02250;5820797,54950;-
DEBE3DATKB100008Dk;1021,01;0,00;385960,93650;5820141,96100;-
DEBE3DATKB100008UM;303,16;0,00;385586,65150;5820469,88350;-
DEBE3D04YY50002bbK;78,98;17,25;385059,15200;5820901,61900;-
DEBE3D04YY50002bZ4;19,84;20,73;385672,07100;5820468,90250;-
DEBE3D04YY50000O4o;3979,53;160,63;385666,66400;5820280,71700;-
DEBE3DATKB100008VL;355,14;0,00;385474,74400;5820295,39400;-
DEBE3D04YY50002cCT;47,90;19,95;385413,08150;5820082,62550;-
DEBE3D04YY50000Fqq;1602,98;85,80;385873,93750;5820083,94500;-
DEBE3D04YY50000AW2;5964,17;365,68;385816,98350;5820118,57000;-
DEBE3D04YY50002bbi;209,26;75,47;385011,46400;5820059,43000;-
DEBE3D04YY50000Ixt;281,26;108,00;385129,13750;5820054,68350;-
DEBE3D04YY50002ceM;6,58;4,67;385390,37300;5820106,05350;-
DEBE3D01YYK0003VV6;71,62;24,06;385768,41650;5820961,44300;-
DEBE3D04YY50002cTy;21,40;5,54;385536,13500;5820155,75850;-
DEBE3D04YY50002cDK;198,79;15,12;385849,66650;5820138,54050;-
DEBE3D04YY500009gU;324,56;66,34;385459,16500;5820135,23500;-
DEBE3D04YY50002cRr;253,52;91,18;385025,32350;5820090,98000;-
DEBE3D04YY500002k7;13438,99;579,47;385612,75600;5820036,74200;-
DEBE3D04YY50000HuN;3543,01;224,31;385870,40400;5820135,11650;-
DEBE3D00YY2d0000s6;2654,45;244,63;385984,11900;5820910,15450;-
DEBE3D04YY500002k5;7970,96;427,46;385712,72150;5820151,53100;-
DEBE3D01YYK0003V51;377,85;76,02;385852,31550;5820958,74100;-
DEBE3D01YYK0002MHB;15244,69;697,03;385775,69050;5820926,45750;-
DEBE3D00YY2d0000s3;1032,63;72,27;385984,12100;5820910,15550;-
DEBE3D04YY50002cXn;69,05;35,26;385141,18300;5820157,99500;-
DEBE3D04YY50000Alf;673,50;46,06;385558,66700;5820106,83000;-
DEBE3D04YY5000061P;2843,09;623,60;385305,50700;5820048,49800;-
DEBE3D04YY50000Axj;9734,14;502,17;385240,24200;5820140,71300;-


Excluded 8 buildings from processing (reason: Building seems to be too low and has 0 storey.)

# GML ID [-];Volume [m3];Footprint area [m2];X [m];Y [m];Original ID
DEBE3D04YY50002cJF;2,28;63,54;385391,25750;5820932,97900;-
DEBE3D04YY50002cq9;40,70;88,27;385557,56450;5820476,48500;-
DEBE3D04YY500007Pe;115,38;807,07;385513,61500;5820427,40650;-
DEBE3D04YY50000KAM;100,46;444,74;385557,90000;5820459,99400;-
DEBE3D04YY500006sf;34,17;149,80;385550,86900;5820408,87600;-
DEBE3D04AL4WP0000Q;2,37;4,72;385150,09300;5820599,36450;-
DEBE3D04YY50000LMS;210,56;791,77;385510,55400;5820466,62750;-
DEBE3D04YY500006FD;40,38;141,49;385529,67150;5820357,83750;-


Excluded 1 buildings from processing (reason: Unknown ALKIS code: 2083)

# GML ID [-];Volume [m3];Footprint area [m2];X [m];Y [m];Original ID
DEBE3D04YY50000MzR;1654,68;370,15;385362,06400;5820927,36150;-


Excluded 1 buildings from processing (reason: Unknown ALKIS code: 9998)

# GML ID [-];Volume [m3];Footprint area [m2];X [m];Y [m];Original ID
DEBE3D04YY500002jO;2245,52;435,23;385324,11900;5820921,34650;-


Excluded 6 buildings from processing (reason: Unknown ALKIS code: 2460)

# GML ID [-];Volume [m3];Footprint area [m2];X [m];Y [m];Original ID
DEBE3D04YY500007Zv;1270,65;288,61;385339,78350;5820563,37900;-
DEBE3D04YY500001B1;38,47;26,82;385285,76150;5820679,47100;-
DEBE3D04YY50000AF7;361,88;130,64;385125,48200;5820805,65950;-
DEBE3D04YY50000E79;376,92;42,67;385250,36050;5820771,09450;-
DEBE3D04YY500006xH;498,05;116,92;385399,91050;5820812,91500;-
DEBE3D04YY500004Nw;124,80;43,35;385216,57900;5820773,10650;-


Excluded 1 buildings from processing (reason: Unknown ALKIS code: 2000)

# GML ID [-];Volume [m3];Footprint area [m2];X [m];Y [m];Original ID
DEBE3D04YY500001xw;310,16;111,11;385151,01700;5820321,48700;-


Excluded 1 buildings from processing (reason: Unknown ALKIS code: 2010)

# GML ID [-];Volume [m3];Footprint area [m2];X [m];Y [m];Original ID
DEBE3D04YY500003Ns;81,28;14,63;385598,48200;5820544,19450;-


Excluded 12 buildings from processing (reason: Unknown ALKIS code: 2142)

# GML ID [-];Volume [m3];Footprint area [m2];X [m];Y [m];Original ID
DEBE3D04YY500006Xo;3181,16;225,77;385263,05400;5820513,75750;-
DEBE3D04YY50000QQy;90,37;14,28;385344,01550;5820460,50600;-
DEBE3D04YY50000KH8;90,79;46,38;385161,46000;5820653,04200;-
DEBE3D04YY500007Xd;3056,21;264,17;385665,42750;5820664,18950;-
DEBE3D04YY50000OXX;60,23;25,66;385373,43100;5820514,52750;-
DEBE3D04YY50000B1M;4280,50;784,57;385349,34900;5820523,08950;-
DEBE3D04YY50000Gyq;24,84;22,37;385407,17550;5820461,97850;-
DEBE3D04YY50000Qsu;2299,66;177,83;385473,25950;5820405,31100;-
DEBE3D04YY500006eO;745,46;119,12;385631,07400;5820616,03300;-
DEBE3D04YY50000M9i;38,53;26,57;385415,59550;5820462,63050;-
DEBE3D04YY50000Hfk;1581,12;345,83;385641,10350;5820665,39450;-
DEBE3D04YY50000BJ8;2563,09;666,31;385494,29500;5820628,30600;-


Excluded 1 buildings from processing (reason: Unknown ALKIS code: 1000)

# GML ID [-];Volume [m3];Footprint area [m2];X [m];Y [m];Original ID
DEBE3D04YY50000OQA;742,13;99,86;385474,46100;5820600,07450;-


Excluded 2 buildings from processing (reason: Unknown ALKIS code: 2310)

# GML ID [-];Volume [m3];Footprint area [m2];X [m];Y [m];Original ID
DEBE3D04YY500009KN;4394,30;393,92;385695,40750;5820624,68400;-
DEBE3D04YY50000HQZ;976,42;111,63;385593,47450;5820878,30350;-


Excluded 4 buildings from processing (reason: Unknown ALKIS code: 2200)

# GML ID [-];Volume [m3];Footprint area [m2];X [m];Y [m];Original ID
DEBE3D04YY500008mc;76,57;9,33;385599,94900;5820478,78300;-
DEBE3D04YY50000L0M;424,00;143,10;385372,93000;5820562,02050;-
DEBE3D04YY50000F2F;128,21;32,11;385540,55000;5820498,70100;-
DEBE3D04YY50000IFv;7898,09;625,07;385391,59550;5820531,70500;-


Excluded 4 buildings from processing (reason: Unknown ALKIS code: 2100)

# GML ID [-];Volume [m3];Footprint area [m2];X [m];Y [m];Original ID
DEBE3D04YY50000Hcp;10620,20;1294,51;385451,51500;5820929,43350;-
DEBE3D04YY50000PxG;600,26;167,19;385632,29550;5820585,33000;-
DEBE3D04YY50000B2H;3518,92;255,17;385655,63100;5820700,07900;-
DEBE3D04YY50000RLu;61,94;11,93;385549,33700;5820640,23450;-


